{
  "stats": {
    "suites": 92,
    "tests": 229,
    "passes": 229,
    "pending": 0,
    "failures": 0,
    "start": "2019-09-08T09:52:58.211Z",
    "end": "2019-09-08T09:52:58.342Z",
    "duration": 131,
    "testsRegistered": 229,
    "passPercent": 100,
    "pendingPercent": 0,
    "other": 0,
    "hasOther": false,
    "skipped": 0,
    "hasSkipped": false
  },
  "results": [
    {
      "uuid": "433cd96e-8ebb-436e-bc10-cebe69df2dcf",
      "title": "",
      "fullFile": "",
      "file": "",
      "beforeHooks": [],
      "afterHooks": [],
      "tests": [],
      "suites": [
        {
          "uuid": "60bd6270-dcb3-4712-829b-9845a9a9935a",
          "title": "Primitive Types",
          "fullFile": "D:\\Work\\Development\\Language-Solutions\\Javascript\\JS_solutions\\src\\collection\\js-basics\\01_types\\01_primitive-types\\01_index_docs.js",
          "file": "\\src\\collection\\js-basics\\01_types\\01_primitive-types\\01_index_docs.js",
          "beforeHooks": [],
          "afterHooks": [],
          "tests": [
            {
              "title": "Given a primitive type, we have a set of expected behaviors for that type. Eg: Given number 42, it has expected behaviors such as we can do math on that. Given a string '42', we can expect it to get its individual chars and print to console.",
              "fullTitle": "Primitive Types Given a primitive type, we have a set of expected behaviors for that type. Eg: Given number 42, it has expected behaviors such as we can do math on that. Given a string '42', we can expect it to get its individual chars and print to console.",
              "timedOut": false,
              "duration": 0,
              "state": "passed",
              "speed": "fast",
              "pass": true,
              "fail": false,
              "pending": false,
              "context": null,
              "code": "",
              "err": {},
              "uuid": "110e2084-6af2-4162-99a9-8dd8f023558a",
              "parentUUID": "60bd6270-dcb3-4712-829b-9845a9a9935a",
              "isHook": false,
              "skipped": false
            },
            {
              "title": "Classified into\n\t\t\tundefined\n\t\t\tnull \n\t\t\tstring \n\t\t\tnumber \n\t\t\tboolean \n\t\t\tobject \n\t\t\t\tfunction (subtype of object - special callable object)\n\t\t\tsymbol (ES6)\n\t\t\tbigint (ES6)\n\t\t",
              "fullTitle": "Primitive Types Classified into\n\t\t\tundefined\n\t\t\tnull \n\t\t\tstring \n\t\t\tnumber \n\t\t\tboolean \n\t\t\tobject \n\t\t\t\tfunction (subtype of object - special callable object)\n\t\t\tsymbol (ES6)\n\t\t\tbigint (ES6)\n\t\t",
              "timedOut": false,
              "duration": 0,
              "state": "passed",
              "speed": "fast",
              "pass": true,
              "fail": false,
              "pending": false,
              "context": null,
              "code": "",
              "err": {},
              "uuid": "09cec99e-ac0f-4686-87b0-416c3b8735c5",
              "parentUUID": "60bd6270-dcb3-4712-829b-9845a9a9935a",
              "isHook": false,
              "skipped": false
            },
            {
              "title": "As Javascript is dynamically typed language, it has type of a VALUE that the variable is currently holding",
              "fullTitle": "Primitive Types As Javascript is dynamically typed language, it has type of a VALUE that the variable is currently holding",
              "timedOut": false,
              "duration": 0,
              "state": "passed",
              "speed": "fast",
              "pass": true,
              "fail": false,
              "pending": false,
              "context": null,
              "code": "",
              "err": {},
              "uuid": "ebe4fbaf-b58b-4a65-9acb-28a8670e0135",
              "parentUUID": "60bd6270-dcb3-4712-829b-9845a9a9935a",
              "isHook": false,
              "skipped": false
            },
            {
              "title": "when typeof operator used on a variable, returns the value type that the variable is currently holding",
              "fullTitle": "Primitive Types when typeof operator used on a variable, returns the value type that the variable is currently holding",
              "timedOut": false,
              "duration": 0,
              "state": "passed",
              "speed": "fast",
              "pass": true,
              "fail": false,
              "pending": false,
              "context": null,
              "code": "",
              "err": {},
              "uuid": "b4e27c15-2cd2-4d0b-b800-10084a694777",
              "parentUUID": "60bd6270-dcb3-4712-829b-9845a9a9935a",
              "isHook": false,
              "skipped": false
            },
            {
              "title": "typeof operator will always return a string. It will not actually return the primitive type of the variable",
              "fullTitle": "Primitive Types typeof operator will always return a string. It will not actually return the primitive type of the variable",
              "timedOut": false,
              "duration": 0,
              "state": "passed",
              "speed": "fast",
              "pass": true,
              "fail": false,
              "pending": false,
              "context": null,
              "code": "",
              "err": {},
              "uuid": "f5ba9e01-8045-4683-8525-65f69339fe91",
              "parentUUID": "60bd6270-dcb3-4712-829b-9845a9a9935a",
              "isHook": false,
              "skipped": false
            },
            {
              "title": "returns string 'number' when used typeof operator on number",
              "fullTitle": "Primitive Types returns string 'number' when used typeof operator on number",
              "timedOut": false,
              "duration": 1,
              "state": "passed",
              "speed": "fast",
              "pass": true,
              "fail": false,
              "pending": false,
              "context": null,
              "code": "assert.equal(typeof 42, 'number');",
              "err": {},
              "uuid": "0f20e6af-a1e7-4299-b87b-cdfdf715f61e",
              "parentUUID": "60bd6270-dcb3-4712-829b-9845a9a9935a",
              "isHook": false,
              "skipped": false
            },
            {
              "title": "returns string 'string' when used typeof operator on string",
              "fullTitle": "Primitive Types returns string 'string' when used typeof operator on string",
              "timedOut": false,
              "duration": 0,
              "state": "passed",
              "speed": "fast",
              "pass": true,
              "fail": false,
              "pending": false,
              "context": null,
              "code": "assert.equal(typeof '42', 'string');",
              "err": {},
              "uuid": "c5b7d566-eedb-4af7-9f4b-7e9734b858e1",
              "parentUUID": "60bd6270-dcb3-4712-829b-9845a9a9935a",
              "isHook": false,
              "skipped": false
            },
            {
              "title": "returns string 'boolean' when used typeof operator on boolean",
              "fullTitle": "Primitive Types returns string 'boolean' when used typeof operator on boolean",
              "timedOut": false,
              "duration": 0,
              "state": "passed",
              "speed": "fast",
              "pass": true,
              "fail": false,
              "pending": false,
              "context": null,
              "code": "assert.equal(typeof true, 'boolean');",
              "err": {},
              "uuid": "9f24bab2-b7e1-4c17-8551-9a9d1962dc8d",
              "parentUUID": "60bd6270-dcb3-4712-829b-9845a9a9935a",
              "isHook": false,
              "skipped": false
            },
            {
              "title": "returns string 'object' when used typeof operator on object",
              "fullTitle": "Primitive Types returns string 'object' when used typeof operator on object",
              "timedOut": false,
              "duration": 0,
              "state": "passed",
              "speed": "fast",
              "pass": true,
              "fail": false,
              "pending": false,
              "context": null,
              "code": "assert.equal(typeof { a: 1 }, 'object');",
              "err": {},
              "uuid": "f19fbb1b-d171-4664-a38f-311881b1c578",
              "parentUUID": "60bd6270-dcb3-4712-829b-9845a9a9935a",
              "isHook": false,
              "skipped": false
            },
            {
              "title": "returns string 'function' when used typeof operator on function",
              "fullTitle": "Primitive Types returns string 'function' when used typeof operator on function",
              "timedOut": false,
              "duration": 0,
              "state": "passed",
              "speed": "fast",
              "pass": true,
              "fail": false,
              "pending": false,
              "context": null,
              "code": "assert.equal(typeof function(){}, 'function');",
              "err": {},
              "uuid": "7d770101-1416-4c0f-9ad5-239f3134275e",
              "parentUUID": "60bd6270-dcb3-4712-829b-9845a9a9935a",
              "isHook": false,
              "skipped": false
            }
          ],
          "suites": [],
          "passes": [
            "110e2084-6af2-4162-99a9-8dd8f023558a",
            "09cec99e-ac0f-4686-87b0-416c3b8735c5",
            "ebe4fbaf-b58b-4a65-9acb-28a8670e0135",
            "b4e27c15-2cd2-4d0b-b800-10084a694777",
            "f5ba9e01-8045-4683-8525-65f69339fe91",
            "0f20e6af-a1e7-4299-b87b-cdfdf715f61e",
            "c5b7d566-eedb-4af7-9f4b-7e9734b858e1",
            "9f24bab2-b7e1-4c17-8551-9a9d1962dc8d",
            "f19fbb1b-d171-4664-a38f-311881b1c578",
            "7d770101-1416-4c0f-9ad5-239f3134275e"
          ],
          "failures": [],
          "pending": [],
          "skipped": [],
          "duration": 1,
          "root": false,
          "rootEmpty": false,
          "_timeout": 2000
        },
        {
          "uuid": "dedb7ad2-794c-47ae-a679-5ad6bb13db0c",
          "title": "null - a historical bug in javascript",
          "fullFile": "D:\\Work\\Development\\Language-Solutions\\Javascript\\JS_solutions\\src\\collection\\js-basics\\01_types\\01_primitive-types\\01_index_docs.js",
          "file": "\\src\\collection\\js-basics\\01_types\\01_primitive-types\\01_index_docs.js",
          "beforeHooks": [],
          "afterHooks": [],
          "tests": [
            {
              "title": "returns string 'object' when used typeof operator on null, while we may expect that it should return 'null'. This is a bug in javascript",
              "fullTitle": "null - a historical bug in javascript returns string 'object' when used typeof operator on null, while we may expect that it should return 'null'. This is a bug in javascript",
              "timedOut": false,
              "duration": 0,
              "state": "passed",
              "speed": "fast",
              "pass": true,
              "fail": false,
              "pending": false,
              "context": null,
              "code": "assert.equal(typeof null, 'object');",
              "err": {},
              "uuid": "ecb9ade8-fe7e-4fb8-bafb-b786d479d1d5",
              "parentUUID": "dedb7ad2-794c-47ae-a679-5ad6bb13db0c",
              "isHook": false,
              "skipped": false
            }
          ],
          "suites": [],
          "passes": [
            "ecb9ade8-fe7e-4fb8-bafb-b786d479d1d5"
          ],
          "failures": [],
          "pending": [],
          "skipped": [],
          "duration": 0,
          "root": false,
          "rootEmpty": false,
          "_timeout": 2000
        },
        {
          "uuid": "f773862d-25ac-449d-9773-fbca3fa92d64",
          "title": "undeclared vs undefined",
          "fullFile": "D:\\Work\\Development\\Language-Solutions\\Javascript\\JS_solutions\\src\\collection\\js-basics\\01_types\\01_primitive-types\\01_index_docs.js",
          "file": "\\src\\collection\\js-basics\\01_types\\01_primitive-types\\01_index_docs.js",
          "beforeHooks": [],
          "afterHooks": [],
          "tests": [
            {
              "title": "returns string 'undefined' when used typeof operator on variable that is not DECLARED",
              "fullTitle": "undeclared vs undefined returns string 'undefined' when used typeof operator on variable that is not DECLARED",
              "timedOut": false,
              "duration": 0,
              "state": "passed",
              "speed": "fast",
              "pass": true,
              "fail": false,
              "pending": false,
              "context": null,
              "code": "assert.equal(typeof anyVarThatIsNotDeclared, 'undefined');",
              "err": {},
              "uuid": "c1e6dcd9-6215-4519-bcc1-d9b4287c6c72",
              "parentUUID": "f773862d-25ac-449d-9773-fbca3fa92d64",
              "isHook": false,
              "skipped": false
            },
            {
              "title": "returns string 'undefined' when used typeof operator on variable that is not DEFINED",
              "fullTitle": "undeclared vs undefined returns string 'undefined' when used typeof operator on variable that is not DEFINED",
              "timedOut": false,
              "duration": 0,
              "state": "passed",
              "speed": "fast",
              "pass": true,
              "fail": false,
              "pending": false,
              "context": null,
              "code": "var foo;\nassert.equal(typeof foo, 'undefined');",
              "err": {},
              "uuid": "609154a8-ed40-4a99-bad8-df6a1385bae4",
              "parentUUID": "f773862d-25ac-449d-9773-fbca3fa92d64",
              "isHook": false,
              "skipped": false
            }
          ],
          "suites": [],
          "passes": [
            "c1e6dcd9-6215-4519-bcc1-d9b4287c6c72",
            "609154a8-ed40-4a99-bad8-df6a1385bae4"
          ],
          "failures": [],
          "pending": [],
          "skipped": [],
          "duration": 0,
          "root": false,
          "rootEmpty": false,
          "_timeout": 2000
        },
        {
          "uuid": "cd6a6fa2-716e-4463-9972-2ecae6acef76",
          "title": "bigint",
          "fullFile": "D:\\Work\\Development\\Language-Solutions\\Javascript\\JS_solutions\\src\\collection\\js-basics\\01_types\\01_primitive-types\\01_index_docs.js",
          "file": "\\src\\collection\\js-basics\\01_types\\01_primitive-types\\01_index_docs.js",
          "beforeHooks": [],
          "afterHooks": [],
          "tests": [
            {
              "title": "It is a separate partition from numbers, where it grow upto memory limit of the system. It can't be mixed and matched with regular numbers.",
              "fullTitle": "bigint It is a separate partition from numbers, where it grow upto memory limit of the system. It can't be mixed and matched with regular numbers.",
              "timedOut": false,
              "duration": 0,
              "state": "passed",
              "speed": "fast",
              "pass": true,
              "fail": false,
              "pending": false,
              "context": null,
              "code": "",
              "err": {},
              "uuid": "7eb4d26d-6d25-4b43-b629-20394f366aef",
              "parentUUID": "cd6a6fa2-716e-4463-9972-2ecae6acef76",
              "isHook": false,
              "skipped": false
            }
          ],
          "suites": [],
          "passes": [
            "7eb4d26d-6d25-4b43-b629-20394f366aef"
          ],
          "failures": [],
          "pending": [],
          "skipped": [],
          "duration": 0,
          "root": false,
          "rootEmpty": false,
          "_timeout": 2000
        },
        {
          "uuid": "7a86af38-4971-4dbe-b0c6-d9d15ff6facf",
          "title": "symbol",
          "fullFile": "D:\\Work\\Development\\Language-Solutions\\Javascript\\JS_solutions\\src\\collection\\js-basics\\01_types\\01_primitive-types\\01_index_docs.js",
          "file": "\\src\\collection\\js-basics\\01_types\\01_primitive-types\\01_index_docs.js",
          "beforeHooks": [],
          "afterHooks": [],
          "tests": [
            {
              "title": "returns string 'symbol' when used typeof operator on symbol",
              "fullTitle": "symbol returns string 'symbol' when used typeof operator on symbol",
              "timedOut": false,
              "duration": 0,
              "state": "passed",
              "speed": "fast",
              "pass": true,
              "fail": false,
              "pending": false,
              "context": null,
              "code": "var symbol = Symbol();\nassert.equal(typeof symbol, 'symbol');",
              "err": {},
              "uuid": "92b67634-b5ea-48a7-92d5-111eaf578948",
              "parentUUID": "7a86af38-4971-4dbe-b0c6-d9d15ff6facf",
              "isHook": false,
              "skipped": false
            }
          ],
          "suites": [],
          "passes": [
            "92b67634-b5ea-48a7-92d5-111eaf578948"
          ],
          "failures": [],
          "pending": [],
          "skipped": [],
          "duration": 0,
          "root": false,
          "rootEmpty": false,
          "_timeout": 2000
        },
        {
          "uuid": "7fddbbdf-00a8-453e-9f17-b07dd41ae7b7",
          "title": "Primitive Type - function",
          "fullFile": "D:\\Work\\Development\\Language-Solutions\\Javascript\\JS_solutions\\src\\collection\\js-basics\\01_types\\01_primitive-types\\01_index_docs.js",
          "file": "\\src\\collection\\js-basics\\01_types\\01_primitive-types\\01_index_docs.js",
          "beforeHooks": [],
          "afterHooks": [],
          "tests": [
            {
              "title": "As mentioned earlier, given a primitive type, we have a set of expected behaviors for that type. Definitely, a function has some set of expected behaviors. Eg: We can call a function",
              "fullTitle": "Primitive Type - function As mentioned earlier, given a primitive type, we have a set of expected behaviors for that type. Definitely, a function has some set of expected behaviors. Eg: We can call a function",
              "timedOut": false,
              "duration": 0,
              "state": "passed",
              "speed": "fast",
              "pass": true,
              "fail": false,
              "pending": false,
              "context": null,
              "code": "",
              "err": {},
              "uuid": "50da4d43-5400-4a5f-ba77-f65000c3d5a6",
              "parentUUID": "7fddbbdf-00a8-453e-9f17-b07dd41ae7b7",
              "isHook": false,
              "skipped": false
            },
            {
              "title": "is not actually a primitive type. It is a subtype of object primitive. It is also referred to as callable object",
              "fullTitle": "Primitive Type - function is not actually a primitive type. It is a subtype of object primitive. It is also referred to as callable object",
              "timedOut": false,
              "duration": 0,
              "state": "passed",
              "speed": "fast",
              "pass": true,
              "fail": false,
              "pending": false,
              "context": null,
              "code": "",
              "err": {},
              "uuid": "870d4508-e1f2-43da-aa61-2196c28e7593",
              "parentUUID": "7fddbbdf-00a8-453e-9f17-b07dd41ae7b7",
              "isHook": false,
              "skipped": false
            }
          ],
          "suites": [],
          "passes": [
            "50da4d43-5400-4a5f-ba77-f65000c3d5a6",
            "870d4508-e1f2-43da-aa61-2196c28e7593"
          ],
          "failures": [],
          "pending": [],
          "skipped": [],
          "duration": 0,
          "root": false,
          "rootEmpty": false,
          "_timeout": 2000
        },
        {
          "uuid": "4dcb25f3-eda9-4945-ac76-2f7aca8366f6",
          "title": "Other in-built types are objects",
          "fullFile": "D:\\Work\\Development\\Language-Solutions\\Javascript\\JS_solutions\\src\\collection\\js-basics\\01_types\\01_primitive-types\\01_index_docs.js",
          "file": "\\src\\collection\\js-basics\\01_types\\01_primitive-types\\01_index_docs.js",
          "beforeHooks": [],
          "afterHooks": [],
          "tests": [
            {
              "title": "returns string 'object' when used typeof operator on other built in objects like Array, Date, Regular expression, etc",
              "fullTitle": "Other in-built types are objects returns string 'object' when used typeof operator on other built in objects like Array, Date, Regular expression, etc",
              "timedOut": false,
              "duration": 0,
              "state": "passed",
              "speed": "fast",
              "pass": true,
              "fail": false,
              "pending": false,
              "context": null,
              "code": "",
              "err": {},
              "uuid": "c18f7a15-0bd2-43db-ac21-2d72cdbf3a17",
              "parentUUID": "4dcb25f3-eda9-4945-ac76-2f7aca8366f6",
              "isHook": false,
              "skipped": false
            },
            {
              "title": "returns string 'object' when used typeof operator on arrays",
              "fullTitle": "Other in-built types are objects returns string 'object' when used typeof operator on arrays",
              "timedOut": false,
              "duration": 0,
              "state": "passed",
              "speed": "fast",
              "pass": true,
              "fail": false,
              "pending": false,
              "context": null,
              "code": "var array = [];\nassert.equal(typeof array, 'object');",
              "err": {},
              "uuid": "22adbb53-5852-4c1e-83b9-f7ab8fdaa84e",
              "parentUUID": "4dcb25f3-eda9-4945-ac76-2f7aca8366f6",
              "isHook": false,
              "skipped": false
            },
            {
              "title": "returns string 'object' when used typeof operator on dates",
              "fullTitle": "Other in-built types are objects returns string 'object' when used typeof operator on dates",
              "timedOut": false,
              "duration": 0,
              "state": "passed",
              "speed": "fast",
              "pass": true,
              "fail": false,
              "pending": false,
              "context": null,
              "code": "var date = new Date();\nassert.equal(typeof date, 'object');",
              "err": {},
              "uuid": "e149aa87-3d46-4b41-8715-ca3bb3298a52",
              "parentUUID": "4dcb25f3-eda9-4945-ac76-2f7aca8366f6",
              "isHook": false,
              "skipped": false
            },
            {
              "title": "returns string 'object' when used typeof operator on regular expressions",
              "fullTitle": "Other in-built types are objects returns string 'object' when used typeof operator on regular expressions",
              "timedOut": false,
              "duration": 0,
              "state": "passed",
              "speed": "fast",
              "pass": true,
              "fail": false,
              "pending": false,
              "context": null,
              "code": "var pattern = /ab/gi;\nassert.equal(typeof pattern, 'object');",
              "err": {},
              "uuid": "0eac6c0c-7f9c-47d8-b6d5-3c71c8de38e9",
              "parentUUID": "4dcb25f3-eda9-4945-ac76-2f7aca8366f6",
              "isHook": false,
              "skipped": false
            }
          ],
          "suites": [],
          "passes": [
            "c18f7a15-0bd2-43db-ac21-2d72cdbf3a17",
            "22adbb53-5852-4c1e-83b9-f7ab8fdaa84e",
            "e149aa87-3d46-4b41-8715-ca3bb3298a52",
            "0eac6c0c-7f9c-47d8-b6d5-3c71c8de38e9"
          ],
          "failures": [],
          "pending": [],
          "skipped": [],
          "duration": 0,
          "root": false,
          "rootEmpty": false,
          "_timeout": 2000
        },
        {
          "uuid": "4875f6ba-851d-40d3-8535-96730617a2eb",
          "title": "Primitive Types - Examples",
          "fullFile": "D:\\Work\\Development\\Language-Solutions\\Javascript\\JS_solutions\\src\\collection\\js-basics\\01_types\\01_primitive-types\\02_examples_docs.js",
          "file": "\\src\\collection\\js-basics\\01_types\\01_primitive-types\\02_examples_docs.js",
          "beforeHooks": [],
          "afterHooks": [],
          "tests": [
            {
              "title": "should return 'undefined' when the variable is not yet declared or declared, but currently has no value",
              "fullTitle": "Primitive Types - Examples should return 'undefined' when the variable is not yet declared or declared, but currently has no value",
              "timedOut": false,
              "duration": 0,
              "state": "passed",
              "speed": "fast",
              "pass": true,
              "fail": false,
              "pending": false,
              "context": null,
              "code": "var a;\nassert.equal(typeof a, 'undefined');",
              "err": {},
              "uuid": "3707b2e5-e691-477d-8b14-3f9450ae818b",
              "parentUUID": "4875f6ba-851d-40d3-8535-96730617a2eb",
              "isHook": false,
              "skipped": false
            },
            {
              "title": "should return 'string', when typeof operation is assigned to a variable, because typeof always return string.",
              "fullTitle": "Primitive Types - Examples should return 'string', when typeof operation is assigned to a variable, because typeof always return string.",
              "timedOut": false,
              "duration": 0,
              "state": "passed",
              "speed": "fast",
              "pass": true,
              "fail": false,
              "pending": false,
              "context": null,
              "code": "var output = typeof anyVarThatIsNotDeclaredOrNotDeclared;\nassert.equal(typeof output, 'string');",
              "err": {},
              "uuid": "49af7a5e-a503-4cfd-afb5-b88afe486738",
              "parentUUID": "4875f6ba-851d-40d3-8535-96730617a2eb",
              "isHook": false,
              "skipped": false
            },
            {
              "title": "should return 'string' if typeof operator is used on another typeof operation.",
              "fullTitle": "Primitive Types - Examples should return 'string' if typeof operator is used on another typeof operation.",
              "timedOut": false,
              "duration": 0,
              "state": "passed",
              "speed": "fast",
              "pass": true,
              "fail": false,
              "pending": false,
              "context": null,
              "code": "assert.equal(typeof typeof 2, 'string');",
              "err": {},
              "uuid": "3be026d6-071e-4fa0-8dd3-f2a67d633903",
              "parentUUID": "4875f6ba-851d-40d3-8535-96730617a2eb",
              "isHook": false,
              "skipped": false
            }
          ],
          "suites": [],
          "passes": [
            "3707b2e5-e691-477d-8b14-3f9450ae818b",
            "49af7a5e-a503-4cfd-afb5-b88afe486738",
            "3be026d6-071e-4fa0-8dd3-f2a67d633903"
          ],
          "failures": [],
          "pending": [],
          "skipped": [],
          "duration": 0,
          "root": false,
          "rootEmpty": false,
          "_timeout": 2000
        },
        {
          "uuid": "eee1c486-18c1-4d8e-8bda-1c89ee9a70e8",
          "title": "Native Functions",
          "fullFile": "D:\\Work\\Development\\Language-Solutions\\Javascript\\JS_solutions\\src\\collection\\js-basics\\01_types\\02_native-functions\\index_docs.js",
          "file": "\\src\\collection\\js-basics\\01_types\\02_native-functions\\index_docs.js",
          "beforeHooks": [],
          "afterHooks": [],
          "tests": [
            {
              "title": "Native funtions can be called with new operator in front of it or can be called as regular functions.",
              "fullTitle": "Native Functions Native funtions can be called with new operator in front of it or can be called as regular functions.",
              "timedOut": false,
              "duration": 0,
              "state": "passed",
              "speed": "fast",
              "pass": true,
              "fail": false,
              "pending": false,
              "context": null,
              "code": "",
              "err": {},
              "uuid": "ff62887a-0739-49e8-b818-36671db830b1",
              "parentUUID": "eee1c486-18c1-4d8e-8bda-1c89ee9a70e8",
              "isHook": false,
              "skipped": false
            },
            {
              "title": "Classified into\n\t\t\tString\n\t\t\tNumber\n\t\t\tBoolean\n\t\t\tArray\n\t\t\tObject\n\t\t\tRegExp\n\t\t\tDate\n\t\t\tFunction\n\t\t\tError\n\t\t",
              "fullTitle": "Native Functions Classified into\n\t\t\tString\n\t\t\tNumber\n\t\t\tBoolean\n\t\t\tArray\n\t\t\tObject\n\t\t\tRegExp\n\t\t\tDate\n\t\t\tFunction\n\t\t\tError\n\t\t",
              "timedOut": false,
              "duration": 0,
              "state": "passed",
              "speed": "fast",
              "pass": true,
              "fail": false,
              "pending": false,
              "context": null,
              "code": "",
              "err": {},
              "uuid": "d31f6f59-53f0-4bd0-be22-b6ff0c6a6ee9",
              "parentUUID": "eee1c486-18c1-4d8e-8bda-1c89ee9a70e8",
              "isHook": false,
              "skipped": false
            }
          ],
          "suites": [
            {
              "uuid": "a4f18918-5a3b-49b9-9b16-189a732194a5",
              "title": "Call Natives as Constructors",
              "fullFile": "D:\\Work\\Development\\Language-Solutions\\Javascript\\JS_solutions\\src\\collection\\js-basics\\01_types\\02_native-functions\\index_docs.js",
              "file": "\\src\\collection\\js-basics\\01_types\\02_native-functions\\index_docs.js",
              "beforeHooks": [],
              "afterHooks": [],
              "tests": [
                {
                  "title": "Calling with new operator creates an object wrapper around the primitive type. This can be verified using typeof operator on the newly constructed object",
                  "fullTitle": "Native Functions Call Natives as Constructors Calling with new operator creates an object wrapper around the primitive type. This can be verified using typeof operator on the newly constructed object",
                  "timedOut": false,
                  "duration": 0,
                  "state": "passed",
                  "speed": "fast",
                  "pass": true,
                  "fail": false,
                  "pending": false,
                  "context": null,
                  "code": "var output = new String('abc');\nassert.equal(typeof output, 'object');",
                  "err": {},
                  "uuid": "dfedad04-0ede-427b-a79d-fac16aaaefd4",
                  "parentUUID": "a4f18918-5a3b-49b9-9b16-189a732194a5",
                  "isHook": false,
                  "skipped": false
                },
                {
                  "title": "There are some caveats in calling as constructors, as it constructs object around primitives.",
                  "fullTitle": "Native Functions Call Natives as Constructors There are some caveats in calling as constructors, as it constructs object around primitives.",
                  "timedOut": false,
                  "duration": 0,
                  "state": "passed",
                  "speed": "fast",
                  "pass": true,
                  "fail": false,
                  "pending": false,
                  "context": null,
                  "code": "",
                  "err": {},
                  "uuid": "8d3d0cb2-6873-449b-b37a-fe98ff7aa13c",
                  "parentUUID": "a4f18918-5a3b-49b9-9b16-189a732194a5",
                  "isHook": false,
                  "skipped": false
                },
                {
                  "title": "Example, false as (boolean primitive) is falsy, but false as (Boolean Object) is truthy. Calling new Boolean(false) will return empty object, which is truthy (weird!)",
                  "fullTitle": "Native Functions Call Natives as Constructors Example, false as (boolean primitive) is falsy, but false as (Boolean Object) is truthy. Calling new Boolean(false) will return empty object, which is truthy (weird!)",
                  "timedOut": false,
                  "duration": 0,
                  "state": "passed",
                  "speed": "fast",
                  "pass": true,
                  "fail": false,
                  "pending": false,
                  "context": null,
                  "code": "var a = false;\nvar b = new Boolean(false);\nassert.equal(a, false);\nassert.equal(Boolean(b), true);",
                  "err": {},
                  "uuid": "2cb00098-9b47-466d-980d-a457610374d5",
                  "parentUUID": "a4f18918-5a3b-49b9-9b16-189a732194a5",
                  "isHook": false,
                  "skipped": false
                },
                {
                  "title": "Similarly, 0 as (number primitive) is falsy, but 0 as (Number Object) is truthy. Calling new Number(0) will return empty object, which is truthy (weird!)",
                  "fullTitle": "Native Functions Call Natives as Constructors Similarly, 0 as (number primitive) is falsy, but 0 as (Number Object) is truthy. Calling new Number(0) will return empty object, which is truthy (weird!)",
                  "timedOut": false,
                  "duration": 0,
                  "state": "passed",
                  "speed": "fast",
                  "pass": true,
                  "fail": false,
                  "pending": false,
                  "context": null,
                  "code": "var a = 0;\nvar b = new Number(0);\nassert.equal(a, false);\nassert.equal(Boolean(b), true);",
                  "err": {},
                  "uuid": "d94ae602-85b1-4682-8daf-2f962768a293",
                  "parentUUID": "a4f18918-5a3b-49b9-9b16-189a732194a5",
                  "isHook": false,
                  "skipped": false
                },
                {
                  "title": "Similarly, '' as (string primitive) is falsy, but '' as (String Object) is truthy. Calling new String('') will return empty object, which is truthy (weird!)",
                  "fullTitle": "Native Functions Call Natives as Constructors Similarly, '' as (string primitive) is falsy, but '' as (String Object) is truthy. Calling new String('') will return empty object, which is truthy (weird!)",
                  "timedOut": false,
                  "duration": 0,
                  "state": "passed",
                  "speed": "fast",
                  "pass": true,
                  "fail": false,
                  "pending": false,
                  "context": null,
                  "code": "var a = '';\nvar b = new String('');\nassert.equal(a, false);\nassert.equal(Boolean(b), true);",
                  "err": {},
                  "uuid": "2292760c-4501-468c-860a-fa198c58d32a",
                  "parentUUID": "a4f18918-5a3b-49b9-9b16-189a732194a5",
                  "isHook": false,
                  "skipped": false
                },
                {
                  "title": "Hence, it is better to avoid building primitives using constructors.",
                  "fullTitle": "Native Functions Call Natives as Constructors Hence, it is better to avoid building primitives using constructors.",
                  "timedOut": false,
                  "duration": 0,
                  "state": "passed",
                  "speed": "fast",
                  "pass": true,
                  "fail": false,
                  "pending": false,
                  "context": null,
                  "code": "",
                  "err": {},
                  "uuid": "81bee29a-8888-4a2f-8226-96b71220b91e",
                  "parentUUID": "a4f18918-5a3b-49b9-9b16-189a732194a5",
                  "isHook": false,
                  "skipped": false
                }
              ],
              "suites": [],
              "passes": [
                "dfedad04-0ede-427b-a79d-fac16aaaefd4",
                "8d3d0cb2-6873-449b-b37a-fe98ff7aa13c",
                "2cb00098-9b47-466d-980d-a457610374d5",
                "d94ae602-85b1-4682-8daf-2f962768a293",
                "2292760c-4501-468c-860a-fa198c58d32a",
                "81bee29a-8888-4a2f-8226-96b71220b91e"
              ],
              "failures": [],
              "pending": [],
              "skipped": [],
              "duration": 0,
              "root": false,
              "rootEmpty": false,
              "_timeout": 2000
            },
            {
              "uuid": "c35ccea3-2242-43c2-925d-615790fc54bb",
              "title": "Call Natives as Functions",
              "fullFile": "D:\\Work\\Development\\Language-Solutions\\Javascript\\JS_solutions\\src\\collection\\js-basics\\01_types\\02_native-functions\\index_docs.js",
              "file": "\\src\\collection\\js-basics\\01_types\\02_native-functions\\index_docs.js",
              "beforeHooks": [],
              "afterHooks": [],
              "tests": [
                {
                  "title": "Calling as regular function creates the primitive respectively",
                  "fullTitle": "Native Functions Call Natives as Functions Calling as regular function creates the primitive respectively",
                  "timedOut": false,
                  "duration": 0,
                  "state": "passed",
                  "speed": "fast",
                  "pass": true,
                  "fail": false,
                  "pending": false,
                  "context": null,
                  "code": "var output = String('abc');\nassert.equal(typeof output, 'string');",
                  "err": {},
                  "uuid": "7c48f22c-07dd-49f4-8ce9-403656790ede",
                  "parentUUID": "c35ccea3-2242-43c2-925d-615790fc54bb",
                  "isHook": false,
                  "skipped": false
                },
                {
                  "title": "Calling as regular function will also coerce the value to its primitive type",
                  "fullTitle": "Native Functions Call Natives as Functions Calling as regular function will also coerce the value to its primitive type",
                  "timedOut": false,
                  "duration": 0,
                  "state": "passed",
                  "speed": "fast",
                  "pass": true,
                  "fail": false,
                  "pending": false,
                  "context": null,
                  "code": "var output = String(42);\nassert.equal(typeof output, 'string');",
                  "err": {},
                  "uuid": "01bda89f-3ccd-4493-ab87-1a5b5c9b9957",
                  "parentUUID": "c35ccea3-2242-43c2-925d-615790fc54bb",
                  "isHook": false,
                  "skipped": false
                }
              ],
              "suites": [],
              "passes": [
                "7c48f22c-07dd-49f4-8ce9-403656790ede",
                "01bda89f-3ccd-4493-ab87-1a5b5c9b9957"
              ],
              "failures": [],
              "pending": [],
              "skipped": [],
              "duration": 0,
              "root": false,
              "rootEmpty": false,
              "_timeout": 2000
            }
          ],
          "passes": [
            "ff62887a-0739-49e8-b818-36671db830b1",
            "d31f6f59-53f0-4bd0-be22-b6ff0c6a6ee9"
          ],
          "failures": [],
          "pending": [],
          "skipped": [],
          "duration": 0,
          "root": false,
          "rootEmpty": false,
          "_timeout": 2000
        },
        {
          "uuid": "ee73f34f-2f9a-40cd-aee4-657559b4ae01",
          "title": "Array",
          "fullFile": "D:\\Work\\Development\\Language-Solutions\\Javascript\\JS_solutions\\src\\collection\\js-basics\\01_types\\02_native-functions\\index_docs.js",
          "file": "\\src\\collection\\js-basics\\01_types\\02_native-functions\\index_docs.js",
          "beforeHooks": [],
          "afterHooks": [],
          "tests": [
            {
              "title": "Array can be created by constructor form or literal syntax.",
              "fullTitle": "Array Array can be created by constructor form or literal syntax.",
              "timedOut": false,
              "duration": 0,
              "state": "passed",
              "speed": "fast",
              "pass": true,
              "fail": false,
              "pending": false,
              "context": null,
              "code": "",
              "err": {},
              "uuid": "ff366d78-3e07-4916-860b-daa07f79eb65",
              "parentUUID": "ee73f34f-2f9a-40cd-aee4-657559b4ae01",
              "isHook": false,
              "skipped": false
            }
          ],
          "suites": [
            {
              "uuid": "16db8ce0-5315-4a2b-a1b5-d0f7d81f2ee0",
              "title": "Constructor Syntax",
              "fullFile": "D:\\Work\\Development\\Language-Solutions\\Javascript\\JS_solutions\\src\\collection\\js-basics\\01_types\\02_native-functions\\index_docs.js",
              "file": "\\src\\collection\\js-basics\\01_types\\02_native-functions\\index_docs.js",
              "beforeHooks": [],
              "afterHooks": [],
              "tests": [
                {
                  "title": "In this form, arrays can be created by using new operator",
                  "fullTitle": "Array Constructor Syntax In this form, arrays can be created by using new operator",
                  "timedOut": false,
                  "duration": 0,
                  "state": "passed",
                  "speed": "fast",
                  "pass": true,
                  "fail": false,
                  "pending": false,
                  "context": null,
                  "code": "var arr = new Array(1,2,3);\nassert.equal(typeof arr, 'object');\nassert.equal(arr.length, 3);\nassert.equal(arr[0], 1);",
                  "err": {},
                  "uuid": "e07210bb-0787-4770-b5e2-0b5bfdc4611b",
                  "parentUUID": "16db8ce0-5315-4a2b-a1b5-d0f7d81f2ee0",
                  "isHook": false,
                  "skipped": false
                },
                {
                  "title": "But, When called with single value like new Array(5), we would expect that it would create an array with one element of value 5. But because Array Constructor is overloaded, it creates an array with 5 empty slots instead (weird!)",
                  "fullTitle": "Array Constructor Syntax But, When called with single value like new Array(5), we would expect that it would create an array with one element of value 5. But because Array Constructor is overloaded, it creates an array with 5 empty slots instead (weird!)",
                  "timedOut": false,
                  "duration": 0,
                  "state": "passed",
                  "speed": "fast",
                  "pass": true,
                  "fail": false,
                  "pending": false,
                  "context": null,
                  "code": "var arr = new Array(5);\nassert.notEqual(arr[0], 5);\nassert.equal(arr.length, 5);",
                  "err": {},
                  "uuid": "538d6a24-5589-4dfe-b3ca-0fee268a6a98",
                  "parentUUID": "16db8ce0-5315-4a2b-a1b5-d0f7d81f2ee0",
                  "isHook": false,
                  "skipped": false
                },
                {
                  "title": "Hence, it is better to avoid constructor syntax due to these caveats.",
                  "fullTitle": "Array Constructor Syntax Hence, it is better to avoid constructor syntax due to these caveats.",
                  "timedOut": false,
                  "duration": 0,
                  "state": "passed",
                  "speed": "fast",
                  "pass": true,
                  "fail": false,
                  "pending": false,
                  "context": null,
                  "code": "",
                  "err": {},
                  "uuid": "53c0e9ee-4d6d-4fd7-9039-b454000e9b98",
                  "parentUUID": "16db8ce0-5315-4a2b-a1b5-d0f7d81f2ee0",
                  "isHook": false,
                  "skipped": false
                }
              ],
              "suites": [],
              "passes": [
                "e07210bb-0787-4770-b5e2-0b5bfdc4611b",
                "538d6a24-5589-4dfe-b3ca-0fee268a6a98",
                "53c0e9ee-4d6d-4fd7-9039-b454000e9b98"
              ],
              "failures": [],
              "pending": [],
              "skipped": [],
              "duration": 0,
              "root": false,
              "rootEmpty": false,
              "_timeout": 2000
            },
            {
              "uuid": "8e108642-5976-453d-88be-1341bfedb64f",
              "title": "Literal Syntax",
              "fullFile": "D:\\Work\\Development\\Language-Solutions\\Javascript\\JS_solutions\\src\\collection\\js-basics\\01_types\\02_native-functions\\index_docs.js",
              "file": "\\src\\collection\\js-basics\\01_types\\02_native-functions\\index_docs.js",
              "beforeHooks": [],
              "afterHooks": [],
              "tests": [
                {
                  "title": "In this form, arrays can be created by using square brackets []",
                  "fullTitle": "Array Literal Syntax In this form, arrays can be created by using square brackets []",
                  "timedOut": false,
                  "duration": 0,
                  "state": "passed",
                  "speed": "fast",
                  "pass": true,
                  "fail": false,
                  "pending": false,
                  "context": null,
                  "code": "var arr = [1,2,3];\nassert.equal(typeof arr, 'object');\nassert.equal(arr.length, 3);\nassert.equal(arr[0], 1);",
                  "err": {},
                  "uuid": "6d444620-5551-4eea-b803-cb1bf7b58e7f",
                  "parentUUID": "8e108642-5976-453d-88be-1341bfedb64f",
                  "isHook": false,
                  "skipped": false
                },
                {
                  "title": "It is always preferable to use the literal syntax. It reads clearly and communicates our intent in a better way.",
                  "fullTitle": "Array Literal Syntax It is always preferable to use the literal syntax. It reads clearly and communicates our intent in a better way.",
                  "timedOut": false,
                  "duration": 0,
                  "state": "passed",
                  "speed": "fast",
                  "pass": true,
                  "fail": false,
                  "pending": false,
                  "context": null,
                  "code": "",
                  "err": {},
                  "uuid": "c165582c-f4be-4f9a-aeda-4d6bdef9bd99",
                  "parentUUID": "8e108642-5976-453d-88be-1341bfedb64f",
                  "isHook": false,
                  "skipped": false
                }
              ],
              "suites": [],
              "passes": [
                "6d444620-5551-4eea-b803-cb1bf7b58e7f",
                "c165582c-f4be-4f9a-aeda-4d6bdef9bd99"
              ],
              "failures": [],
              "pending": [],
              "skipped": [],
              "duration": 0,
              "root": false,
              "rootEmpty": false,
              "_timeout": 2000
            }
          ],
          "passes": [
            "ff366d78-3e07-4916-860b-daa07f79eb65"
          ],
          "failures": [],
          "pending": [],
          "skipped": [],
          "duration": 0,
          "root": false,
          "rootEmpty": false,
          "_timeout": 2000
        },
        {
          "uuid": "e0e3898b-b126-4145-97ea-5612765727e2",
          "title": "Object",
          "fullFile": "D:\\Work\\Development\\Language-Solutions\\Javascript\\JS_solutions\\src\\collection\\js-basics\\01_types\\02_native-functions\\index_docs.js",
          "file": "\\src\\collection\\js-basics\\01_types\\02_native-functions\\index_docs.js",
          "beforeHooks": [],
          "afterHooks": [],
          "tests": [
            {
              "title": "Object can be created by constructor form or literal syntax.",
              "fullTitle": "Object Object can be created by constructor form or literal syntax.",
              "timedOut": false,
              "duration": 0,
              "state": "passed",
              "speed": "fast",
              "pass": true,
              "fail": false,
              "pending": false,
              "context": null,
              "code": "",
              "err": {},
              "uuid": "71ff65ea-2ce5-4bd5-8fff-a8b1ecce1c73",
              "parentUUID": "e0e3898b-b126-4145-97ea-5612765727e2",
              "isHook": false,
              "skipped": false
            }
          ],
          "suites": [
            {
              "uuid": "e60bd0c4-1144-48bf-b78b-d5557348c6d6",
              "title": "Constructor Syntax",
              "fullFile": "D:\\Work\\Development\\Language-Solutions\\Javascript\\JS_solutions\\src\\collection\\js-basics\\01_types\\02_native-functions\\index_docs.js",
              "file": "\\src\\collection\\js-basics\\01_types\\02_native-functions\\index_docs.js",
              "beforeHooks": [],
              "afterHooks": [],
              "tests": [
                {
                  "title": "In this form, object can be created by using new operator. Object parameters can be added or accessed by using dot operator obj.<parameterName> or square brackets [<parameterName>]",
                  "fullTitle": "Object Constructor Syntax In this form, object can be created by using new operator. Object parameters can be added or accessed by using dot operator obj.<parameterName> or square brackets [<parameterName>]",
                  "timedOut": false,
                  "duration": 0,
                  "state": "passed",
                  "speed": "fast",
                  "pass": true,
                  "fail": false,
                  "pending": false,
                  "context": null,
                  "code": "var obj = new Object();\nobj.a = 1;\nobj['b'] = 2;\nobj.c = 3;\nassert.equal(typeof obj, 'object');\nassert.equal(obj.a, 1);\nassert.equal(obj['b'], 2);",
                  "err": {},
                  "uuid": "1eabd453-652b-4494-a3a1-b1e81fdad289",
                  "parentUUID": "e60bd0c4-1144-48bf-b78b-d5557348c6d6",
                  "isHook": false,
                  "skipped": false
                },
                {
                  "title": "Hence, it is better to avoid constructor syntax, as it is less performant.",
                  "fullTitle": "Object Constructor Syntax Hence, it is better to avoid constructor syntax, as it is less performant.",
                  "timedOut": false,
                  "duration": 0,
                  "state": "passed",
                  "speed": "fast",
                  "pass": true,
                  "fail": false,
                  "pending": false,
                  "context": null,
                  "code": "",
                  "err": {},
                  "uuid": "9c7dabef-0a00-49da-b0b1-b3a993fa6e38",
                  "parentUUID": "e60bd0c4-1144-48bf-b78b-d5557348c6d6",
                  "isHook": false,
                  "skipped": false
                }
              ],
              "suites": [],
              "passes": [
                "1eabd453-652b-4494-a3a1-b1e81fdad289",
                "9c7dabef-0a00-49da-b0b1-b3a993fa6e38"
              ],
              "failures": [],
              "pending": [],
              "skipped": [],
              "duration": 0,
              "root": false,
              "rootEmpty": false,
              "_timeout": 2000
            },
            {
              "uuid": "92b9b540-a2a9-407e-a226-195c90651eb3",
              "title": "Literal Syntax",
              "fullFile": "D:\\Work\\Development\\Language-Solutions\\Javascript\\JS_solutions\\src\\collection\\js-basics\\01_types\\02_native-functions\\index_docs.js",
              "file": "\\src\\collection\\js-basics\\01_types\\02_native-functions\\index_docs.js",
              "beforeHooks": [],
              "afterHooks": [],
              "tests": [
                {
                  "title": "In this form, objects can be created by using curly braces {}",
                  "fullTitle": "Object Literal Syntax In this form, objects can be created by using curly braces {}",
                  "timedOut": false,
                  "duration": 0,
                  "state": "passed",
                  "speed": "fast",
                  "pass": true,
                  "fail": false,
                  "pending": false,
                  "context": null,
                  "code": "var obj = {\n\t\t\ta: 1,\n\t\t\tb: 2,\n\t\t\tc: 3\n\t\t};\nassert.equal(typeof obj, 'object');\nassert.equal(obj['a'], 1);\nassert.equal(obj.b, 2);",
                  "err": {},
                  "uuid": "883dc09f-1b54-4bfa-877e-2553e81dd35c",
                  "parentUUID": "92b9b540-a2a9-407e-a226-195c90651eb3",
                  "isHook": false,
                  "skipped": false
                },
                {
                  "title": "It is always preferable to use the literal syntax. It reads clearly, communicates our intent in a better way and more performant.",
                  "fullTitle": "Object Literal Syntax It is always preferable to use the literal syntax. It reads clearly, communicates our intent in a better way and more performant.",
                  "timedOut": false,
                  "duration": 0,
                  "state": "passed",
                  "speed": "fast",
                  "pass": true,
                  "fail": false,
                  "pending": false,
                  "context": null,
                  "code": "",
                  "err": {},
                  "uuid": "d983cfe4-cb70-4e0d-9e4f-3b5a97dca920",
                  "parentUUID": "92b9b540-a2a9-407e-a226-195c90651eb3",
                  "isHook": false,
                  "skipped": false
                }
              ],
              "suites": [],
              "passes": [
                "883dc09f-1b54-4bfa-877e-2553e81dd35c",
                "d983cfe4-cb70-4e0d-9e4f-3b5a97dca920"
              ],
              "failures": [],
              "pending": [],
              "skipped": [],
              "duration": 0,
              "root": false,
              "rootEmpty": false,
              "_timeout": 2000
            }
          ],
          "passes": [
            "71ff65ea-2ce5-4bd5-8fff-a8b1ecce1c73"
          ],
          "failures": [],
          "pending": [],
          "skipped": [],
          "duration": 0,
          "root": false,
          "rootEmpty": false,
          "_timeout": 2000
        },
        {
          "uuid": "6f55a224-946e-4d80-87db-70c7792bebc5",
          "title": "RegExp",
          "fullFile": "D:\\Work\\Development\\Language-Solutions\\Javascript\\JS_solutions\\src\\collection\\js-basics\\01_types\\02_native-functions\\index_docs.js",
          "file": "\\src\\collection\\js-basics\\01_types\\02_native-functions\\index_docs.js",
          "beforeHooks": [],
          "afterHooks": [],
          "tests": [
            {
              "title": "Regular Expression can be created by constructor form or literal syntax.",
              "fullTitle": "RegExp Regular Expression can be created by constructor form or literal syntax.",
              "timedOut": false,
              "duration": 0,
              "state": "passed",
              "speed": "fast",
              "pass": true,
              "fail": false,
              "pending": false,
              "context": null,
              "code": "",
              "err": {},
              "uuid": "2748025d-9ea6-4791-ad00-da1a01681483",
              "parentUUID": "6f55a224-946e-4d80-87db-70c7792bebc5",
              "isHook": false,
              "skipped": false
            }
          ],
          "suites": [
            {
              "uuid": "547efbba-2eee-45ad-ab47-02aac02d9054",
              "title": "Constructor Syntax",
              "fullFile": "D:\\Work\\Development\\Language-Solutions\\Javascript\\JS_solutions\\src\\collection\\js-basics\\01_types\\02_native-functions\\index_docs.js",
              "file": "\\src\\collection\\js-basics\\01_types\\02_native-functions\\index_docs.js",
              "beforeHooks": [],
              "afterHooks": [],
              "tests": [
                {
                  "title": "In this form, regular expression can be created by using new operator. The constructor form is useful if you want to create regular expression dynamically",
                  "fullTitle": "RegExp Constructor Syntax In this form, regular expression can be created by using new operator. The constructor form is useful if you want to create regular expression dynamically",
                  "timedOut": false,
                  "duration": 0,
                  "state": "passed",
                  "speed": "fast",
                  "pass": true,
                  "fail": false,
                  "pending": false,
                  "context": null,
                  "code": "var pattern = new RegExp('^hello');\nassert.equal(typeof pattern, 'object');\nassert.equal(pattern.test('hello world!'), true);",
                  "err": {},
                  "uuid": "3b8b120d-9ca9-44a7-b797-7b1141465700",
                  "parentUUID": "547efbba-2eee-45ad-ab47-02aac02d9054",
                  "isHook": false,
                  "skipped": false
                }
              ],
              "suites": [],
              "passes": [
                "3b8b120d-9ca9-44a7-b797-7b1141465700"
              ],
              "failures": [],
              "pending": [],
              "skipped": [],
              "duration": 0,
              "root": false,
              "rootEmpty": false,
              "_timeout": 2000
            },
            {
              "uuid": "9b1b8a66-a1fc-4ee1-a71e-f4c07d51b5a1",
              "title": "Literal Syntax",
              "fullFile": "D:\\Work\\Development\\Language-Solutions\\Javascript\\JS_solutions\\src\\collection\\js-basics\\01_types\\02_native-functions\\index_docs.js",
              "file": "\\src\\collection\\js-basics\\01_types\\02_native-functions\\index_docs.js",
              "beforeHooks": [],
              "afterHooks": [],
              "tests": [
                {
                  "title": "In this form, regular expression can be created by using double slashes /<Pattern>/",
                  "fullTitle": "RegExp Literal Syntax In this form, regular expression can be created by using double slashes /<Pattern>/",
                  "timedOut": false,
                  "duration": 0,
                  "state": "passed",
                  "speed": "fast",
                  "pass": true,
                  "fail": false,
                  "pending": false,
                  "context": null,
                  "code": "var pattern = /^hello/;\nassert.equal(typeof pattern, 'object');\nassert.equal(pattern.test('hello world!'), true);",
                  "err": {},
                  "uuid": "d34bf4de-2abc-42cb-9e77-a53d51e5877d",
                  "parentUUID": "9b1b8a66-a1fc-4ee1-a71e-f4c07d51b5a1",
                  "isHook": false,
                  "skipped": false
                },
                {
                  "title": "It is always preferable to use the literal syntax. It reads clearly, communicates our intent in a better way and more performant.",
                  "fullTitle": "RegExp Literal Syntax It is always preferable to use the literal syntax. It reads clearly, communicates our intent in a better way and more performant.",
                  "timedOut": false,
                  "duration": 0,
                  "state": "passed",
                  "speed": "fast",
                  "pass": true,
                  "fail": false,
                  "pending": false,
                  "context": null,
                  "code": "",
                  "err": {},
                  "uuid": "5f2b57bf-4bc8-4c8a-a9a1-813f21057b69",
                  "parentUUID": "9b1b8a66-a1fc-4ee1-a71e-f4c07d51b5a1",
                  "isHook": false,
                  "skipped": false
                }
              ],
              "suites": [],
              "passes": [
                "d34bf4de-2abc-42cb-9e77-a53d51e5877d",
                "5f2b57bf-4bc8-4c8a-a9a1-813f21057b69"
              ],
              "failures": [],
              "pending": [],
              "skipped": [],
              "duration": 0,
              "root": false,
              "rootEmpty": false,
              "_timeout": 2000
            }
          ],
          "passes": [
            "2748025d-9ea6-4791-ad00-da1a01681483"
          ],
          "failures": [],
          "pending": [],
          "skipped": [],
          "duration": 0,
          "root": false,
          "rootEmpty": false,
          "_timeout": 2000
        },
        {
          "uuid": "df3dba3b-bed8-4924-883d-90f908878c8c",
          "title": "Date",
          "fullFile": "D:\\Work\\Development\\Language-Solutions\\Javascript\\JS_solutions\\src\\collection\\js-basics\\01_types\\02_native-functions\\index_docs.js",
          "file": "\\src\\collection\\js-basics\\01_types\\02_native-functions\\index_docs.js",
          "beforeHooks": [],
          "afterHooks": [],
          "tests": [
            {
              "title": "Date object can be created only by constructor form.",
              "fullTitle": "Date Date object can be created only by constructor form.",
              "timedOut": false,
              "duration": 0,
              "state": "passed",
              "speed": "fast",
              "pass": true,
              "fail": false,
              "pending": false,
              "context": null,
              "code": "",
              "err": {},
              "uuid": "2c1f4897-5073-4137-9255-f6b4b4332e82",
              "parentUUID": "df3dba3b-bed8-4924-883d-90f908878c8c",
              "isHook": false,
              "skipped": false
            }
          ],
          "suites": [],
          "passes": [
            "2c1f4897-5073-4137-9255-f6b4b4332e82"
          ],
          "failures": [],
          "pending": [],
          "skipped": [],
          "duration": 0,
          "root": false,
          "rootEmpty": false,
          "_timeout": 2000
        },
        {
          "uuid": "07ea25d6-9287-41b7-88ef-45f0ad99b332",
          "title": "Function",
          "fullFile": "D:\\Work\\Development\\Language-Solutions\\Javascript\\JS_solutions\\src\\collection\\js-basics\\01_types\\02_native-functions\\index_docs.js",
          "file": "\\src\\collection\\js-basics\\01_types\\02_native-functions\\index_docs.js",
          "beforeHooks": [],
          "afterHooks": [],
          "tests": [
            {
              "title": "Functions can be created by constructor form or literal syntax (as statement or expression).",
              "fullTitle": "Function Functions can be created by constructor form or literal syntax (as statement or expression).",
              "timedOut": false,
              "duration": 0,
              "state": "passed",
              "speed": "fast",
              "pass": true,
              "fail": false,
              "pending": false,
              "context": null,
              "code": "",
              "err": {},
              "uuid": "6c84b812-8b77-4f48-b790-3bcf11abbd16",
              "parentUUID": "07ea25d6-9287-41b7-88ef-45f0ad99b332",
              "isHook": false,
              "skipped": false
            }
          ],
          "suites": [],
          "passes": [
            "6c84b812-8b77-4f48-b790-3bcf11abbd16"
          ],
          "failures": [],
          "pending": [],
          "skipped": [],
          "duration": 0,
          "root": false,
          "rootEmpty": false,
          "_timeout": 2000
        },
        {
          "uuid": "445c0ef7-544f-4827-b920-7fd675a65fe8",
          "title": "Special Values",
          "fullFile": "D:\\Work\\Development\\Language-Solutions\\Javascript\\JS_solutions\\src\\collection\\js-basics\\01_types\\03_special-values\\01_index_docs.js",
          "file": "\\src\\collection\\js-basics\\01_types\\03_special-values\\01_index_docs.js",
          "beforeHooks": [],
          "afterHooks": [],
          "tests": [
            {
              "title": "Classified into\n\t\t\tNaN (Not a Number)\n\t\t\t+0\n\t\t\t-0\n\t\t\t+Infinity\n\t\t\t-Infinity\n\t\t\tnull\n\t\t\tundefined (void)\n\t\t\t",
              "fullTitle": "Special Values Classified into\n\t\t\tNaN (Not a Number)\n\t\t\t+0\n\t\t\t-0\n\t\t\t+Infinity\n\t\t\t-Infinity\n\t\t\tnull\n\t\t\tundefined (void)\n\t\t\t",
              "timedOut": false,
              "duration": 0,
              "state": "passed",
              "speed": "fast",
              "pass": true,
              "fail": false,
              "pending": false,
              "context": null,
              "code": "",
              "err": {},
              "uuid": "600e9188-229b-4fdf-84ba-779570cc84f2",
              "parentUUID": "445c0ef7-544f-4827-b920-7fd675a65fe8",
              "isHook": false,
              "skipped": false
            }
          ],
          "suites": [],
          "passes": [
            "600e9188-229b-4fdf-84ba-779570cc84f2"
          ],
          "failures": [],
          "pending": [],
          "skipped": [],
          "duration": 0,
          "root": false,
          "rootEmpty": false,
          "_timeout": 2000
        },
        {
          "uuid": "1b519efe-d3e5-4920-b3f9-6bba42d667f1",
          "title": "NaN (Not a Number)",
          "fullFile": "D:\\Work\\Development\\Language-Solutions\\Javascript\\JS_solutions\\src\\collection\\js-basics\\01_types\\03_special-values\\01_index_docs.js",
          "file": "\\src\\collection\\js-basics\\01_types\\03_special-values\\01_index_docs.js",
          "beforeHooks": [],
          "afterHooks": [],
          "tests": [
            {
              "title": "Whenever there is a numeric operation, if the operands are not number, the engine tries to convert it to a number. When the number conversion fails, it results in NaN. It is a special sentinel value, when the number conversion fails",
              "fullTitle": "NaN (Not a Number) Whenever there is a numeric operation, if the operands are not number, the engine tries to convert it to a number. When the number conversion fails, it results in NaN. It is a special sentinel value, when the number conversion fails",
              "timedOut": false,
              "duration": 0,
              "state": "passed",
              "speed": "fast",
              "pass": true,
              "fail": false,
              "pending": false,
              "context": null,
              "code": "var output = 'a' / 2;\nassert.equal(Number.isNaN(output), true);",
              "err": {},
              "uuid": "adf892c8-6ac0-4321-a2e0-585711d1f5c1",
              "parentUUID": "1b519efe-d3e5-4920-b3f9-6bba42d667f1",
              "isHook": false,
              "skipped": false
            },
            {
              "title": "typeof NaN is a number, because if we try to do numeric operation and ended in NaN, It is expected to be a number",
              "fullTitle": "NaN (Not a Number) typeof NaN is a number, because if we try to do numeric operation and ended in NaN, It is expected to be a number",
              "timedOut": false,
              "duration": 0,
              "state": "passed",
              "speed": "fast",
              "pass": true,
              "fail": false,
              "pending": false,
              "context": null,
              "code": "var output = 'a' / 2;\n\nassert.equal(typeof output, 'number');",
              "err": {},
              "uuid": "033b180b-c57a-4b72-bf53-3eff4f38c982",
              "parentUUID": "1b519efe-d3e5-4920-b3f9-6bba42d667f1",
              "isHook": false,
              "skipped": false
            },
            {
              "title": "NaN when operated on any other operands will result in NaN",
              "fullTitle": "NaN (Not a Number) NaN when operated on any other operands will result in NaN",
              "timedOut": false,
              "duration": 0,
              "state": "passed",
              "speed": "fast",
              "pass": true,
              "fail": false,
              "pending": false,
              "context": null,
              "code": "var a = 'a' * 2;\nvar output = a + 2;\nassert.equal(Number.isNaN(output), true);",
              "err": {},
              "uuid": "81713db4-115a-4c92-be8e-2f2645f18a1d",
              "parentUUID": "1b519efe-d3e5-4920-b3f9-6bba42d667f1",
              "isHook": false,
              "skipped": false
            },
            {
              "title": "It is the only value that is not equal to itself",
              "fullTitle": "NaN (Not a Number) It is the only value that is not equal to itself",
              "timedOut": false,
              "duration": 0,
              "state": "passed",
              "speed": "fast",
              "pass": true,
              "fail": false,
              "pending": false,
              "context": null,
              "code": "var a = 'a' * 2;\nvar output = a + 2;\nassert.notEqual(output, a);",
              "err": {},
              "uuid": "780de130-923a-4f6d-92bd-a2b6564cf5a0",
              "parentUUID": "1b519efe-d3e5-4920-b3f9-6bba42d667f1",
              "isHook": false,
              "skipped": false
            }
          ],
          "suites": [
            {
              "uuid": "638560f3-9a83-40a5-8e82-41c05dc9bdfc",
              "title": "Check for NaN",
              "fullFile": "D:\\Work\\Development\\Language-Solutions\\Javascript\\JS_solutions\\src\\collection\\js-basics\\01_types\\03_special-values\\01_index_docs.js",
              "file": "\\src\\collection\\js-basics\\01_types\\03_special-values\\01_index_docs.js",
              "beforeHooks": [],
              "afterHooks": [],
              "tests": [],
              "suites": [
                {
                  "uuid": "ca44ba7e-e3bc-4580-8008-6c5837a284f7",
                  "title": "Global isNaN Utility",
                  "fullFile": "D:\\Work\\Development\\Language-Solutions\\Javascript\\JS_solutions\\src\\collection\\js-basics\\01_types\\03_special-values\\01_index_docs.js",
                  "file": "\\src\\collection\\js-basics\\01_types\\03_special-values\\01_index_docs.js",
                  "beforeHooks": [],
                  "afterHooks": [],
                  "tests": [
                    {
                      "title": "We need to have a way to check for NaN. It is by using global isNaN utility. But there is fatal flaw in this utility. isNaN before checking the value, it tries to converts the given value to a number and then checks to see if it resulted in NaN",
                      "fullTitle": "NaN (Not a Number) Check for NaN Global isNaN Utility We need to have a way to check for NaN. It is by using global isNaN utility. But there is fatal flaw in this utility. isNaN before checking the value, it tries to converts the given value to a number and then checks to see if it resulted in NaN",
                      "timedOut": false,
                      "duration": 0,
                      "state": "passed",
                      "speed": "fast",
                      "pass": true,
                      "fail": false,
                      "pending": false,
                      "context": null,
                      "code": "",
                      "err": {},
                      "uuid": "fba44ad4-ec84-4753-9e83-521347462d00",
                      "parentUUID": "ca44ba7e-e3bc-4580-8008-6c5837a284f7",
                      "isHook": false,
                      "skipped": false
                    },
                    {
                      "title": "returns true when used isNaN on a string. While we may expect it to give false, as given a string, we expect that isNaN('<String Value>') to be false. But it first tries to convert the string into number, and it results in NaN, so it returns true",
                      "fullTitle": "NaN (Not a Number) Check for NaN Global isNaN Utility returns true when used isNaN on a string. While we may expect it to give false, as given a string, we expect that isNaN('<String Value>') to be false. But it first tries to convert the string into number, and it results in NaN, so it returns true",
                      "timedOut": false,
                      "duration": 0,
                      "state": "passed",
                      "speed": "fast",
                      "pass": true,
                      "fail": false,
                      "pending": false,
                      "context": null,
                      "code": "assert.equal(isNaN('a'), true);",
                      "err": {},
                      "uuid": "58e3a4bb-bffa-4b39-9a10-0958e8593d2b",
                      "parentUUID": "ca44ba7e-e3bc-4580-8008-6c5837a284f7",
                      "isHook": false,
                      "skipped": false
                    },
                    {
                      "title": "We could create a utility which works the way we think, by first checking if it is a number and then checking with isNaN utility",
                      "fullTitle": "NaN (Not a Number) Check for NaN Global isNaN Utility We could create a utility which works the way we think, by first checking if it is a number and then checking with isNaN utility",
                      "timedOut": false,
                      "duration": 0,
                      "state": "passed",
                      "speed": "fast",
                      "pass": true,
                      "fail": false,
                      "pending": false,
                      "context": null,
                      "code": "function isNaNCustom(x) {\n\treturn (\n\t\ttypeof x == 'number' &&\n\t\twindow.isNaN(x)\n\t);\n}\nassert.equal(isNaNCustom('a'), false);",
                      "err": {},
                      "uuid": "93208eea-3d41-4ce8-aa7d-9adecafedbb4",
                      "parentUUID": "ca44ba7e-e3bc-4580-8008-6c5837a284f7",
                      "isHook": false,
                      "skipped": false
                    },
                    {
                      "title": "We could also take advantage of the fact that NaN is the only value that is not equal to itself, to create the same utility",
                      "fullTitle": "NaN (Not a Number) Check for NaN Global isNaN Utility We could also take advantage of the fact that NaN is the only value that is not equal to itself, to create the same utility",
                      "timedOut": false,
                      "duration": 1,
                      "state": "passed",
                      "speed": "fast",
                      "pass": true,
                      "fail": false,
                      "pending": false,
                      "context": null,
                      "code": "function isNaNCustom(x) {\n\treturn x != x;\n}\nassert.equal(isNaNCustom('a'), false);",
                      "err": {},
                      "uuid": "0013c47b-0252-4675-ba1c-4902c33c23bd",
                      "parentUUID": "ca44ba7e-e3bc-4580-8008-6c5837a284f7",
                      "isHook": false,
                      "skipped": false
                    }
                  ],
                  "suites": [],
                  "passes": [
                    "fba44ad4-ec84-4753-9e83-521347462d00",
                    "58e3a4bb-bffa-4b39-9a10-0958e8593d2b",
                    "93208eea-3d41-4ce8-aa7d-9adecafedbb4",
                    "0013c47b-0252-4675-ba1c-4902c33c23bd"
                  ],
                  "failures": [],
                  "pending": [],
                  "skipped": [],
                  "duration": 1,
                  "root": false,
                  "rootEmpty": false,
                  "_timeout": 2000
                },
                {
                  "uuid": "50286904-1e40-4dce-85f3-5d22ce06c91f",
                  "title": "Number.isNaN Utility",
                  "fullFile": "D:\\Work\\Development\\Language-Solutions\\Javascript\\JS_solutions\\src\\collection\\js-basics\\01_types\\03_special-values\\01_index_docs.js",
                  "file": "\\src\\collection\\js-basics\\01_types\\03_special-values\\01_index_docs.js",
                  "beforeHooks": [],
                  "afterHooks": [],
                  "tests": [
                    {
                      "title": "Fortunately, we have Number.isNaN() utility (added in ES6 as polyfill), which checks for NaN without converting it to a number",
                      "fullTitle": "NaN (Not a Number) Check for NaN Number.isNaN Utility Fortunately, we have Number.isNaN() utility (added in ES6 as polyfill), which checks for NaN without converting it to a number",
                      "timedOut": false,
                      "duration": 0,
                      "state": "passed",
                      "speed": "fast",
                      "pass": true,
                      "fail": false,
                      "pending": false,
                      "context": null,
                      "code": "",
                      "err": {},
                      "uuid": "e190a7e2-1aae-4a74-8665-17606c4a9c01",
                      "parentUUID": "50286904-1e40-4dce-85f3-5d22ce06c91f",
                      "isHook": false,
                      "skipped": false
                    },
                    {
                      "title": "returns false when used Number.isNaN on a string",
                      "fullTitle": "NaN (Not a Number) Check for NaN Number.isNaN Utility returns false when used Number.isNaN on a string",
                      "timedOut": false,
                      "duration": 0,
                      "state": "passed",
                      "speed": "fast",
                      "pass": true,
                      "fail": false,
                      "pending": false,
                      "context": null,
                      "code": "assert.equal(Number.isNaN('a'), false);",
                      "err": {},
                      "uuid": "178f91d1-48e3-4799-8ba4-f41fe3ccec4f",
                      "parentUUID": "50286904-1e40-4dce-85f3-5d22ce06c91f",
                      "isHook": false,
                      "skipped": false
                    }
                  ],
                  "suites": [],
                  "passes": [
                    "e190a7e2-1aae-4a74-8665-17606c4a9c01",
                    "178f91d1-48e3-4799-8ba4-f41fe3ccec4f"
                  ],
                  "failures": [],
                  "pending": [],
                  "skipped": [],
                  "duration": 0,
                  "root": false,
                  "rootEmpty": false,
                  "_timeout": 2000
                },
                {
                  "uuid": "8733241e-045d-48e0-b237-c741a84274ee",
                  "title": "Object.is Utility",
                  "fullFile": "D:\\Work\\Development\\Language-Solutions\\Javascript\\JS_solutions\\src\\collection\\js-basics\\01_types\\03_special-values\\01_index_docs.js",
                  "file": "\\src\\collection\\js-basics\\01_types\\03_special-values\\01_index_docs.js",
[...]
          "_timeout": 2000
        },
        {
          "uuid": "5fde40f8-6916-41cb-857a-bbc812c0e1c8",
          "title": "TODO: Lexical Scope",
          "fullFile": "D:\\Work\\Development\\Language-Solutions\\Javascript\\JS_solutions\\src\\collection\\js-basics\\03_scope\\03_advanced-scope\\01_lexical-scope_docs.js",
          "file": "\\src\\collection\\js-basics\\03_scope\\03_advanced-scope\\01_lexical-scope_docs.js",
          "beforeHooks": [],
          "afterHooks": [],
          "tests": [
            {
              "title": "TODO: Lexical Scope",
              "fullTitle": "TODO: Lexical Scope TODO: Lexical Scope",
              "timedOut": false,
              "duration": 0,
              "state": "passed",
              "speed": "fast",
              "pass": true,
              "fail": false,
              "pending": false,
              "context": null,
              "code": "assert.equal('TODO', 'TODO');",
              "err": {},
              "uuid": "2ff2b2b8-bf6c-4250-b4be-3e32fc3a6ce0",
              "parentUUID": "5fde40f8-6916-41cb-857a-bbc812c0e1c8",
              "isHook": false,
              "skipped": false
            }
          ],
          "suites": [],
          "passes": [
            "2ff2b2b8-bf6c-4250-b4be-3e32fc3a6ce0"
          ],
          "failures": [],
          "pending": [],
          "skipped": [],
          "duration": 0,
          "root": false,
          "rootEmpty": false,
          "_timeout": 2000
        },
        {
          "uuid": "258eaa15-0cd6-42e0-8bfc-227ff333a70a",
          "title": "TODO: Naming collision problem",
          "fullFile": "D:\\Work\\Development\\Language-Solutions\\Javascript\\JS_solutions\\src\\collection\\js-basics\\03_scope\\03_advanced-scope\\02_function-scope_docs.js",
          "file": "\\src\\collection\\js-basics\\03_scope\\03_advanced-scope\\02_function-scope_docs.js",
          "beforeHooks": [],
          "afterHooks": [],
          "tests": [
            {
              "title": "TODO: Lexical Scope",
              "fullTitle": "TODO: Naming collision problem TODO: Lexical Scope",
              "timedOut": false,
              "duration": 0,
              "state": "passed",
              "speed": "fast",
              "pass": true,
              "fail": false,
              "pending": false,
              "context": null,
              "code": "assert.equal('TODO', 'TODO');",
              "err": {},
              "uuid": "97fab3e0-e8fa-47cd-b099-3ad930ed735c",
              "parentUUID": "258eaa15-0cd6-42e0-8bfc-227ff333a70a",
              "isHook": false,
              "skipped": false
            }
          ],
          "suites": [],
          "passes": [
            "97fab3e0-e8fa-47cd-b099-3ad930ed735c"
          ],
          "failures": [],
          "pending": [],
          "skipped": [],
          "duration": 0,
          "root": false,
          "rootEmpty": false,
          "_timeout": 2000
        },
        {
          "uuid": "3bb65d84-3ed0-4b4d-9f4e-3ba91b29e4ac",
          "title": "TODO: Use function declaration as scope",
          "fullFile": "D:\\Work\\Development\\Language-Solutions\\Javascript\\JS_solutions\\src\\collection\\js-basics\\03_scope\\03_advanced-scope\\02_function-scope_docs.js",
          "file": "\\src\\collection\\js-basics\\03_scope\\03_advanced-scope\\02_function-scope_docs.js",
          "beforeHooks": [],
          "afterHooks": [],
          "tests": [
            {
              "title": "TODO: Use function declaration as scope",
              "fullTitle": "TODO: Use function declaration as scope TODO: Use function declaration as scope",
              "timedOut": false,
              "duration": 0,
              "state": "passed",
              "speed": "fast",
              "pass": true,
              "fail": false,
              "pending": false,
              "context": null,
              "code": "assert.equal('TODO', 'TODO');",
              "err": {},
              "uuid": "bb61b714-b401-416e-856e-4e12e060a1b8",
              "parentUUID": "3bb65d84-3ed0-4b4d-9f4e-3ba91b29e4ac",
              "isHook": false,
              "skipped": false
            }
          ],
          "suites": [],
          "passes": [
            "bb61b714-b401-416e-856e-4e12e060a1b8"
          ],
          "failures": [],
          "pending": [],
          "skipped": [],
          "duration": 0,
          "root": false,
          "rootEmpty": false,
          "_timeout": 2000
        },
        {
          "uuid": "302d4e07-654c-4da2-b8d2-9f9024f9d994",
          "title": "TODO: Use function expression as scope",
          "fullFile": "D:\\Work\\Development\\Language-Solutions\\Javascript\\JS_solutions\\src\\collection\\js-basics\\03_scope\\03_advanced-scope\\02_function-scope_docs.js",
          "file": "\\src\\collection\\js-basics\\03_scope\\03_advanced-scope\\02_function-scope_docs.js",
          "beforeHooks": [],
          "afterHooks": [],
          "tests": [
            {
              "title": "TODO: Use function expression as scope",
              "fullTitle": "TODO: Use function expression as scope TODO: Use function expression as scope",
              "timedOut": false,
              "duration": 0,
              "state": "passed",
              "speed": "fast",
              "pass": true,
              "fail": false,
              "pending": false,
              "context": null,
              "code": "assert.equal('TODO', 'TODO');",
              "err": {},
              "uuid": "44f39308-2428-486e-9462-bcaf6a2c0dfa",
              "parentUUID": "302d4e07-654c-4da2-b8d2-9f9024f9d994",
              "isHook": false,
              "skipped": false
            }
          ],
          "suites": [],
          "passes": [
            "44f39308-2428-486e-9462-bcaf6a2c0dfa"
          ],
          "failures": [],
          "pending": [],
          "skipped": [],
          "duration": 0,
          "root": false,
          "rootEmpty": false,
          "_timeout": 2000
        },
        {
          "uuid": "f939de74-402a-4c32-a747-df0669be7072",
          "title": "TODO: Use IIFE as scope",
          "fullFile": "D:\\Work\\Development\\Language-Solutions\\Javascript\\JS_solutions\\src\\collection\\js-basics\\03_scope\\03_advanced-scope\\02_function-scope_docs.js",
          "file": "\\src\\collection\\js-basics\\03_scope\\03_advanced-scope\\02_function-scope_docs.js",
          "beforeHooks": [],
          "afterHooks": [],
          "tests": [
            {
              "title": "TODO: Use IIFE as scope",
              "fullTitle": "TODO: Use IIFE as scope TODO: Use IIFE as scope",
              "timedOut": false,
              "duration": 0,
              "state": "passed",
              "speed": "fast",
              "pass": true,
              "fail": false,
              "pending": false,
              "context": null,
              "code": "assert.equal('TODO', 'TODO');",
              "err": {},
              "uuid": "10106a0a-b09e-4896-b30b-f5359e541661",
              "parentUUID": "f939de74-402a-4c32-a747-df0669be7072",
              "isHook": false,
              "skipped": false
            }
          ],
          "suites": [],
          "passes": [
            "10106a0a-b09e-4896-b30b-f5359e541661"
          ],
          "failures": [],
          "pending": [],
          "skipped": [],
          "duration": 0,
          "root": false,
          "rootEmpty": false,
          "_timeout": 2000
        },
        {
          "uuid": "c9c8a5c7-3287-4662-a317-d10067c14e75",
          "title": "TODO: Anonymous IIFE as scope",
          "fullFile": "D:\\Work\\Development\\Language-Solutions\\Javascript\\JS_solutions\\src\\collection\\js-basics\\03_scope\\03_advanced-scope\\02_function-scope_docs.js",
          "file": "\\src\\collection\\js-basics\\03_scope\\03_advanced-scope\\02_function-scope_docs.js",
          "beforeHooks": [],
          "afterHooks": [],
          "tests": [
            {
              "title": "TODO: Anonymous IIFE as scope",
              "fullTitle": "TODO: Anonymous IIFE as scope TODO: Anonymous IIFE as scope",
              "timedOut": false,
              "duration": 0,
              "state": "passed",
              "speed": "fast",
              "pass": true,
              "fail": false,
              "pending": false,
              "context": null,
              "code": "assert.equal('TODO', 'TODO');",
              "err": {},
              "uuid": "17178486-f3d6-4b95-89a6-5154ea01d2c2",
              "parentUUID": "c9c8a5c7-3287-4662-a317-d10067c14e75",
              "isHook": false,
              "skipped": false
            }
          ],
          "suites": [],
          "passes": [
            "17178486-f3d6-4b95-89a6-5154ea01d2c2"
          ],
          "failures": [],
          "pending": [],
          "skipped": [],
          "duration": 0,
          "root": false,
          "rootEmpty": false,
          "_timeout": 2000
        },
        {
          "uuid": "5a4416fa-3bef-4da8-9e8f-dc21952e3b1c",
          "title": "TODO: Use try catch and IIFE",
          "fullFile": "D:\\Work\\Development\\Language-Solutions\\Javascript\\JS_solutions\\src\\collection\\js-basics\\03_scope\\03_advanced-scope\\02_function-scope_docs.js",
          "file": "\\src\\collection\\js-basics\\03_scope\\03_advanced-scope\\02_function-scope_docs.js",
          "beforeHooks": [],
          "afterHooks": [],
          "tests": [
            {
              "title": "TODO: Use try catch and IIFE",
              "fullTitle": "TODO: Use try catch and IIFE TODO: Use try catch and IIFE",
              "timedOut": false,
              "duration": 0,
              "state": "passed",
              "speed": "fast",
              "pass": true,
              "fail": false,
              "pending": false,
              "context": null,
              "code": "assert.equal('TODO', 'TODO');",
              "err": {},
              "uuid": "0c9a6de1-19a3-41e4-92c6-29c060a16c07",
              "parentUUID": "5a4416fa-3bef-4da8-9e8f-dc21952e3b1c",
              "isHook": false,
              "skipped": false
            }
          ],
          "suites": [],
          "passes": [
            "0c9a6de1-19a3-41e4-92c6-29c060a16c07"
          ],
          "failures": [],
          "pending": [],
          "skipped": [],
          "duration": 0,
          "root": false,
          "rootEmpty": false,
          "_timeout": 2000
        },
        {
          "uuid": "cb8fdad7-e532-436c-8373-54d6697c1e95",
          "title": "TODO: Use block scope",
          "fullFile": "D:\\Work\\Development\\Language-Solutions\\Javascript\\JS_solutions\\src\\collection\\js-basics\\03_scope\\03_advanced-scope\\03_block-scope_docs.js",
          "file": "\\src\\collection\\js-basics\\03_scope\\03_advanced-scope\\03_block-scope_docs.js",
          "beforeHooks": [],
          "afterHooks": [],
          "tests": [
            {
              "title": "TODO: Use block scope",
              "fullTitle": "TODO: Use block scope TODO: Use block scope",
              "timedOut": false,
              "duration": 0,
              "state": "passed",
              "speed": "fast",
              "pass": true,
              "fail": false,
              "pending": false,
              "context": null,
              "code": "assert.equal('TODO', 'TODO');",
              "err": {},
              "uuid": "c1c547e9-ca72-4d39-bbe8-8f407b0cb0ee",
              "parentUUID": "cb8fdad7-e532-436c-8373-54d6697c1e95",
              "isHook": false,
              "skipped": false
            }
          ],
          "suites": [],
          "passes": [
            "c1c547e9-ca72-4d39-bbe8-8f407b0cb0ee"
          ],
          "failures": [],
          "pending": [],
          "skipped": [],
          "duration": 0,
          "root": false,
          "rootEmpty": false,
          "_timeout": 2000
        },
        {
          "uuid": "cb875401-b453-47f7-bf36-67fe4f15d0e5",
          "title": "TODO: Block scope intent",
          "fullFile": "D:\\Work\\Development\\Language-Solutions\\Javascript\\JS_solutions\\src\\collection\\js-basics\\03_scope\\03_advanced-scope\\03_block-scope_docs.js",
          "file": "\\src\\collection\\js-basics\\03_scope\\03_advanced-scope\\03_block-scope_docs.js",
          "beforeHooks": [],
          "afterHooks": [],
          "tests": [
            {
              "title": "TODO: Block scope intent",
              "fullTitle": "TODO: Block scope intent TODO: Block scope intent",
              "timedOut": false,
              "duration": 0,
              "state": "passed",
              "speed": "fast",
              "pass": true,
              "fail": false,
              "pending": false,
              "context": null,
              "code": "assert.equal('TODO', 'TODO');",
              "err": {},
              "uuid": "93fa0eda-5a8c-40e1-91e3-6d44acefa881",
              "parentUUID": "cb875401-b453-47f7-bf36-67fe4f15d0e5",
              "isHook": false,
              "skipped": false
            }
          ],
          "suites": [],
          "passes": [
            "93fa0eda-5a8c-40e1-91e3-6d44acefa881"
          ],
          "failures": [],
          "pending": [],
          "skipped": [],
          "duration": 0,
          "root": false,
          "rootEmpty": false,
          "_timeout": 2000
        },
        {
          "uuid": "6cb1d804-3fa5-42de-8405-312ba5383182",
          "title": "TODO: Use let and var in intended places",
          "fullFile": "D:\\Work\\Development\\Language-Solutions\\Javascript\\JS_solutions\\src\\collection\\js-basics\\03_scope\\03_advanced-scope\\03_block-scope_docs.js",
          "file": "\\src\\collection\\js-basics\\03_scope\\03_advanced-scope\\03_block-scope_docs.js",
          "beforeHooks": [],
          "afterHooks": [],
          "tests": [
            {
              "title": "TODO: Use let and var in intended places",
              "fullTitle": "TODO: Use let and var in intended places TODO: Use let and var in intended places",
              "timedOut": false,
              "duration": 0,
              "state": "passed",
              "speed": "fast",
              "pass": true,
              "fail": false,
              "pending": false,
              "context": null,
              "code": "assert.equal('TODO', 'TODO');",
              "err": {},
              "uuid": "7067e4ca-ac1d-4f42-a2fc-bac10d035dfe",
              "parentUUID": "6cb1d804-3fa5-42de-8405-312ba5383182",
              "isHook": false,
              "skipped": false
            }
          ],
          "suites": [],
          "passes": [
            "7067e4ca-ac1d-4f42-a2fc-bac10d035dfe"
          ],
          "failures": [],
          "pending": [],
          "skipped": [],
          "duration": 0,
          "root": false,
          "rootEmpty": false,
          "_timeout": 2000
        },
        {
          "uuid": "a9b22d25-671f-4659-a344-ba605e62db20",
          "title": "TODO: var is preferable in some cases (try catch)",
          "fullFile": "D:\\Work\\Development\\Language-Solutions\\Javascript\\JS_solutions\\src\\collection\\js-basics\\03_scope\\03_advanced-scope\\03_block-scope_docs.js",
          "file": "\\src\\collection\\js-basics\\03_scope\\03_advanced-scope\\03_block-scope_docs.js",
          "beforeHooks": [],
          "afterHooks": [],
          "tests": [
            {
              "title": "TODO: var is preferable in some cases (try catch)",
              "fullTitle": "TODO: var is preferable in some cases (try catch) TODO: var is preferable in some cases (try catch)",
              "timedOut": false,
              "duration": 0,
              "state": "passed",
              "speed": "fast",
              "pass": true,
              "fail": false,
              "pending": false,
              "context": null,
              "code": "assert.equal('TODO', 'TODO');",
              "err": {},
              "uuid": "9260d595-83b7-4d78-9dbb-24465a75efad",
              "parentUUID": "a9b22d25-671f-4659-a344-ba605e62db20",
              "isHook": false,
              "skipped": false
            }
          ],
          "suites": [],
          "passes": [
            "9260d595-83b7-4d78-9dbb-24465a75efad"
          ],
          "failures": [],
          "pending": [],
          "skipped": [],
          "duration": 0,
          "root": false,
          "rootEmpty": false,
          "_timeout": 2000
        },
        {
          "uuid": "03cede06-cde6-49f0-9c4f-7ec143dfebb6",
          "title": "TODO: Explicit let block",
          "fullFile": "D:\\Work\\Development\\Language-Solutions\\Javascript\\JS_solutions\\src\\collection\\js-basics\\03_scope\\03_advanced-scope\\03_block-scope_docs.js",
          "file": "\\src\\collection\\js-basics\\03_scope\\03_advanced-scope\\03_block-scope_docs.js",
          "beforeHooks": [],
          "afterHooks": [],
          "tests": [
            {
              "title": "TODO: Explicit let block",
              "fullTitle": "TODO: Explicit let block TODO: Explicit let block",
              "timedOut": false,
              "duration": 0,
              "state": "passed",
              "speed": "fast",
              "pass": true,
              "fail": false,
              "pending": false,
              "context": null,
              "code": "assert.equal('TODO', 'TODO');",
              "err": {},
              "uuid": "b8b1d9ca-140a-49c1-86ff-e9ac798853e6",
              "parentUUID": "03cede06-cde6-49f0-9c4f-7ec143dfebb6",
              "isHook": false,
              "skipped": false
            }
          ],
          "suites": [],
          "passes": [
            "b8b1d9ca-140a-49c1-86ff-e9ac798853e6"
          ],
          "failures": [],
          "pending": [],
          "skipped": [],
          "duration": 0,
          "root": false,
          "rootEmpty": false,
          "_timeout": 2000
        },
        {
          "uuid": "6fe45109-f967-49f0-a8da-bdef1e1957d7",
          "title": "TODO: const",
          "fullFile": "D:\\Work\\Development\\Language-Solutions\\Javascript\\JS_solutions\\src\\collection\\js-basics\\03_scope\\03_advanced-scope\\03_block-scope_docs.js",
          "file": "\\src\\collection\\js-basics\\03_scope\\03_advanced-scope\\03_block-scope_docs.js",
          "beforeHooks": [],
          "afterHooks": [],
          "tests": [
            {
              "title": "TODO: const",
              "fullTitle": "TODO: const TODO: const",
              "timedOut": false,
              "duration": 0,
              "state": "passed",
              "speed": "fast",
              "pass": true,
              "fail": false,
              "pending": false,
              "context": null,
              "code": "assert.equal('TODO', 'TODO');",
              "err": {},
              "uuid": "a4d47ed9-05b1-4984-b682-ab475dacf161",
              "parentUUID": "6fe45109-f967-49f0-a8da-bdef1e1957d7",
              "isHook": false,
              "skipped": false
            }
          ],
          "suites": [],
          "passes": [
            "a4d47ed9-05b1-4984-b682-ab475dacf161"
          ],
          "failures": [],
          "pending": [],
          "skipped": [],
          "duration": 0,
          "root": false,
          "rootEmpty": false,
          "_timeout": 2000
        }
      ],
      "passes": [],
      "failures": [],
      "pending": [],
      "skipped": [],
      "duration": 0,
      "root": true,
      "rootEmpty": true,
      "_timeout": 2000
    }
  ],
  "meta": {
    "mocha": {
      "version": "5.2.0"
    },
    "mochawesome": {
      "options": {
        "quiet": false,
        "reportFilename": "mochawesome",
        "saveHtml": true,
        "saveJson": true,
        "consoleReporter": "spec",
        "useInlineDiffs": false
      },
      "version": "4.1.0"
    },
    "marge": {
      "options": {
        "reportDir": "src/collection/js-basics/documentation"
      },
      "version": "4.0.1"
    }
  }
}