{
  "stats": {
    "suites": 139,
    "tests": 310,
    "passes": 310,
    "pending": 0,
    "failures": 0,
    "start": "2019-09-09T11:18:25.339Z",
    "end": "2019-09-09T11:18:25.702Z",
    "duration": 363,
    "testsRegistered": 310,
    "passPercent": 100,
    "pendingPercent": 0,
    "other": 0,
    "hasOther": false,
    "skipped": 0,
    "hasSkipped": false
  },
  "results": [
    {
      "uuid": "495c7e50-ecf9-4fb3-99f8-8b178f2e80b9",
      "title": "",
      "fullFile": "",
      "file": "",
      "beforeHooks": [],
      "afterHooks": [],
      "tests": [],
      "suites": [
        {
          "uuid": "ab242fcb-7c21-487f-81f4-823a3d6efbd3",
          "title": "TODO: Closure",
          "fullFile": "D:\\Work\\Development\\Language-Solutions\\Javascript\\JS_solutions\\src\\collection\\js-basics\\04_closure\\01_closure_docs.js",
          "file": "\\src\\collection\\js-basics\\04_closure\\01_closure_docs.js",
          "beforeHooks": [],
          "afterHooks": [],
          "tests": [
            {
              "title": "Closure is when a function remembers its lexical scope even when the function is executed outside that lexical scope",
              "fullTitle": "TODO: Closure Closure is when a function remembers its lexical scope even when the function is executed outside that lexical scope",
              "timedOut": false,
              "duration": 1,
              "state": "passed",
              "speed": "fast",
              "pass": true,
              "fail": false,
              "pending": false,
              "context": null,
              "code": "assert.equal('TODO', 'TODO');",
              "err": {},
              "uuid": "188ac2b2-48b4-47b4-9903-bf3e03ceaa0d",
              "parentUUID": "ab242fcb-7c21-487f-81f4-823a3d6efbd3",
              "isHook": false,
              "skipped": false
            }
          ],
          "suites": [],
          "passes": [
            "188ac2b2-48b4-47b4-9903-bf3e03ceaa0d"
          ],
          "failures": [],
          "pending": [],
          "skipped": [],
          "duration": 1,
          "root": false,
          "rootEmpty": false,
          "_timeout": 2000
        },
        {
          "uuid": "3157961a-e61b-4367-a341-dd8d072d10b3",
          "title": "TODO: Closure - Not capturing a value, but closing over variable",
          "fullFile": "D:\\Work\\Development\\Language-Solutions\\Javascript\\JS_solutions\\src\\collection\\js-basics\\04_closure\\01_closure_docs.js",
          "file": "\\src\\collection\\js-basics\\04_closure\\01_closure_docs.js",
          "beforeHooks": [],
          "afterHooks": [],
          "tests": [
            {
              "title": "In the above example, we are not closing over the value teacher had. But, we are closing over the variable teacher. So when the variable is changes, it gives 'Suzy'",
              "fullTitle": "TODO: Closure - Not capturing a value, but closing over variable In the above example, we are not closing over the value teacher had. But, we are closing over the variable teacher. So when the variable is changes, it gives 'Suzy'",
              "timedOut": false,
              "duration": 0,
              "state": "passed",
              "speed": "fast",
              "pass": true,
              "fail": false,
              "pending": false,
              "context": null,
              "code": "",
              "err": {},
              "uuid": "800b0ecb-59db-4439-b939-a20f9c3e9571",
              "parentUUID": "3157961a-e61b-4367-a341-dd8d072d10b3",
              "isHook": false,
              "skipped": false
            }
          ],
          "suites": [],
          "passes": [
            "800b0ecb-59db-4439-b939-a20f9c3e9571"
          ],
          "failures": [],
          "pending": [],
          "skipped": [],
          "duration": 0,
          "root": false,
          "rootEmpty": false,
          "_timeout": 2000
        },
        {
          "uuid": "08212255-332f-4fd6-9e74-f3c8104bc2c2",
          "title": "Closure in loops",
          "fullFile": "D:\\Work\\Development\\Language-Solutions\\Javascript\\JS_solutions\\src\\collection\\js-basics\\04_closure\\01_closure_docs.js",
          "file": "\\src\\collection\\js-basics\\04_closure\\01_closure_docs.js",
          "beforeHooks": [],
          "afterHooks": [],
          "tests": [
            {
              "title": "In this example, we are trying to create three different 'i' values. If we are in the mindset that we are closing over values, we would be completely wrong. It is fundamentally closed over the variable i, So when we print the value, the loop had already finished and current value is 4 (and not 3)",
              "fullTitle": "Closure in loops In this example, we are trying to create three different 'i' values. If we are in the mindset that we are closing over values, we would be completely wrong. It is fundamentally closed over the variable i, So when we print the value, the loop had already finished and current value is 4 (and not 3)",
              "timedOut": false,
              "duration": 0,
              "state": "passed",
              "speed": "fast",
              "pass": true,
              "fail": false,
              "pending": false,
              "context": null,
              "code": "",
              "err": {},
              "uuid": "1b0411cb-5751-4df3-ab85-ce9c4cc29774",
              "parentUUID": "08212255-332f-4fd6-9e74-f3c8104bc2c2",
              "isHook": false,
              "skipped": false
            }
          ],
          "suites": [],
          "passes": [
            "1b0411cb-5751-4df3-ab85-ce9c4cc29774"
          ],
          "failures": [],
          "pending": [],
          "skipped": [],
          "duration": 0,
          "root": false,
          "rootEmpty": false,
          "_timeout": 2000
        },
        {
          "uuid": "17c6b2f1-61aa-4490-b5cc-7d457d0ceb73",
          "title": "Solving closure problems with let in for loop",
          "fullFile": "D:\\Work\\Development\\Language-Solutions\\Javascript\\JS_solutions\\src\\collection\\js-basics\\04_closure\\01_closure_docs.js",
          "file": "\\src\\collection\\js-basics\\04_closure\\01_closure_docs.js",
          "beforeHooks": [],
          "afterHooks": [],
          "tests": [
            {
              "title": "Here, if we replace the var with let, it automatically works. As let is block scoped and it creates new scopes for each iteration, when the variable is closed over, it remembers the lexical environment and that environment had the corresponding i value",
              "fullTitle": "Solving closure problems with let in for loop Here, if we replace the var with let, it automatically works. As let is block scoped and it creates new scopes for each iteration, when the variable is closed over, it remembers the lexical environment and that environment had the corresponding i value",
              "timedOut": false,
              "duration": 0,
              "state": "passed",
              "speed": "fast",
              "pass": true,
              "fail": false,
              "pending": false,
              "context": null,
              "code": "",
              "err": {},
              "uuid": "191c5190-4c7a-4e2f-97d8-f3c45f7e75fe",
              "parentUUID": "17c6b2f1-61aa-4490-b5cc-7d457d0ceb73",
              "isHook": false,
              "skipped": false
            }
          ],
          "suites": [],
          "passes": [
            "191c5190-4c7a-4e2f-97d8-f3c45f7e75fe"
          ],
          "failures": [],
          "pending": [],
          "skipped": [],
          "duration": 0,
          "root": false,
          "rootEmpty": false,
          "_timeout": 2000
        },
        {
          "uuid": "482938de-e3cd-4910-8faf-ff50601a9bc8",
          "title": "Power values",
          "fullFile": "D:\\Work\\Development\\Language-Solutions\\Javascript\\JS_solutions\\src\\collection\\js-basics\\04_closure\\02_closure-examples_docs.js",
          "file": "\\src\\collection\\js-basics\\04_closure\\02_closure-examples_docs.js",
          "beforeHooks": [],
          "afterHooks": [],
          "tests": [
            {
              "title": "Problem Statement: If we are given an array of values and integer value for power, return value ** power.\n\tEg: Given [1,2,3] and 2 => [1,4,9]\n\tEg: Given [1,2,3] and 3 => [1,8,27]",
              "fullTitle": "Power values Problem Statement: If we are given an array of values and integer value for power, return value ** power.\n\tEg: Given [1,2,3] and 2 => [1,4,9]\n\tEg: Given [1,2,3] and 3 => [1,8,27]",
              "timedOut": false,
              "duration": 0,
              "state": "passed",
              "speed": "fast",
              "pass": true,
              "fail": false,
              "pending": false,
              "context": null,
              "code": "",
              "err": {},
              "uuid": "1141a9c9-89a1-434e-a4b3-434465dcb8e8",
              "parentUUID": "482938de-e3cd-4910-8faf-ff50601a9bc8",
              "isHook": false,
              "skipped": false
            },
            {
              "title": "Here, when the function power is called inside map, it in turn returns another function and this function is used for mapping over the values. But the inputPower value that is sent is remembered, even when the power function is already finished executing. It forms a closure, closing over the variable powerValue.",
              "fullTitle": "Power values Here, when the function power is called inside map, it in turn returns another function and this function is used for mapping over the values. But the inputPower value that is sent is remembered, even when the power function is already finished executing. It forms a closure, closing over the variable powerValue.",
              "timedOut": false,
              "duration": 1,
              "state": "passed",
              "speed": "fast",
              "pass": true,
              "fail": false,
              "pending": false,
              "context": null,
              "code": "",
              "err": {},
              "uuid": "153a3fd9-ccc6-4e5a-8f64-5f80a87b1abf",
              "parentUUID": "482938de-e3cd-4910-8faf-ff50601a9bc8",
              "isHook": false,
              "skipped": false
            },
            {
              "title": "should return [1,4,9] when [1,2,3] and 2 is passed.",
              "fullTitle": "Power values should return [1,4,9] when [1,2,3] and 2 is passed.",
              "timedOut": false,
              "duration": 1,
              "state": "passed",
              "speed": "fast",
              "pass": true,
              "fail": false,
              "pending": false,
              "context": null,
              "code": "var output = powerMap([1,2,3], 2);\n\t\t\tassert.deepEqual(output, [1,4,9]);",
              "err": {},
              "uuid": "df16d673-3a35-428c-851b-ea0399e65f28",
              "parentUUID": "482938de-e3cd-4910-8faf-ff50601a9bc8",
              "isHook": false,
              "skipped": false
            }
          ],
          "suites": [],
          "passes": [
            "1141a9c9-89a1-434e-a4b3-434465dcb8e8",
            "153a3fd9-ccc6-4e5a-8f64-5f80a87b1abf",
            "df16d673-3a35-428c-851b-ea0399e65f28"
          ],
          "failures": [],
          "pending": [],
          "skipped": [],
          "duration": 2,
          "root": false,
          "rootEmpty": false,
          "_timeout": 2000
        },
        {
          "uuid": "3e88e6c2-ae58-4f25-b385-11d7ec9ea51c",
          "title": "Namespace - Not a module",
          "fullFile": "D:\\Work\\Development\\Language-Solutions\\Javascript\\JS_solutions\\src\\collection\\js-basics\\04_closure\\03_modules_docs.js",
          "file": "\\src\\collection\\js-basics\\04_closure\\03_modules_docs.js",
          "beforeHooks": [],
          "afterHooks": [],
          "tests": [
            {
              "title": "TODO Namespace - Not a module",
              "fullTitle": "Namespace - Not a module TODO Namespace - Not a module",
              "timedOut": false,
              "duration": 1,
              "state": "passed",
              "speed": "fast",
              "pass": true,
              "fail": false,
              "pending": false,
              "context": null,
              "code": "assert.equal('TODO', 'TODO');",
              "err": {},
              "uuid": "e969d8e0-2acf-4afd-9b96-481fb36f671b",
              "parentUUID": "3e88e6c2-ae58-4f25-b385-11d7ec9ea51c",
              "isHook": false,
              "skipped": false
            }
          ],
          "suites": [],
          "passes": [
            "e969d8e0-2acf-4afd-9b96-481fb36f671b"
          ],
          "failures": [],
          "pending": [],
          "skipped": [],
          "duration": 1,
          "root": false,
          "rootEmpty": false,
          "_timeout": 2000
        },
        {
          "uuid": "53a5e994-c4ec-47a9-81f6-29c07f2f23e0",
          "title": "Classic/Revealing Module pattern",
          "fullFile": "D:\\Work\\Development\\Language-Solutions\\Javascript\\JS_solutions\\src\\collection\\js-basics\\04_closure\\03_modules_docs.js",
          "file": "\\src\\collection\\js-basics\\04_closure\\03_modules_docs.js",
          "beforeHooks": [],
          "afterHooks": [],
          "tests": [
            {
              "title": "TODO Classic/Revealing Module pattern",
              "fullTitle": "Classic/Revealing Module pattern TODO Classic/Revealing Module pattern",
              "timedOut": false,
              "duration": 0,
              "state": "passed",
              "speed": "fast",
              "pass": true,
              "fail": false,
              "pending": false,
              "context": null,
              "code": "assert.equal('TODO', 'TODO');",
              "err": {},
              "uuid": "be9cd029-dfa4-40be-818b-4d6f03380a6e",
              "parentUUID": "53a5e994-c4ec-47a9-81f6-29c07f2f23e0",
              "isHook": false,
              "skipped": false
            }
          ],
          "suites": [],
          "passes": [
            "be9cd029-dfa4-40be-818b-4d6f03380a6e"
          ],
          "failures": [],
          "pending": [],
          "skipped": [],
          "duration": 0,
          "root": false,
          "rootEmpty": false,
          "_timeout": 2000
        },
        {
          "uuid": "4909d67b-6df0-4161-bcc7-c7810c45483f",
          "title": "Module Factory",
          "fullFile": "D:\\Work\\Development\\Language-Solutions\\Javascript\\JS_solutions\\src\\collection\\js-basics\\04_closure\\03_modules_docs.js",
          "file": "\\src\\collection\\js-basics\\04_closure\\03_modules_docs.js",
          "beforeHooks": [],
          "afterHooks": [],
          "tests": [
            {
              "title": "TODO: Module Factory",
              "fullTitle": "Module Factory TODO: Module Factory",
              "timedOut": false,
              "duration": 0,
              "state": "passed",
              "speed": "fast",
              "pass": true,
              "fail": false,
              "pending": false,
              "context": null,
              "code": "",
              "err": {},
              "uuid": "ee45328f-1ac1-4f9c-9447-a8420609c821",
              "parentUUID": "4909d67b-6df0-4161-bcc7-c7810c45483f",
              "isHook": false,
              "skipped": false
            }
          ],
          "suites": [],
          "passes": [
            "ee45328f-1ac1-4f9c-9447-a8420609c821"
          ],
          "failures": [],
          "pending": [],
          "skipped": [],
          "duration": 0,
          "root": false,
          "rootEmpty": false,
          "_timeout": 2000
        },
        {
          "uuid": "56efe997-d2fa-4508-ab23-391353a0c49c",
          "title": "TODO ES6 Modules",
          "fullFile": "D:\\Work\\Development\\Language-Solutions\\Javascript\\JS_solutions\\src\\collection\\js-basics\\04_closure\\04_es6-modules_docs.js",
          "file": "\\src\\collection\\js-basics\\04_closure\\04_es6-modules_docs.js",
          "beforeHooks": [],
          "afterHooks": [],
          "tests": [
            {
              "title": "TODO ES6 Modules",
              "fullTitle": "TODO ES6 Modules TODO ES6 Modules",
              "timedOut": false,
              "duration": 0,
              "state": "passed",
              "speed": "fast",
              "pass": true,
              "fail": false,
              "pending": false,
              "context": null,
              "code": "assert.equal('TODO', 'TODO');",
              "err": {},
              "uuid": "a1ba93ce-b599-4d2a-b3d7-df2cb5347af5",
              "parentUUID": "56efe997-d2fa-4508-ab23-391353a0c49c",
              "isHook": false,
              "skipped": false
            }
          ],
          "suites": [],
          "passes": [
            "a1ba93ce-b599-4d2a-b3d7-df2cb5347af5"
          ],
          "failures": [],
          "pending": [],
          "skipped": [],
          "duration": 0,
          "root": false,
          "rootEmpty": false,
          "_timeout": 2000
        },
        {
          "uuid": "7b76c43c-6be9-480e-942f-9d07da879284",
          "title": "Prototype as class",
          "fullFile": "D:\\Work\\Development\\Language-Solutions\\Javascript\\JS_solutions\\src\\collection\\js-basics\\06_prototypes\\01_index_docs.js",
          "file": "\\src\\collection\\js-basics\\06_prototypes\\01_index_docs.js",
          "beforeHooks": [],
          "afterHooks": [],
          "tests": [
            {
              "title": "Prototype as class",
              "fullTitle": "Prototype as class Prototype as class",
              "timedOut": false,
              "duration": 0,
              "state": "passed",
              "speed": "fast",
              "pass": true,
              "fail": false,
              "pending": false,
              "context": null,
              "code": "",
              "err": {},
              "uuid": "30206fcf-3bed-423e-bb08-eb8e2befc6f9",
              "parentUUID": "7b76c43c-6be9-480e-942f-9d07da879284",
              "isHook": false,
              "skipped": false
            }
          ],
          "suites": [],
          "passes": [
            "30206fcf-3bed-423e-bb08-eb8e2befc6f9"
          ],
          "failures": [],
          "pending": [],
          "skipped": [],
          "duration": 0,
          "root": false,
          "rootEmpty": false,
          "_timeout": 2000
        },
        {
          "uuid": "ac8f8e3e-132d-4344-be89-eb30ca97b3bd",
          "title": "__proto__ linkage",
          "fullFile": "D:\\Work\\Development\\Language-Solutions\\Javascript\\JS_solutions\\src\\collection\\js-basics\\06_prototypes\\02_proto-linkage_docs.js",
          "file": "\\src\\collection\\js-basics\\06_prototypes\\02_proto-linkage_docs.js",
          "beforeHooks": [],
          "afterHooks": [],
          "tests": [
            {
              "title": "__proto__ gives the prototype linkage, which takes us up one level in the prototype chain.",
              "fullTitle": "__proto__ linkage __proto__ gives the prototype linkage, which takes us up one level in the prototype chain.",
              "timedOut": false,
              "duration": 0,
              "state": "passed",
              "speed": "fast",
              "pass": true,
              "fail": false,
              "pending": false,
              "context": null,
              "code": "",
              "err": {},
              "uuid": "03cb7e55-6d7a-4e0d-9d5a-bade03c8e594",
              "parentUUID": "ac8f8e3e-132d-4344-be89-eb30ca97b3bd",
              "isHook": false,
              "skipped": false
            }
          ],
          "suites": [],
          "passes": [
            "03cb7e55-6d7a-4e0d-9d5a-bade03c8e594"
          ],
          "failures": [],
          "pending": [],
          "skipped": [],
          "duration": 0,
          "root": false,
          "rootEmpty": false,
          "_timeout": 2000
        },
        {
          "uuid": "e13cf85a-6276-452f-8963-7b9305e90491",
          "title": "Shadowing (override child methods)",
          "fullFile": "D:\\Work\\Development\\Language-Solutions\\Javascript\\JS_solutions\\src\\collection\\js-basics\\06_prototypes\\03_shadowing_docs.js",
          "file": "\\src\\collection\\js-basics\\06_prototypes\\03_shadowing_docs.js",
          "beforeHooks": [],
          "afterHooks": [],
          "tests": [
            {
              "title": "When we try to shadowing, without knowing how the system works, it results in infinite recursion.",
              "fullTitle": "Shadowing (override child methods) When we try to shadowing, without knowing how the system works, it results in infinite recursion.",
              "timedOut": false,
              "duration": 0,
              "state": "passed",
              "speed": "fast",
              "pass": true,
              "fail": false,
              "pending": false,
              "context": null,
              "code": "",
              "err": {},
              "uuid": "f5739a63-7738-48f5-957d-cfdff5685283",
              "parentUUID": "e13cf85a-6276-452f-8963-7b9305e90491",
              "isHook": false,
              "skipped": false
            }
          ],
          "suites": [],
          "passes": [
            "f5739a63-7738-48f5-957d-cfdff5685283"
          ],
          "failures": [],
          "pending": [],
          "skipped": [],
          "duration": 0,
          "root": false,
          "rootEmpty": false,
          "_timeout": 2000
        },
        {
          "uuid": "4c06af75-9e67-4df0-9e05-2529c335b425",
          "title": "Fake polymorphism",
          "fullFile": "D:\\Work\\Development\\Language-Solutions\\Javascript\\JS_solutions\\src\\collection\\js-basics\\06_prototypes\\03_shadowing_docs.js",
          "file": "\\src\\collection\\js-basics\\06_prototypes\\03_shadowing_docs.js",
          "beforeHooks": [],
          "afterHooks": [],
          "tests": [
            {
              "title": "We could override (shadowing) the ask function by directly executing the ask function by __proto__ and pass in our this context.",
              "fullTitle": "Fake polymorphism We could override (shadowing) the ask function by directly executing the ask function by __proto__ and pass in our this context.",
              "timedOut": false,
              "duration": 0,
              "state": "passed",
              "speed": "fast",
              "pass": true,
              "fail": false,
              "pending": false,
              "context": null,
              "code": "",
              "err": {},
              "uuid": "a8e64fd6-bea2-4c76-a6fb-8b26c7dad260",
              "parentUUID": "4c06af75-9e67-4df0-9e05-2529c335b425",
              "isHook": false,
              "skipped": false
            },
            {
              "title": "But these kind of solutions require us to do a hack. Eg: For going two levels up the chain -> we would have to write this.__proto__.__proto__",
              "fullTitle": "Fake polymorphism But these kind of solutions require us to do a hack. Eg: For going two levels up the chain -> we would have to write this.__proto__.__proto__",
              "timedOut": false,
              "duration": 0,
              "state": "passed",
              "speed": "fast",
              "pass": true,
              "fail": false,
              "pending": false,
              "context": null,
              "code": "",
              "err": {},
              "uuid": "10f435ef-cb17-4956-b42e-157baf0249e9",
              "parentUUID": "4c06af75-9e67-4df0-9e05-2529c335b425",
              "isHook": false,
              "skipped": false
            },
            {
              "title": "Instead we could use the class syntax relative polymorphism (super) to achieve this behaviour.",
              "fullTitle": "Fake polymorphism Instead we could use the class syntax relative polymorphism (super) to achieve this behaviour.",
              "timedOut": false,
              "duration": 0,
              "state": "passed",
              "speed": "fast",
              "pass": true,
              "fail": false,
              "pending": false,
              "context": null,
              "code": "",
              "err": {},
              "uuid": "d1d7d5c1-5a5d-41ed-877e-9f20b463cbac",
              "parentUUID": "4c06af75-9e67-4df0-9e05-2529c335b425",
              "isHook": false,
              "skipped": false
            }
          ],
          "suites": [],
          "passes": [
            "a8e64fd6-bea2-4c76-a6fb-8b26c7dad260",
            "10f435ef-cb17-4956-b42e-157baf0249e9",
            "d1d7d5c1-5a5d-41ed-877e-9f20b463cbac"
          ],
          "failures": [],
          "pending": [],
          "skipped": [],
          "duration": 0,
          "root": false,
          "rootEmpty": false,
          "_timeout": 2000
        },
        {
          "uuid": "c2bb2c58-f5e8-49c8-8fea-66f0148b68ad",
          "title": "Linking prototypes (Object.create)",
          "fullFile": "D:\\Work\\Development\\Language-Solutions\\Javascript\\JS_solutions\\src\\collection\\js-basics\\06_prototypes\\04_linking-prototypes_docs.js",
          "file": "\\src\\collection\\js-basics\\06_prototypes\\04_linking-prototypes_docs.js",
          "beforeHooks": [],
          "afterHooks": [],
          "tests": [
            {
              "title": "TODO: Linking prototypes (Object.create)",
              "fullTitle": "Linking prototypes (Object.create) TODO: Linking prototypes (Object.create)",
              "timedOut": false,
              "duration": 0,
              "state": "passed",
              "speed": "fast",
              "pass": true,
              "fail": false,
              "pending": false,
              "context": null,
              "code": "",
              "err": {},
              "uuid": "5d6442fd-fbee-48a8-ae2a-38a49f251e2c",
              "parentUUID": "c2bb2c58-f5e8-49c8-8fea-66f0148b68ad",
              "isHook": false,
              "skipped": false
            }
          ],
          "suites": [],
          "passes": [
            "5d6442fd-fbee-48a8-ae2a-38a49f251e2c"
          ],
          "failures": [],
          "pending": [],
          "skipped": [],
          "duration": 0,
          "root": false,
          "rootEmpty": false,
          "_timeout": 2000
        },
        {
          "uuid": "91f52df3-b937-4371-81b1-25ad194113b6",
          "title": "Achieving Reusuability",
          "fullFile": "D:\\Work\\Development\\Language-Solutions\\Javascript\\JS_solutions\\src\\collection\\js-basics\\06_prototypes\\05_class-prototype-obj-linkage_docs.js",
          "file": "\\src\\collection\\js-basics\\06_prototypes\\05_class-prototype-obj-linkage_docs.js",
          "beforeHooks": [],
          "afterHooks": [],
          "tests": [
            {
              "title": "We can achieve reusuability of functions and objects via three methods. Basically, we are trying to link the objects by a chain and this is fundamentally not a copy operation but a linkage mechanism (Important)",
              "fullTitle": "Achieving Reusuability We can achieve reusuability of functions and objects via three methods. Basically, we are trying to link the objects by a chain and this is fundamentally not a copy operation but a linkage mechanism (Important)",
              "timedOut": false,
              "duration": 0,
              "state": "passed",
              "speed": "fast",
              "pass": true,
              "fail": false,
              "pending": false,
              "context": null,
              "code": "",
              "err": {},
              "uuid": "c0d7a4a6-5db4-4767-a168-1031c9bf0905",
              "parentUUID": "91f52df3-b937-4371-81b1-25ad194113b6",
              "isHook": false,
              "skipped": false
            },
            {
              "title": "class",
              "fullTitle": "Achieving Reusuability class",
              "timedOut": false,
              "duration": 0,
              "state": "passed",
              "speed": "fast",
              "pass": true,
              "fail": false,
              "pending": false,
              "context": null,
              "code": "",
              "err": {},
              "uuid": "e16fa527-1a94-4261-9d2d-4fedbe0309ba",
              "parentUUID": "91f52df3-b937-4371-81b1-25ad194113b6",
              "isHook": false,
              "skipped": false
            },
            {
              "title": "prototype linkage",
              "fullTitle": "Achieving Reusuability prototype linkage",
              "timedOut": false,
              "duration": 0,
              "state": "passed",
              "speed": "fast",
              "pass": true,
              "fail": false,
              "pending": false,
              "context": null,
              "code": "",
              "err": {},
              "uuid": "df371e8c-0549-4875-a068-0ade7323206d",
              "parentUUID": "91f52df3-b937-4371-81b1-25ad194113b6",
              "isHook": false,
              "skipped": false
            },
            {
              "title": "object linkage",
              "fullTitle": "Achieving Reusuability object linkage",
              "timedOut": false,
              "duration": 0,
              "state": "passed",
              "speed": "fast",
              "pass": true,
              "fail": false,
              "pending": false,
              "context": null,
              "code": "",
              "err": {},
              "uuid": "d87967f2-1ba2-43de-a149-da15b23f8e94",
              "parentUUID": "91f52df3-b937-4371-81b1-25ad194113b6",
              "isHook": false,
              "skipped": false
            }
          ],
          "suites": [],
          "passes": [
            "c0d7a4a6-5db4-4767-a168-1031c9bf0905",
            "e16fa527-1a94-4261-9d2d-4fedbe0309ba",
            "df371e8c-0549-4875-a068-0ade7323206d",
            "d87967f2-1ba2-43de-a149-da15b23f8e94"
          ],
          "failures": [],
          "pending": [],
          "skipped": [],
          "duration": 0,
          "root": false,
          "rootEmpty": false,
          "_timeout": 2000
        },
        {
          "uuid": "471b3660-a637-4e61-81d3-7f03f4feb96f",
          "title": "Objects Linked (class)",
          "fullFile": "D:\\Work\\Development\\Language-Solutions\\Javascript\\JS_solutions\\src\\collection\\js-basics\\06_prototypes\\05_class-prototype-obj-linkage_docs.js",
          "file": "\\src\\collection\\js-basics\\06_prototypes\\05_class-prototype-obj-linkage_docs.js",
          "beforeHooks": [],
          "afterHooks": [],
          "tests": [
            {
              "title": "TODO: Objects Linked (class)",
              "fullTitle": "Objects Linked (class) TODO: Objects Linked (class)",
              "timedOut": false,
              "duration": 0,
              "state": "passed",
              "speed": "fast",
              "pass": true,
              "fail": false,
              "pending": false,
              "context": null,
              "code": "",
              "err": {},
              "uuid": "70a94e68-5644-4f5e-9dce-b5f8d3c3ab88",
              "parentUUID": "471b3660-a637-4e61-81d3-7f03f4feb96f",
              "isHook": false,
              "skipped": false
            }
          ],
          "suites": [],
          "passes": [
            "70a94e68-5644-4f5e-9dce-b5f8d3c3ab88"
          ],
          "failures": [],
          "pending": [],
          "skipped": [],
          "duration": 0,
          "root": false,
          "rootEmpty": false,
          "_timeout": 2000
        },
        {
          "uuid": "db0fb0c8-705e-43f6-b6fb-519640c853b2",
          "title": "Objects Linked (prototype chain)",
          "fullFile": "D:\\Work\\Development\\Language-Solutions\\Javascript\\JS_solutions\\src\\collection\\js-basics\\06_prototypes\\05_class-prototype-obj-linkage_docs.js",
          "file": "\\src\\collection\\js-basics\\06_prototypes\\05_class-prototype-obj-linkage_docs.js",
          "beforeHooks": [],
          "afterHooks": [],
          "tests": [
            {
              "title": "TODO: Objects Linked (prototype chain)",
              "fullTitle": "Objects Linked (prototype chain) TODO: Objects Linked (prototype chain)",
              "timedOut": false,
              "duration": 0,
              "state": "passed",
              "speed": "fast",
              "pass": true,
              "fail": false,
              "pending": false,
              "context": null,
              "code": "",
              "err": {},
              "uuid": "28137205-77a4-4c10-a200-35e91e3e79cb",
              "parentUUID": "db0fb0c8-705e-43f6-b6fb-519640c853b2",
              "isHook": false,
              "skipped": false
            }
          ],
          "suites": [],
          "passes": [
            "28137205-77a4-4c10-a200-35e91e3e79cb"
          ],
          "failures": [],
          "pending": [],
          "skipped": [],
          "duration": 0,
          "root": false,
          "rootEmpty": false,
          "_timeout": 2000
        },
        {
          "uuid": "9f1cf709-5b8f-4cbb-a735-1e22f50765b1",
          "title": "Objects Linked (direct Object.create method)",
          "fullFile": "D:\\Work\\Development\\Language-Solutions\\Javascript\\JS_solutions\\src\\collection\\js-basics\\06_prototypes\\05_class-prototype-obj-linkage_docs.js",
          "file": "\\src\\collection\\js-basics\\06_prototypes\\05_class-prototype-obj-linkage_docs.js",
          "beforeHooks": [],
          "afterHooks": [],
          "tests": [
            {
              "title": "TODO: Objects Linked (direct Object.create method)",
              "fullTitle": "Objects Linked (direct Object.create method) TODO: Objects Linked (direct Object.create method)",
              "timedOut": false,
              "duration": 0,
              "state": "passed",
              "speed": "fast",
              "pass": true,
              "fail": false,
              "pending": false,
              "context": null,
              "code": "",
              "err": {},
              "uuid": "5a53049e-f9b4-4317-a4ae-392f8d935ea3",
              "parentUUID": "9f1cf709-5b8f-4cbb-a735-1e22f50765b1",
              "isHook": false,
              "skipped": false
            }
          ],
          "suites": [],
          "passes": [
            "5a53049e-f9b4-4317-a4ae-392f8d935ea3"
          ],
          "failures": [],
          "pending": [],
          "skipped": [],
          "duration": 0,
          "root": false,
          "rootEmpty": false,
          "_timeout": 2000
        },
        {
          "uuid": "b209fd2c-6bb2-4072-a30a-44e83a2c8ac2",
          "title": "Delegation design pattern",
          "fullFile": "D:\\Work\\Development\\Language-Solutions\\Javascript\\JS_solutions\\src\\collection\\js-basics\\06_prototypes\\06_delegation-oriented-design_docs.js",
          "file": "\\src\\collection\\js-basics\\06_prototypes\\06_delegation-oriented-design_docs.js",
          "beforeHooks": [],
          "afterHooks": [],
          "tests": [
            {
              "title": "TODO: Delegation design pattern",
              "fullTitle": "Delegation design pattern TODO: Delegation design pattern",
              "timedOut": false,
              "duration": 0,
              "state": "passed",
              "speed": "fast",
              "pass": true,
              "fail": false,
              "pending": false,
              "context": null,
              "code": "",
              "err": {},
              "uuid": "7801bdb6-6a11-4c9c-bbaf-5f5e7d8bc5a9",
              "parentUUID": "b209fd2c-6bb2-4072-a30a-44e83a2c8ac2",
              "isHook": false,
              "skipped": false
            }
          ],
          "suites": [],
          "passes": [
            "7801bdb6-6a11-4c9c-bbaf-5f5e7d8bc5a9"
          ],
          "failures": [],
          "pending": [],
          "skipped": [],
          "duration": 0,
          "root": false,
          "rootEmpty": false,
          "_timeout": 2000
        },
        {
          "uuid": "c7cddd4b-c826-4ef7-a47e-e1debc35bbd9",
          "title": "Primitive Types",
          "fullFile": "D:\\Work\\Development\\Language-Solutions\\Javascript\\JS_solutions\\src\\collection\\js-basics\\01_types\\01_primitive-types\\01_index_docs.js",
          "file": "\\src\\collection\\js-basics\\01_types\\01_primitive-types\\01_index_docs.js",
          "beforeHooks": [],
          "afterHooks": [],
          "tests": [
            {
              "title": "Given a primitive type, we have a set of expected behaviors for that type. Eg: Given number 42, it has expected behaviors such as we can do math on that. Given a string '42', we can expect it to get its individual chars and print to console.",
              "fullTitle": "Primitive Types Given a primitive type, we have a set of expected behaviors for that type. Eg: Given number 42, it has expected behaviors such as we can do math on that. Given a string '42', we can expect it to get its individual chars and print to console.",
              "timedOut": false,
              "duration": 0,
              "state": "passed",
              "speed": "fast",
              "pass": true,
              "fail": false,
              "pending": false,
              "context": null,
              "code": "",
              "err": {},
              "uuid": "d6ca6ac8-88a5-40fb-a85f-22842ef68538",
              "parentUUID": "c7cddd4b-c826-4ef7-a47e-e1debc35bbd9",
              "isHook": false,
              "skipped": false
            },
            {
              "title": "Classified into\n\t\t\tundefined\n\t\t\tnull \n\t\t\tstring \n\t\t\tnumber \n\t\t\tboolean \n\t\t\tobject \n\t\t\t\tfunction (subtype of object - special callable object)\n\t\t\tsymbol (ES6)\n\t\t\tbigint (ES6)\n\t\t",
              "fullTitle": "Primitive Types Classified into\n\t\t\tundefined\n\t\t\tnull \n\t\t\tstring \n\t\t\tnumber \n\t\t\tboolean \n\t\t\tobject \n\t\t\t\tfunction (subtype of object - special callable object)\n\t\t\tsymbol (ES6)\n\t\t\tbigint (ES6)\n\t\t",
              "timedOut": false,
              "duration": 0,
              "state": "passed",
              "speed": "fast",
              "pass": true,
              "fail": false,
              "pending": false,
              "context": null,
              "code": "",
              "err": {},
              "uuid": "6896d47e-0339-4d9d-9f16-ae6eb673f808",
              "parentUUID": "c7cddd4b-c826-4ef7-a47e-e1debc35bbd9",
              "isHook": false,
              "skipped": false
            },
            {
              "title": "As Javascript is dynamically typed language, it has type of a VALUE that the variable is currently holding",
              "fullTitle": "Primitive Types As Javascript is dynamically typed language, it has type of a VALUE that the variable is currently holding",
              "timedOut": false,
              "duration": 0,
              "state": "passed",
              "speed": "fast",
              "pass": true,
              "fail": false,
              "pending": false,
              "context": null,
              "code": "",
              "err": {},
              "uuid": "e6ee6f08-ff88-442c-83f8-6e98c99c0240",
              "parentUUID": "c7cddd4b-c826-4ef7-a47e-e1debc35bbd9",
              "isHook": false,
              "skipped": false
            },
            {
              "title": "when typeof operator used on a variable, returns the value type that the variable is currently holding",
              "fullTitle": "Primitive Types when typeof operator used on a variable, returns the value type that the variable is currently holding",
              "timedOut": false,
              "duration": 0,
              "state": "passed",
              "speed": "fast",
              "pass": true,
              "fail": false,
              "pending": false,
              "context": null,
              "code": "",
              "err": {},
              "uuid": "0c2decc0-8f5b-4d47-b28d-7204c20b5a1f",
              "parentUUID": "c7cddd4b-c826-4ef7-a47e-e1debc35bbd9",
              "isHook": false,
              "skipped": false
            },
            {
              "title": "typeof operator will always return a string. It will not actually return the primitive type of the variable",
              "fullTitle": "Primitive Types typeof operator will always return a string. It will not actually return the primitive type of the variable",
              "timedOut": false,
              "duration": 0,
              "state": "passed",
              "speed": "fast",
              "pass": true,
              "fail": false,
              "pending": false,
              "context": null,
              "code": "",
              "err": {},
              "uuid": "6eb0db06-103f-442e-a29a-f28a8764cbcb",
              "parentUUID": "c7cddd4b-c826-4ef7-a47e-e1debc35bbd9",
              "isHook": false,
              "skipped": false
            },
            {
              "title": "returns string 'number' when used typeof operator on number",
              "fullTitle": "Primitive Types returns string 'number' when used typeof operator on number",
              "timedOut": false,
              "duration": 0,
              "state": "passed",
              "speed": "fast",
              "pass": true,
              "fail": false,
              "pending": false,
              "context": null,
              "code": "assert.equal(typeof 42, 'number');",
              "err": {},
              "uuid": "3051c85c-37d5-4631-aef5-67b4b30f66d4",
              "parentUUID": "c7cddd4b-c826-4ef7-a47e-e1debc35bbd9",
              "isHook": false,
              "skipped": false
            },
            {
              "title": "returns string 'string' when used typeof operator on string",
              "fullTitle": "Primitive Types returns string 'string' when used typeof operator on string",
              "timedOut": false,
              "duration": 0,
              "state": "passed",
              "speed": "fast",
              "pass": true,
              "fail": false,
              "pending": false,
              "context": null,
              "code": "assert.equal(typeof '42', 'string');",
              "err": {},
              "uuid": "4d139987-3357-4b72-b436-d4e3a7bfcebc",
              "parentUUID": "c7cddd4b-c826-4ef7-a47e-e1debc35bbd9",
              "isHook": false,
              "skipped": false
            },
            {
              "title": "returns string 'boolean' when used typeof operator on boolean",
              "fullTitle": "Primitive Types returns string 'boolean' when used typeof operator on boolean",
              "timedOut": false,
              "duration": 0,
              "state": "passed",
              "speed": "fast",
              "pass": true,
              "fail": false,
              "pending": false,
              "context": null,
              "code": "assert.equal(typeof true, 'boolean');",
              "err": {},
              "uuid": "ded61a82-7b7e-4bcb-9bbd-99a01dcc5a71",
              "parentUUID": "c7cddd4b-c826-4ef7-a47e-e1debc35bbd9",
              "isHook": false,
              "skipped": false
            },
            {
              "title": "returns string 'object' when used typeof operator on object",
              "fullTitle": "Primitive Types returns string 'object' when used typeof operator on object",
              "timedOut": false,
              "duration": 0,
              "state": "passed",
              "speed": "fast",
              "pass": true,
              "fail": false,
              "pending": false,
              "context": null,
              "code": "assert.equal(typeof { a: 1 }, 'object');",
              "err": {},
              "uuid": "7c672c85-bf90-4586-93f1-b165ddefd1ce",
              "parentUUID": "c7cddd4b-c826-4ef7-a47e-e1debc35bbd9",
              "isHook": false,
              "skipped": false
            },
            {
              "title": "returns string 'function' when used typeof operator on function",
              "fullTitle": "Primitive Types returns string 'function' when used typeof operator on function",
              "timedOut": false,
              "duration": 0,
              "state": "passed",
              "speed": "fast",
              "pass": true,
              "fail": false,
              "pending": false,
              "context": null,
              "code": "assert.equal(typeof function(){}, 'function');",
              "err": {},
              "uuid": "02a822a3-674b-493b-a323-e8252e3368d7",
              "parentUUID": "c7cddd4b-c826-4ef7-a47e-e1debc35bbd9",
              "isHook": false,
              "skipped": false
            }
          ],
          "suites": [],
          "passes": [
            "d6ca6ac8-88a5-40fb-a85f-22842ef68538",
            "6896d47e-0339-4d9d-9f16-ae6eb673f808",
            "e6ee6f08-ff88-442c-83f8-6e98c99c0240",
            "0c2decc0-8f5b-4d47-b28d-7204c20b5a1f",
            "6eb0db06-103f-442e-a29a-f28a8764cbcb",
            "3051c85c-37d5-4631-aef5-67b4b30f66d4",
            "4d139987-3357-4b72-b436-d4e3a7bfcebc",
            "ded61a82-7b7e-4bcb-9bbd-99a01dcc5a71",
            "7c672c85-bf90-4586-93f1-b165ddefd1ce",
            "02a822a3-674b-493b-a323-e8252e3368d7"
          ],
          "failures": [],
          "pending": [],
          "skipped": [],
          "duration": 0,
          "root": false,
          "rootEmpty": false,
          "_timeout": 2000
        },
        {
          "uuid": "77c9a7d6-5fca-4250-9823-a82a6b58c8fa",
          "title": "null - a historical bug in javascript",
          "fullFile": "D:\\Work\\Development\\Language-Solutions\\Javascript\\JS_solutions\\src\\collection\\js-basics\\01_types\\01_primitive-types\\01_index_docs.js",
          "file": "\\src\\collection\\js-basics\\01_types\\01_primitive-types\\01_index_docs.js",
          "beforeHooks": [],
          "afterHooks": [],
          "tests": [
            {
              "title": "returns string 'object' when used typeof operator on null, while we may expect that it should return 'null'. This is a bug in javascript",
              "fullTitle": "null - a historical bug in javascript returns string 'object' when used typeof operator on null, while we may expect that it should return 'null'. This is a bug in javascript",
              "timedOut": false,
              "duration": 0,
              "state": "passed",
              "speed": "fast",
              "pass": true,
              "fail": false,
              "pending": false,
              "context": null,
              "code": "assert.equal(typeof null, 'object');",
              "err": {},
              "uuid": "56c26263-4fd1-48e3-b41f-34728cca2127",
              "parentUUID": "77c9a7d6-5fca-4250-9823-a82a6b58c8fa",
              "isHook": false,
              "skipped": false
            }
          ],
          "suites": [],
          "passes": [
            "56c26263-4fd1-48e3-b41f-34728cca2127"
          ],
          "failures": [],
          "pending": [],
          "skipped": [],
          "duration": 0,
          "root": false,
          "rootEmpty": false,
          "_timeout": 2000
        },
        {
          "uuid": "14d5dee3-baba-465a-8069-e8f49317ef1b",
          "title": "undeclared vs undefined",
          "fullFile": "D:\\Work\\Development\\Language-Solutions\\Javascript\\JS_solutions\\src\\collection\\js-basics\\01_types\\01_primitive-types\\01_index_docs.js",
          "file": "\\src\\collection\\js-basics\\01_types\\01_primitive-types\\01_index_docs.js",
          "beforeHooks": [],
          "afterHooks": [],
          "tests": [
            {
              "title": "returns string 'undefined' when used typeof operator on variable that is not DECLARED",
              "fullTitle": "undeclared vs undefined returns string 'undefined' when used typeof operator on variable that is not DECLARED",
              "timedOut": false,
              "duration": 0,
              "state": "passed",
              "speed": "fast",
              "pass": true,
              "fail": false,
              "pending": false,
              "context": null,
              "code": "assert.equal(typeof anyVarThatIsNotDeclared, 'undefined');",
              "err": {},
              "uuid": "c2050509-6020-412a-baf8-ef6b653d64b8",
              "parentUUID": "14d5dee3-baba-465a-8069-e8f49317ef1b",
              "isHook": false,
              "skipped": false
            },
            {
              "title": "returns string 'undefined' when used typeof operator on variable that is not DEFINED",
              "fullTitle": "undeclared vs undefined returns string 'undefined' when used typeof operator on variable that is not DEFINED",
              "timedOut": false,
              "duration": 0,
              "state": "passed",
              "speed": "fast",
              "pass": true,
              "fail": false,
              "pending": false,
              "context": null,
              "code": "var foo;\nassert.equal(typeof foo, 'undefined');",
              "err": {},
              "uuid": "6ac466a4-4f00-4e07-84e3-7d4c32b39290",
              "parentUUID": "14d5dee3-baba-465a-8069-e8f49317ef1b",
              "isHook": false,
              "skipped": false
            }
          ],
          "suites": [],
          "passes": [
            "c2050509-6020-412a-baf8-ef6b653d64b8",
            "6ac466a4-4f00-4e07-84e3-7d4c32b39290"
          ],
          "failures": [],
          "pending": [],
          "skipped": [],
          "duration": 0,
          "root": false,
          "rootEmpty": false,
          "_timeout": 2000
        },
        {
          "uuid": "8afc6cd2-0039-4344-8eba-9449eaa2e073",
          "title": "bigint",
          "fullFile": "D:\\Work\\Development\\Language-Solutions\\Javascript\\JS_solutions\\src\\collection\\js-basics\\01_types\\01_primitive-types\\01_index_docs.js",
          "file": "\\src\\collection\\js-basics\\01_types\\01_primitive-types\\01_index_docs.js",
          "beforeHooks": [],
          "afterHooks": [],
          "tests": [
            {
              "title": "It is a separate partition from numbers, where it grow upto memory limit of the system. It can't be mixed and matched with regular numbers.",
              "fullTitle": "bigint It is a separate partition from numbers, where it grow upto memory limit of the system. It can't be mixed and matched with regular numbers.",
              "timedOut": false,
              "duration": 0,
              "state": "passed",
              "speed": "fast",
              "pass": true,
              "fail": false,
              "pending": false,
              "context": null,
              "code": "",
              "err": {},
              "uuid": "26b93e07-30cb-4c6f-b45c-a7f33f2faf83",
              "parentUUID": "8afc6cd2-0039-4344-8eba-9449eaa2e073",
              "isHook": false,
              "skipped": false
            }
          ],
          "suites": [],
          "passes": [
            "26b93e07-30cb-4c6f-b45c-a7f33f2faf83"
          ],
          "failures": [],
          "pending": [],
          "skipped": [],
          "duration": 0,
          "root": false,
          "rootEmpty": false,
          "_timeout": 2000
        },
        {
          "uuid": "e017bdb3-be70-45b3-9877-0ab072167299",
          "title": "symbol",
          "fullFile": "D:\\Work\\Development\\Language-Solutions\\Javascript\\JS_solutions\\src\\collection\\js-basics\\01_types\\01_primitive-types\\01_index_docs.js",
          "file": "\\src\\collection\\js-basics\\01_types\\01_primitive-types\\01_index_docs.js",
          "beforeHooks": [],
          "afterHooks": [],
          "tests": [
            {
              "title": "returns string 'symbol' when used typeof operator on symbol",
              "fullTitle": "symbol returns string 'symbol' when used typeof operator on symbol",
              "timedOut": false,
              "duration": 0,
              "state": "passed",
              "speed": "fast",
              "pass": true,
              "fail": false,
              "pending": false,
              "context": null,
              "code": "var symbol = Symbol();\nassert.equal(typeof symbol, 'symbol');",
              "err": {},
              "uuid": "81c523e7-d567-4760-b0fb-93bbc739b01b",
              "parentUUID": "e017bdb3-be70-45b3-9877-0ab072167299",
              "isHook": false,
              "skipped": false
            }
          ],
          "suites": [],
          "passes": [
            "81c523e7-d567-4760-b0fb-93bbc739b01b"
          ],
          "failures": [],
          "pending": [],
          "skipped": [],
          "duration": 0,
          "root": false,
          "rootEmpty": false,
          "_timeout": 2000
        },
        {
          "uuid": "4d03c2d9-5436-4ade-a43e-1200359ce621",
          "title": "Primitive Type - function",
          "fullFile": "D:\\Work\\Development\\Language-Solutions\\Javascript\\JS_solutions\\src\\collection\\js-basics\\01_types\\01_primitive-types\\01_index_docs.js",
          "file": "\\src\\collection\\js-basics\\01_types\\01_primitive-types\\01_index_docs.js",
          "beforeHooks": [],
          "afterHooks": [],
          "tests": [
            {
              "title": "As mentioned earlier, given a primitive type, we have a set of expected behaviors for that type. Definitely, a function has some set of expected behaviors. Eg: We can call a function",
              "fullTitle": "Primitive Type - function As mentioned earlier, given a primitive type, we have a set of expected behaviors for that type. Definitely, a function has some set of expected behaviors. Eg: We can call a function",
              "timedOut": false,
              "duration": 0,
              "state": "passed",
              "speed": "fast",
              "pass": true,
              "fail": false,
              "pending": false,
              "context": null,
              "code": "",
              "err": {},
              "uuid": "e2b1a7ec-ea80-4702-9007-7e0060e8477e",
              "parentUUID": "4d03c2d9-5436-4ade-a43e-1200359ce621",
              "isHook": false,
              "skipped": false
            },
            {
              "title": "is not actually a primitive type. It is a subtype of object primitive. It is also referred to as callable object",
              "fullTitle": "Primitive Type - function is not actually a primitive type. It is a subtype of object primitive. It is also referred to as callable object",
              "timedOut": false,
              "duration": 0,
              "state": "passed",
              "speed": "fast",
              "pass": true,
              "fail": false,
              "pending": false,
              "context": null,
              "code": "",
              "err": {},
              "uuid": "ddeef862-1d75-48d8-807b-b6c82faffd61",
              "parentUUID": "4d03c2d9-5436-4ade-a43e-1200359ce621",
              "isHook": false,
              "skipped": false
            }
          ],
          "suites": [],
          "passes": [
            "e2b1a7ec-ea80-4702-9007-7e0060e8477e",
            "ddeef862-1d75-48d8-807b-b6c82faffd61"
          ],
          "failures": [],
          "pending": [],
          "skipped": [],
          "duration": 0,
          "root": false,
          "rootEmpty": false,
          "_timeout": 2000
        },
        {
          "uuid": "c208dbc3-ecec-45dc-80a5-d0b3c8f87b07",
          "title": "Other in-built types are objects",
          "fullFile": "D:\\Work\\Development\\Language-Solutions\\Javascript\\JS_solutions\\src\\collection\\js-basics\\01_types\\01_primitive-types\\01_index_docs.js",
          "file": "\\src\\collection\\js-basics\\01_types\\01_primitive-types\\01_index_docs.js",
          "beforeHooks": [],
          "afterHooks": [],
          "tests": [
            {
              "title": "returns string 'object' when used typeof operator on other built in objects like Array, Date, Regular expression, etc",
              "fullTitle": "Other in-built types are objects returns string 'object' when used typeof operator on other built in objects like Array, Date, Regular expression, etc",
              "timedOut": false,
              "duration": 0,
              "state": "passed",
              "speed": "fast",
              "pass": true,
              "fail": false,
              "pending": false,
              "context": null,
              "code": "",
              "err": {},
              "uuid": "42760a52-2713-4b11-80b4-545d982df7a5",
              "parentUUID": "c208dbc3-ecec-45dc-80a5-d0b3c8f87b07",
              "isHook": false,
              "skipped": false
            },
            {
              "title": "returns string 'object' when used typeof operator on arrays",
              "fullTitle": "Other in-built types are objects returns string 'object' when used typeof operator on arrays",
              "timedOut": false,
              "duration": 0,
              "state": "passed",
              "speed": "fast",
              "pass": true,
              "fail": false,
              "pending": false,
              "context": null,
              "code": "var array = [];\nassert.equal(typeof array, 'object');",
              "err": {},
              "uuid": "a94f09fe-0d9f-4dbf-a6fb-7d18dad65068",
              "parentUUID": "c208dbc3-ecec-45dc-80a5-d0b3c8f87b07",
              "isHook": false,
              "skipped": false
            },
            {
              "title": "returns string 'object' when used typeof operator on dates",
              "fullTitle": "Other in-built types are objects returns string 'object' when used typeof operator on dates",
              "timedOut": false,
              "duration": 0,
              "state": "passed",
              "speed": "fast",
              "pass": true,
              "fail": false,
              "pending": false,
              "context": null,
              "code": "var date = new Date();\nassert.equal(typeof date, 'object');",
              "err": {},
              "uuid": "16c55999-edfb-4354-a112-8b914cc7df25",
              "parentUUID": "c208dbc3-ecec-45dc-80a5-d0b3c8f87b07",
              "isHook": false,
              "skipped": false
            },
            {
              "title": "returns string 'object' when used typeof operator on regular expressions",
              "fullTitle": "Other in-built types are objects returns string 'object' when used typeof operator on regular expressions",
              "timedOut": false,
              "duration": 0,
              "state": "passed",
              "speed": "fast",
              "pass": true,
              "fail": false,
              "pending": false,
              "context": null,
              "code": "var pattern = /ab/gi;\nassert.equal(typeof pattern, 'object');",
              "err": {},
              "uuid": "6ca265b9-1b5a-4f97-af47-d5bf16cf0b7d",
              "parentUUID": "c208dbc3-ecec-45dc-80a5-d0b3c8f87b07",
              "isHook": false,
              "skipped": false
            }
          ],
          "suites": [],
          "passes": [
            "42760a52-2713-4b11-80b4-545d982df7a5",
            "a94f09fe-0d9f-4dbf-a6fb-7d18dad65068",
            "16c55999-edfb-4354-a112-8b914cc7df25",
            "6ca265b9-1b5a-4f97-af47-d5bf16cf0b7d"
          ],
          "failures": [],
          "pending": [],
          "skipped": [],
          "duration": 0,
          "root": false,
          "rootEmpty": false,
          "_timeout": 2000
        },
        {
          "uuid": "c8f64c9b-016e-4530-878a-bd99d3015583",
          "title": "Primitive Types - Examples",
          "fullFile": "D:\\Work\\Development\\Language-Solutions\\Javascript\\JS_solutions\\src\\collection\\js-basics\\01_types\\01_primitive-types\\02_examples_docs.js",
          "file": "\\src\\collection\\js-basics\\01_types\\01_primitive-types\\02_examples_docs.js",
          "beforeHooks": [],
          "afterHooks": [],
          "tests": [
            {
              "title": "should return 'undefined' when the variable is not yet declared or declared, but currently has no value",
              "fullTitle": "Primitive Types - Examples should return 'undefined' when the variable is not yet declared or declared, but currently has no value",
              "timedOut": false,
              "duration": 0,
              "state": "passed",
              "speed": "fast",
              "pass": true,
              "fail": false,
              "pending": false,
              "context": null,
              "code": "var a;\nassert.equal(typeof a, 'undefined');",
              "err": {},
              "uuid": "9140e235-e12c-49e3-8074-a79107509798",
              "parentUUID": "c8f64c9b-016e-4530-878a-bd99d3015583",
              "isHook": false,
              "skipped": false
            },
            {
              "title": "should return 'string', when typeof operation is assigned to a variable, because typeof always return string.",
              "fullTitle": "Primitive Types - Examples should return 'string', when typeof operation is assigned to a variable, because typeof always return string.",
              "timedOut": false,
              "duration": 0,
              "state": "passed",
              "speed": "fast",
              "pass": true,
              "fail": false,
              "pending": false,
              "context": null,
              "code": "var output = typeof anyVarThatIsNotDeclaredOrNotDeclared;\nassert.equal(typeof output, 'string');",
              "err": {},
              "uuid": "006f03cb-e357-41c8-9585-927d37bc4a8b",
              "parentUUID": "c8f64c9b-016e-4530-878a-bd99d3015583",
              "isHook": false,
              "skipped": false
            },
            {
              "title": "should return 'string' if typeof operator is used on another typeof operation.",
              "fullTitle": "Primitive Types - Examples should return 'string' if typeof operator is used on another typeof operation.",
              "timedOut": false,
              "duration": 0,
              "state": "passed",
              "speed": "fast",
              "pass": true,
              "fail": false,
              "pending": false,
              "context": null,
              "code": "assert.equal(typeof typeof 2, 'string');",
              "err": {},
              "uuid": "2086eee2-b5e4-41c0-ba80-5534ac8bbe89",
              "parentUUID": "c8f64c9b-016e-4530-878a-bd99d3015583",
              "isHook": false,
              "skipped": false
            }
          ],
          "suites": [],
          "passes": [
            "9140e235-e12c-49e3-8074-a79107509798",
            "006f03cb-e357-41c8-9585-927d37bc4a8b",
            "2086eee2-b5e4-41c0-ba80-5534ac8bbe89"
          ],
          "failures": [],
          "pending": [],
          "skipped": [],
          "duration": 0,
          "root": false,
          "rootEmpty": false,
          "_timeout": 2000
        },
        {
          "uuid": "f7de1df5-6c8a-4bf0-b98e-ce91752c4f95",
          "title": "determine undeclared or undefined",
          "fullFile": "D:\\Work\\Development\\Language-Solutions\\Javascript\\JS_solutions\\src\\collection\\js-basics\\01_types\\01_primitive-types\\03_find-undefined-or-undeclared_docs.js",
          "file": "\\src\\collection\\js-basics\\01_types\\01_primitive-types\\03_find-undefined-or-undeclared_docs.js",
          "beforeHooks": [],
          "afterHooks": [],
          "tests": [
            {
              "title": "when a variable is undeclared, we can use a try block and catch the reference error name to determine if it is undeclared",
              "fullTitle": "determine undeclared or undefined when a variable is undeclared, we can use a try block and catch the reference error name to determine if it is undeclared",
              "timedOut": false,
              "duration": 0,
              "state": "passed",
              "speed": "fast",
              "pass": true,
              "fail": false,
              "pending": false,
              "context": null,
              "code": "",
              "err": {},
              "uuid": "83e6ed40-95fb-47ed-9a1e-a3cf0101d97e",
              "parentUUID": "f7de1df5-6c8a-4bf0-b98e-ce91752c4f95",
              "isHook": false,
              "skipped": false
            },
            {
              "title": "If we know that the variable is declared, but not assigned a value, the check the value of the typeof operator to undefined",
              "fullTitle": "determine undeclared or undefined If we know that the variable is declared, but not assigned a value, the check the value of the typeof operator to undefined",
              "timedOut": false,
              "duration": 0,
              "state": "passed",
              "speed": "fast",
              "pass": true,
              "fail": false,
              "pending": false,
              "context": null,
              "code": "",
              "err": {},
              "uuid": "705fbc1a-1ae8-4e17-ad53-08e23f3c6f49",
              "parentUUID": "f7de1df5-6c8a-4bf0-b98e-ce91752c4f95",
              "isHook": false,
              "skipped": false
            }
          ],
          "suites": [],
          "passes": [
            "83e6ed40-95fb-47ed-9a1e-a3cf0101d97e",
            "705fbc1a-1ae8-4e17-ad53-08e23f3c6f49"
          ],
          "failures": [],
          "pending": [],
          "skipped": [],
          "duration": 0,
          "root": false,
          "rootEmpty": false,
          "_timeout": 2000
        },
        {
          "uuid": "7b0dd240-6e22-408b-983b-526e30fb9fa4",
          "title": "Native Functions",
          "fullFile": "D:\\Work\\Development\\Language-Solutions\\Javascript\\JS_solutions\\src\\collection\\js-basics\\01_types\\02_native-functions\\index_docs.js",
          "file": "\\src\\collection\\js-basics\\01_types\\02_native-functions\\index_docs.js",
          "beforeHooks": [],
          "afterHooks": [],
          "tests": [
            {
              "title": "Native funtions can be called with new operator in front of it or can be called as regular functions.",
              "fullTitle": "Native Functions Native funtions can be called with new operator in front of it or can be called as regular functions.",
              "timedOut": false,
              "duration": 0,
              "state": "passed",
              "speed": "fast",
              "pass": true,
              "fail": false,
              "pending": false,
              "context": null,
              "code": "",
              "err": {},
              "uuid": "3bdadaa3-38e1-4db1-9019-85a15345c08c",
              "parentUUID": "7b0dd240-6e22-408b-983b-526e30fb9fa4",
              "isHook": false,
              "skipped": false
            },
            {
              "title": "Classified into\n\t\t\tString\n\t\t\tNumber\n\t\t\tBoolean\n\t\t\tArray\n\t\t\tObject\n\t\t\tRegExp\n\t\t\tDate\n\t\t\tFunction\n\t\t\tError\n\t\t",
              "fullTitle": "Native Functions Classified into\n\t\t\tString\n\t\t\tNumber\n\t\t\tBoolean\n\t\t\tArray\n\t\t\tObject\n\t\t\tRegExp\n\t\t\tDate\n\t\t\tFunction\n\t\t\tError\n\t\t",
              "timedOut": false,
              "duration": 0,
              "state": "passed",
              "speed": "fast",
              "pass": true,
              "fail": false,
              "pending": false,
              "context": null,
              "code": "",
              "err": {},
              "uuid": "8ae917db-1fc6-47c3-8c12-2c29259632d6",
              "parentUUID": "7b0dd240-6e22-408b-983b-526e30fb9fa4",
              "isHook": false,
              "skipped": false
            }
          ],
          "suites": [
            {
              "uuid": "d86cdd40-b652-4b72-842f-b2416fad4246",
              "title": "Call Natives as Constructors",
              "fullFile": "D:\\Work\\Development\\Language-Solutions\\Javascript\\JS_solutions\\src\\collection\\js-basics\\01_types\\02_native-functions\\index_docs.js",
              "file": "\\src\\collection\\js-basics\\01_types\\02_native-functions\\index_docs.js",
              "beforeHooks": [],
              "afterHooks": [],
              "tests": [
                {
                  "title": "Calling with new operator creates an object wrapper around the primitive type. This can be verified using typeof operator on the newly constructed object",
                  "fullTitle": "Native Functions Call Natives as Constructors Calling with new operator creates an object wrapper around the primitive type. This can be verified using typeof operator on the newly constructed object",
                  "timedOut": false,
                  "duration": 0,
                  "state": "passed",
                  "speed": "fast",
                  "pass": true,
                  "fail": false,
                  "pending": false,
                  "context": null,
                  "code": "var output = new String('abc');\nassert.equal(typeof output, 'object');",
                  "err": {},
                  "uuid": "8b05e5dc-bb4c-4bb0-a004-fc06aef3af25",
                  "parentUUID": "d86cdd40-b652-4b72-842f-b2416fad4246",
                  "isHook": false,
                  "skipped": false
                },
                {
                  "title": "There are some caveats in calling as constructors, as it constructs object around primitives.",
                  "fullTitle": "Native Functions Call Natives as Constructors There are some caveats in calling as constructors, as it constructs object around primitives.",
                  "timedOut": false,
                  "duration": 0,
                  "state": "passed",
                  "speed": "fast",
                  "pass": true,
                  "fail": false,
                  "pending": false,
                  "context": null,
                  "code": "",
                  "err": {},
                  "uuid": "844d00c7-3921-4a76-b437-9ba9a6ff9f8f",
                  "parentUUID": "d86cdd40-b652-4b72-842f-b2416fad4246",
                  "isHook": false,
                  "skipped": false
                },
                {
                  "title": "Example, false as (boolean primitive) is falsy, but false as (Boolean Object) is truthy. Calling new Boolean(false) will return empty object, which is truthy (weird!)",
                  "fullTitle": "Native Functions Call Natives as Constructors Example, false as (boolean primitive) is falsy, but false as (Boolean Object) is truthy. Calling new Boolean(false) will return empty object, which is truthy (weird!)",
                  "timedOut": false,
                  "duration": 0,
                  "state": "passed",
                  "speed": "fast",
                  "pass": true,
                  "fail": false,
                  "pending": false,
                  "context": null,
                  "code": "var a = false;\nvar b = new Boolean(false);\nassert.equal(a, false);\nassert.equal(Boolean(b), true);",
                  "err": {},
                  "uuid": "576b54f0-a508-4950-a338-fa2ea6387606",
                  "parentUUID": "d86cdd40-b652-4b72-842f-b2416fad4246",
                  "isHook": false,
                  "skipped": false
                },
                {
                  "title": "Similarly, 0 as (number primitive) is falsy, but 0 as (Number Object) is truthy. Calling new Number(0) will return empty object, which is truthy (weird!)",
                  "fullTitle": "Native Functions Call Natives as Constructors Similarly, 0 as (number primitive) is falsy, but 0 as (Number Object) is truthy. Calling new Number(0) will return empty object, which is truthy (weird!)",
                  "timedOut": false,
                  "duration": 0,
                  "state": "passed",
                  "speed": "fast",
                  "pass": true,
                  "fail": false,
                  "pending": false,
                  "context": null,
                  "code": "var a = 0;\nvar b = new Number(0);\nassert.equal(a, false);\nassert.equal(Boolean(b), true);",
                  "err": {},
                  "uuid": "d7d79d15-9289-43f9-a323-6f0d8abda493",
                  "parentUUID": "d86cdd40-b652-4b72-842f-b2416fad4246",
                  "isHook": false,
                  "skipped": false
                },
                {
                  "title": "Similarly, '' as (string primitive) is falsy, but '' as (String Object) is truthy. Calling new String('') will return empty object, which is truthy (weird!)",
                  "fullTitle": "Native Functions Call Natives as Constructors Similarly, '' as (string primitive) is falsy, but '' as (String Object) is truthy. Calling new String('') will return empty object, which is truthy (weird!)",
                  "timedOut": false,
                  "duration": 0,
                  "state": "passed",
                  "speed": "fast",
                  "pass": true,
                  "fail": false,
                  "pending": false,
                  "context": null,
                  "code": "var a = '';\nvar b = new String('');\nassert.equal(a, false);\nassert.equal(Boolean(b), true);",
                  "err": {},
                  "uuid": "7f67ce5f-315d-4c26-b991-5bfee1dcb6e8",
                  "parentUUID": "d86cdd40-b652-4b72-842f-b2416fad4246",
                  "isHook": false,
                  "skipped": false
                },
                {
                  "title": "Hence, it is better to avoid building primitives using constructors.",
                  "fullTitle": "Native Functions Call Natives as Constructors Hence, it is better to avoid building primitives using constructors.",
                  "timedOut": false,
                  "duration": 0,
                  "state": "passed",
                  "speed": "fast",
                  "pass": true,
                  "fail": false,
                  "pending": false,
                  "context": null,
                  "code": "",
                  "err": {},
                  "uuid": "50c1b692-4895-454f-8481-64be755e5df4",
                  "parentUUID": "d86cdd40-b652-4b72-842f-b2416fad4246",
                  "isHook": false,
                  "skipped": false
                }
              ],
              "suites": [],
              "passes": [
                "8b05e5dc-bb4c-4bb0-a004-fc06aef3af25",
                "844d00c7-3921-4a76-b437-9ba9a6ff9f8f",
                "576b54f0-a508-4950-a338-fa2ea6387606",
                "d7d79d15-9289-43f9-a323-6f0d8abda493",
                "7f67ce5f-315d-4c26-b991-5bfee1dcb6e8",
                "50c1b692-4895-454f-8481-64be755e5df4"
              ],
              "failures": [],
              "pending": [],
              "skipped": [],
              "duration": 0,
              "root": false,
              "rootEmpty": false,
              "_timeout": 2000
            },
            {
              "uuid": "4520dc09-8e84-4f35-99ec-51e5d977d6c6",
              "title": "Call Natives as Functions",
              "fullFile": "D:\\Work\\Development\\Language-Solutions\\Javascript\\JS_solutions\\src\\collection\\js-basics\\01_types\\02_native-functions\\index_docs.js",
              "file": "\\src\\collection\\js-basics\\01_types\\02_native-functions\\index_docs.js",
              "beforeHooks": [],
              "afterHooks": [],
              "tests": [
                {
                  "title": "Calling as regular function creates the primitive respectively",
                  "fullTitle": "Native Functions Call Natives as Functions Calling as regular function creates the primitive respectively",
                  "timedOut": false,
                  "duration": 1,
                  "state": "passed",
                  "speed": "fast",
                  "pass": true,
                  "fail": false,
                  "pending": false,
                  "context": null,
                  "code": "var output = String('abc');\nassert.equal(typeof output, 'string');",
                  "err": {},
                  "uuid": "3287605a-68be-43e2-bf8d-5fa3cd691434",
                  "parentUUID": "4520dc09-8e84-4f35-99ec-51e5d977d6c6",
                  "isHook": false,
                  "skipped": false
                },
                {
                  "title": "Calling as regular function will also coerce the value to its primitive type",
                  "fullTitle": "Native Functions Call Natives as Functions Calling as regular function will also coerce the value to its primitive type",
                  "timedOut": false,
                  "duration": 0,
                  "state": "passed",
                  "speed": "fast",
                  "pass": true,
                  "fail": false,
                  "pending": false,
                  "context": null,
                  "code": "var output = String(42);\nassert.equal(typeof output, 'string');",
                  "err": {},
                  "uuid": "2e2e58ad-f47f-493e-ad6b-09a583e60cb3",
                  "parentUUID": "4520dc09-8e84-4f35-99ec-51e5d977d6c6",
                  "isHook": false,
                  "skipped": false
                }
              ],
              "suites": [],
              "passes": [
                "3287605a-68be-43e2-bf8d-5fa3cd691434",
                "2e2e58ad-f47f-493e-ad6b-09a583e60cb3"
              ],
              "failures": [],
              "pending": [],
              "skipped": [],
              "duration": 1,
              "root": false,
              "rootEmpty": false,
              "_timeout": 2000
            }
          ],
          "passes": [
            "3bdadaa3-38e1-4db1-9019-85a15345c08c",
            "8ae917db-1fc6-47c3-8c12-2c29259632d6"
          ],
          "failures": [],
          "pending": [],
          "skipped": [],
          "duration": 0,
          "root": false,
          "rootEmpty": false,
          "_timeout": 2000
        },
        {
          "uuid": "690d13cd-2543-494e-a626-dff90266970c",
          "title": "Array",
          "fullFile": "D:\\Work\\Development\\Language-Solutions\\Javascript\\JS_solutions\\src\\collection\\js-basics\\01_types\\02_native-functions\\index_docs.js",
          "file": "\\src\\collection\\js-basics\\01_types\\02_native-functions\\index_docs.js",
          "beforeHooks": [],
          "afterHooks": [],
          "tests": [
            {
              "title": "Array can be created by constructor form or literal syntax.",
              "fullTitle": "Array Array can be created by constructor form or literal syntax.",
              "timedOut": false,
              "duration": 0,
              "state": "passed",
              "speed": "fast",
              "pass": true,
              "fail": false,
              "pending": false,
              "context": null,
              "code": "",
              "err": {},
              "uuid": "ffd8afb7-1ab8-4300-b9a7-a7561a766159",
              "parentUUID": "690d13cd-2543-494e-a626-dff90266970c",
              "isHook": false,
              "skipped": false
            }
          ],
          "suites": [
            {
              "uuid": "99cc9653-eeb8-4929-b98f-5e7f6320fca6",
              "title": "Constructor Syntax",
              "fullFile": "D:\\Work\\Development\\Language-Solutions\\Javascript\\JS_solutions\\src\\collection\\js-basics\\01_types\\02_native-functions\\index_docs.js",
              "file": "\\src\\collection\\js-basics\\01_types\\02_native-functions\\index_docs.js",
              "beforeHooks": [],
              "afterHooks": [],
              "tests": [
[...]
              "isHook": false,
              "skipped": false
            }
          ],
          "suites": [],
          "passes": [
            "0dfece0a-84e0-4a8b-a42c-be3bc00888f3",
            "8cdd2de6-daf5-4a45-b7c6-a337a6cb7e9f",
            "a47e0668-b6e0-40f3-bbf3-e5a8c2181df2",
            "3710b73d-2970-4a39-b840-196fa759120c",
            "49165049-72b5-478a-805b-82ad3e7c29c1"
          ],
          "failures": [],
          "pending": [],
          "skipped": [],
          "duration": 0,
          "root": false,
          "rootEmpty": false,
          "_timeout": 2000
        },
        {
          "uuid": "b0e0697c-f978-43ba-a5b4-aea13ef1ef1c",
          "title": "Arrow function - this confusion",
          "fullFile": "D:\\Work\\Development\\Language-Solutions\\Javascript\\JS_solutions\\src\\collection\\js-basics\\05_this\\03_arrow-functions-lexical-this\\01_index_docs.js",
          "file": "\\src\\collection\\js-basics\\05_this\\03_arrow-functions-lexical-this\\01_index_docs.js",
          "beforeHooks": [],
          "afterHooks": [],
          "tests": [
            {
              "title": "In the above example, we have an arrow function and this keyword inside the function.",
              "fullTitle": "Arrow function - this confusion In the above example, we have an arrow function and this keyword inside the function.",
              "timedOut": false,
              "duration": 0,
              "state": "passed",
              "speed": "fast",
              "pass": true,
              "fail": false,
              "pending": false,
              "context": null,
              "code": "",
              "err": {},
              "uuid": "d62c796e-e759-4197-8202-adda5f9d76e9",
              "parentUUID": "b0e0697c-f978-43ba-a5b4-aea13ef1ef1c",
              "isHook": false,
              "skipped": false
            },
            {
              "title": "when we call the ask function, ",
              "fullTitle": "Arrow function - this confusion when we call the ask function, ",
              "timedOut": false,
              "duration": 0,
              "state": "passed",
              "speed": "fast",
              "pass": true,
              "fail": false,
              "pending": false,
              "context": null,
              "code": "",
              "err": {},
              "uuid": "7fe6a4db-18e2-4da7-9c38-7ec54effb942",
              "parentUUID": "b0e0697c-f978-43ba-a5b4-aea13ef1ef1c",
              "isHook": false,
              "skipped": false
            },
            {
              "title": "when the ask function is called, 'this.teacher' variable reference is not found inside ask function. so, it moves one level up lexically, as a normal variable.",
              "fullTitle": "Arrow function - this confusion when the ask function is called, 'this.teacher' variable reference is not found inside ask function. so, it moves one level up lexically, as a normal variable.",
              "timedOut": false,
              "duration": 0,
              "state": "passed",
              "speed": "fast",
              "pass": true,
              "fail": false,
              "pending": false,
              "context": null,
              "code": "",
              "err": {},
              "uuid": "1cebff2f-5faa-4cdb-a74e-3f90a554f7a0",
              "parentUUID": "b0e0697c-f978-43ba-a5b4-aea13ef1ef1c",
              "isHook": false,
              "skipped": false
            },
            {
              "title": "Now, we move one level up ending up in describe block function, and then to the global scope. We could be tricked into believing that workshop object is scope. but it isn't. So we don't get 'this.teacher' reference and get undefined.",
              "fullTitle": "Arrow function - this confusion Now, we move one level up ending up in describe block function, and then to the global scope. We could be tricked into believing that workshop object is scope. but it isn't. So we don't get 'this.teacher' reference and get undefined.",
              "timedOut": false,
              "duration": 0,
              "state": "passed",
              "speed": "fast",
              "pass": true,
              "fail": false,
              "pending": false,
              "context": null,
              "code": "",
              "err": {},
              "uuid": "ee9d67c2-2eae-4444-bb7f-9b1278d10e36",
              "parentUUID": "b0e0697c-f978-43ba-a5b4-aea13ef1ef1c",
              "isHook": false,
              "skipped": false
            },
            {
              "title": "Even when we call the ask function with call and set explicitly to the workshop object, we still get undefined, because it does not follow dynamic this behavior. Arrow functions' this follows lexical behavior (Important).",
              "fullTitle": "Arrow function - this confusion Even when we call the ask function with call and set explicitly to the workshop object, we still get undefined, because it does not follow dynamic this behavior. Arrow functions' this follows lexical behavior (Important).",
              "timedOut": false,
              "duration": 0,
              "state": "passed",
              "speed": "fast",
              "pass": true,
              "fail": false,
              "pending": false,
              "context": null,
              "code": "",
              "err": {},
              "uuid": "a9f22cce-6c4a-42eb-8580-e72ab57dbdd1",
              "parentUUID": "b0e0697c-f978-43ba-a5b4-aea13ef1ef1c",
              "isHook": false,
              "skipped": false
            }
          ],
          "suites": [],
          "passes": [
            "d62c796e-e759-4197-8202-adda5f9d76e9",
            "7fe6a4db-18e2-4da7-9c38-7ec54effb942",
            "1cebff2f-5faa-4cdb-a74e-3f90a554f7a0",
            "ee9d67c2-2eae-4444-bb7f-9b1278d10e36",
            "a9f22cce-6c4a-42eb-8580-e72ab57dbdd1"
          ],
          "failures": [],
          "pending": [],
          "skipped": [],
          "duration": 0,
          "root": false,
          "rootEmpty": false,
          "_timeout": 2000
        },
        {
          "uuid": "73344ea1-2f5e-46a1-8a45-c60f809a6f01",
          "title": "When to use arrow functions",
          "fullFile": "D:\\Work\\Development\\Language-Solutions\\Javascript\\JS_solutions\\src\\collection\\js-basics\\05_this\\03_arrow-functions-lexical-this\\01_index_docs.js",
          "file": "\\src\\collection\\js-basics\\05_this\\03_arrow-functions-lexical-this\\01_index_docs.js",
          "beforeHooks": [],
          "afterHooks": [],
          "tests": [
            {
              "title": "Only use arrow functions, when you need to use lexical this behavior",
              "fullTitle": "When to use arrow functions Only use arrow functions, when you need to use lexical this behavior",
              "timedOut": false,
              "duration": 0,
              "state": "passed",
              "speed": "fast",
              "pass": true,
              "fail": false,
              "pending": false,
              "context": null,
              "code": "",
              "err": {},
              "uuid": "e2787be4-5fd8-4919-ab10-cc70d60d69f6",
              "parentUUID": "73344ea1-2f5e-46a1-8a45-c60f809a6f01",
              "isHook": false,
              "skipped": false
            }
          ],
          "suites": [],
          "passes": [
            "e2787be4-5fd8-4919-ab10-cc70d60d69f6"
          ],
          "failures": [],
          "pending": [],
          "skipped": [],
          "duration": 0,
          "root": false,
          "rootEmpty": false,
          "_timeout": 2000
        },
        {
          "uuid": "18a9144a-32b3-4527-8502-951712bc938d",
          "title": "Class",
          "fullFile": "D:\\Work\\Development\\Language-Solutions\\Javascript\\JS_solutions\\src\\collection\\js-basics\\05_this\\04_class\\01_index_docs.js",
          "file": "\\src\\collection\\js-basics\\05_this\\04_class\\01_index_docs.js",
          "beforeHooks": [],
          "afterHooks": [],
          "tests": [
            {
              "title": "We could the same type of this behaviour with class system in javascript like we do in functions",
              "fullTitle": "Class We could the same type of this behaviour with class system in javascript like we do in functions",
              "timedOut": false,
              "duration": 0,
              "state": "passed",
              "speed": "fast",
              "pass": true,
              "fail": false,
              "pending": false,
              "context": null,
              "code": "",
              "err": {},
              "uuid": "dc09af90-a85f-40be-830a-c4252ba21892",
              "parentUUID": "18a9144a-32b3-4527-8502-951712bc938d",
              "isHook": false,
              "skipped": false
            },
            {
              "title": "It is similar to function version (commented), except that we could define a constructor and prototype methods with class keyword block",
              "fullTitle": "Class It is similar to function version (commented), except that we could define a constructor and prototype methods with class keyword block",
              "timedOut": false,
              "duration": 0,
              "state": "passed",
              "speed": "fast",
              "pass": true,
              "fail": false,
              "pending": false,
              "context": null,
              "code": "",
              "err": {},
              "uuid": "56cfbba2-5ebb-4bca-9deb-dfd73702bee6",
              "parentUUID": "18a9144a-32b3-4527-8502-951712bc938d",
              "isHook": false,
              "skipped": false
            }
          ],
          "suites": [],
          "passes": [
            "dc09af90-a85f-40be-830a-c4252ba21892",
            "56cfbba2-5ebb-4bca-9deb-dfd73702bee6"
          ],
          "failures": [],
          "pending": [],
          "skipped": [],
          "duration": 0,
          "root": false,
          "rootEmpty": false,
          "_timeout": 2000
        },
        {
          "uuid": "789564b1-09ca-4c6c-8651-b18099ecda51",
          "title": "Class inheritance",
          "fullFile": "D:\\Work\\Development\\Language-Solutions\\Javascript\\JS_solutions\\src\\collection\\js-basics\\05_this\\04_class\\01_index_docs.js",
          "file": "\\src\\collection\\js-basics\\05_this\\04_class\\01_index_docs.js",
          "beforeHooks": [],
          "afterHooks": [],
          "tests": [
            {
              "title": "TODO: Class inheritance",
              "fullTitle": "Class inheritance TODO: Class inheritance",
              "timedOut": false,
              "duration": 0,
              "state": "passed",
              "speed": "fast",
              "pass": true,
              "fail": false,
              "pending": false,
              "context": null,
              "code": "",
              "err": {},
              "uuid": "43e8c185-b86a-437d-b3b8-287e2aab0ad5",
              "parentUUID": "789564b1-09ca-4c6c-8651-b18099ecda51",
              "isHook": false,
              "skipped": false
            }
          ],
          "suites": [],
          "passes": [
            "43e8c185-b86a-437d-b3b8-287e2aab0ad5"
          ],
          "failures": [],
          "pending": [],
          "skipped": [],
          "duration": 0,
          "root": false,
          "rootEmpty": false,
          "_timeout": 2000
        },
        {
          "uuid": "a215ec6a-c970-4a34-a0be-2faef9e6191a",
          "title": "Class - Relative polymorphism",
          "fullFile": "D:\\Work\\Development\\Language-Solutions\\Javascript\\JS_solutions\\src\\collection\\js-basics\\05_this\\04_class\\02_relative-polymorphism_docs.js",
          "file": "\\src\\collection\\js-basics\\05_this\\04_class\\02_relative-polymorphism_docs.js",
          "beforeHooks": [],
          "afterHooks": [],
          "tests": [
            {
              "title": "Relative polymorphism is overriding the same method in parent in child classes. It is called shadowing.",
              "fullTitle": "Class - Relative polymorphism Relative polymorphism is overriding the same method in parent in child classes. It is called shadowing.",
              "timedOut": false,
              "duration": 0,
              "state": "passed",
              "speed": "fast",
              "pass": true,
              "fail": false,
              "pending": false,
              "context": null,
              "code": "",
              "err": {},
              "uuid": "e437fd90-db5c-47c1-92c3-47fb8f353530",
              "parentUUID": "a215ec6a-c970-4a34-a0be-2faef9e6191a",
              "isHook": false,
              "skipped": false
            },
            {
              "title": "We should use super.methodName() to call a method that is in the parent class.",
              "fullTitle": "Class - Relative polymorphism We should use super.methodName() to call a method that is in the parent class.",
              "timedOut": false,
              "duration": 0,
              "state": "passed",
              "speed": "fast",
              "pass": true,
              "fail": false,
              "pending": false,
              "context": null,
              "code": "",
              "err": {},
              "uuid": "d4057c03-1fc9-4164-b224-b35809b7903f",
              "parentUUID": "a215ec6a-c970-4a34-a0be-2faef9e6191a",
              "isHook": false,
              "skipped": false
            }
          ],
          "suites": [],
          "passes": [
            "e437fd90-db5c-47c1-92c3-47fb8f353530",
            "d4057c03-1fc9-4164-b224-b35809b7903f"
          ],
          "failures": [],
          "pending": [],
          "skipped": [],
          "duration": 0,
          "root": false,
          "rootEmpty": false,
          "_timeout": 2000
        },
        {
          "uuid": "db10b64c-fbc7-4af3-925c-4e2f7b30ff30",
          "title": "Classes - Dynamic this behaviour",
          "fullFile": "D:\\Work\\Development\\Language-Solutions\\Javascript\\JS_solutions\\src\\collection\\js-basics\\05_this\\04_class\\03_dynamic-this_docs.js",
          "file": "\\src\\collection\\js-basics\\05_this\\04_class\\03_dynamic-this_docs.js",
          "beforeHooks": [],
          "afterHooks": [],
          "tests": [
            {
              "title": "Even though, we have the new class system, the workings of this remains same as before.",
              "fullTitle": "Classes - Dynamic this behaviour Even though, we have the new class system, the workings of this remains same as before.",
              "timedOut": false,
              "duration": 0,
              "state": "passed",
              "speed": "fast",
              "pass": true,
              "fail": false,
              "pending": false,
              "context": null,
              "code": "",
              "err": {},
              "uuid": "4052ffe1-2225-43b6-9168-9928f573e21e",
              "parentUUID": "db10b64c-fbc7-4af3-925c-4e2f7b30ff30",
              "isHook": false,
              "skipped": false
            }
          ],
          "suites": [],
          "passes": [
            "4052ffe1-2225-43b6-9168-9928f573e21e"
          ],
          "failures": [],
          "pending": [],
          "skipped": [],
          "duration": 0,
          "root": false,
          "rootEmpty": false,
          "_timeout": 2000
        },
        {
          "uuid": "0cd0a85a-95a1-4c70-9194-dc9ab3040c45",
          "title": "Classes - losing this in setTimeout",
          "fullFile": "D:\\Work\\Development\\Language-Solutions\\Javascript\\JS_solutions\\src\\collection\\js-basics\\05_this\\04_class\\03_dynamic-this_docs.js",
          "file": "\\src\\collection\\js-basics\\05_this\\04_class\\03_dynamic-this_docs.js",
          "beforeHooks": [],
          "afterHooks": [],
          "tests": [
            {
              "title": "when we pass the function to the setTimeout function, we lose this as before.",
              "fullTitle": "Classes - losing this in setTimeout when we pass the function to the setTimeout function, we lose this as before.",
              "timedOut": false,
              "duration": 0,
              "state": "passed",
              "speed": "fast",
              "pass": true,
              "fail": false,
              "pending": false,
              "context": null,
              "code": "",
              "err": {},
              "uuid": "f99df4f5-00f7-4880-86ea-96f701550100",
              "parentUUID": "0cd0a85a-95a1-4c70-9194-dc9ab3040c45",
              "isHook": false,
              "skipped": false
            }
          ],
          "suites": [],
          "passes": [
            "f99df4f5-00f7-4880-86ea-96f701550100"
          ],
          "failures": [],
          "pending": [],
          "skipped": [],
          "duration": 0,
          "root": false,
          "rootEmpty": false,
          "_timeout": 2000
        },
        {
          "uuid": "c33cda61-48ee-4476-8634-df7a02a2c394",
          "title": "Classes - fixing this in setTimeout",
          "fullFile": "D:\\Work\\Development\\Language-Solutions\\Javascript\\JS_solutions\\src\\collection\\js-basics\\05_this\\04_class\\03_dynamic-this_docs.js",
          "file": "\\src\\collection\\js-basics\\05_this\\04_class\\03_dynamic-this_docs.js",
          "beforeHooks": [],
          "afterHooks": [],
          "tests": [
            {
              "title": "We fixed this by using hard bound function before.",
              "fullTitle": "Classes - fixing this in setTimeout We fixed this by using hard bound function before.",
              "timedOut": false,
              "duration": 0,
              "state": "passed",
              "speed": "fast",
              "pass": true,
              "fail": false,
              "pending": false,
              "context": null,
              "code": "",
              "err": {},
              "uuid": "c0bb78b9-0b16-4b69-a7c1-5bb5b90fa35f",
              "parentUUID": "c33cda61-48ee-4476-8634-df7a02a2c394",
              "isHook": false,
              "skipped": false
            },
            {
              "title": "We could achieve the same with lexical this arrow function inside constructor function.",
              "fullTitle": "Classes - fixing this in setTimeout We could achieve the same with lexical this arrow function inside constructor function.",
              "timedOut": false,
              "duration": 0,
              "state": "passed",
              "speed": "fast",
              "pass": true,
              "fail": false,
              "pending": false,
              "context": null,
              "code": "",
              "err": {},
              "uuid": "c55848e0-58f1-4817-9ea4-de61db2d3247",
              "parentUUID": "c33cda61-48ee-4476-8634-df7a02a2c394",
              "isHook": false,
              "skipped": false
            }
          ],
          "suites": [],
          "passes": [
            "c0bb78b9-0b16-4b69-a7c1-5bb5b90fa35f",
            "c55848e0-58f1-4817-9ea4-de61db2d3247"
          ],
          "failures": [],
          "pending": [],
          "skipped": [],
          "duration": 0,
          "root": false,
          "rootEmpty": false,
          "_timeout": 2000
        }
      ],
      "passes": [],
      "failures": [],
      "pending": [],
      "skipped": [],
      "duration": 0,
      "root": true,
      "rootEmpty": true,
      "_timeout": 2000
    }
  ],
  "meta": {
    "mocha": {
      "version": "5.2.0"
    },
    "mochawesome": {
      "options": {
        "quiet": false,
        "reportFilename": "mochawesome",
        "saveHtml": true,
        "saveJson": true,
        "consoleReporter": "spec",
        "useInlineDiffs": false
      },
      "version": "4.1.0"
    },
    "marge": {
      "options": {
        "reportDir": "src/collection/js-basics/documentation"
      },
      "version": "4.0.1"
    }
  }
}