{
  "stats": {
    "suites": 73,
    "tests": 211,
    "passes": 211,
    "pending": 0,
    "failures": 0,
    "start": "2019-09-07T12:05:23.892Z",
    "end": "2019-09-07T12:05:24.047Z",
    "duration": 155,
    "testsRegistered": 211,
    "passPercent": 100,
    "pendingPercent": 0,
    "other": 0,
    "hasOther": false,
    "skipped": 0,
    "hasSkipped": false
  },
  "results": [
    {
      "uuid": "98c09360-adef-4d60-8ccc-e90bf33e3fee",
      "title": "",
      "fullFile": "",
      "file": "",
      "beforeHooks": [],
      "afterHooks": [],
      "tests": [],
      "suites": [
        {
          "uuid": "0b380f24-f185-47d9-81a1-c0fa584efb7e",
          "title": "Primitive Types",
          "fullFile": "D:\\Work\\Development\\Language-Solutions\\Javascript\\JS_solutions\\src\\collection\\js-basics\\01_types\\01_primitive-types\\01_index_docs.js",
          "file": "\\src\\collection\\js-basics\\01_types\\01_primitive-types\\01_index_docs.js",
          "beforeHooks": [],
          "afterHooks": [],
          "tests": [
            {
              "title": "Given a primitive type, we have a set of expected behaviors for that type. Eg: Given number 42, it has expected behaviors such as we can do math on that. Given a string '42', we can expect it to get its individual chars and print to console.",
              "fullTitle": "Primitive Types Given a primitive type, we have a set of expected behaviors for that type. Eg: Given number 42, it has expected behaviors such as we can do math on that. Given a string '42', we can expect it to get its individual chars and print to console.",
              "timedOut": false,
              "duration": 0,
              "state": "passed",
              "speed": "fast",
              "pass": true,
              "fail": false,
              "pending": false,
              "context": null,
              "code": "",
              "err": {},
              "uuid": "09fec9bd-f4a2-460f-8a1e-54abcf694d9e",
              "parentUUID": "0b380f24-f185-47d9-81a1-c0fa584efb7e",
              "isHook": false,
              "skipped": false
            },
            {
              "title": "Classified into\n\t\t\tundefined\n\t\t\tnull \n\t\t\tstring \n\t\t\tnumber \n\t\t\tboolean \n\t\t\tobject \n\t\t\t\tfunction (subtype of object - special callable object)\n\t\t\tsymbol (ES6)\n\t\t\tbigint (ES6)\n\t\t",
              "fullTitle": "Primitive Types Classified into\n\t\t\tundefined\n\t\t\tnull \n\t\t\tstring \n\t\t\tnumber \n\t\t\tboolean \n\t\t\tobject \n\t\t\t\tfunction (subtype of object - special callable object)\n\t\t\tsymbol (ES6)\n\t\t\tbigint (ES6)\n\t\t",
              "timedOut": false,
              "duration": 0,
              "state": "passed",
              "speed": "fast",
              "pass": true,
              "fail": false,
              "pending": false,
              "context": null,
              "code": "",
              "err": {},
              "uuid": "09c6a1ef-abc6-494e-a338-562b6b0b173a",
              "parentUUID": "0b380f24-f185-47d9-81a1-c0fa584efb7e",
              "isHook": false,
              "skipped": false
            },
            {
              "title": "As Javascript is dynamically typed language, it has type of a VALUE that the variable is currently holding",
              "fullTitle": "Primitive Types As Javascript is dynamically typed language, it has type of a VALUE that the variable is currently holding",
              "timedOut": false,
              "duration": 0,
              "state": "passed",
              "speed": "fast",
              "pass": true,
              "fail": false,
              "pending": false,
              "context": null,
              "code": "",
              "err": {},
              "uuid": "928f5786-e833-43e9-ae52-750762083ed7",
              "parentUUID": "0b380f24-f185-47d9-81a1-c0fa584efb7e",
              "isHook": false,
              "skipped": false
            },
            {
              "title": "when typeof operator used on a variable, returns the value type that the variable is currently holding",
              "fullTitle": "Primitive Types when typeof operator used on a variable, returns the value type that the variable is currently holding",
              "timedOut": false,
              "duration": 0,
              "state": "passed",
              "speed": "fast",
              "pass": true,
              "fail": false,
              "pending": false,
              "context": null,
              "code": "",
              "err": {},
              "uuid": "854e00a9-b16d-4ae4-9672-3361155d7270",
              "parentUUID": "0b380f24-f185-47d9-81a1-c0fa584efb7e",
              "isHook": false,
              "skipped": false
            },
            {
              "title": "typeof operator will always return a string. It will not actually return the primitive type of the variable",
              "fullTitle": "Primitive Types typeof operator will always return a string. It will not actually return the primitive type of the variable",
              "timedOut": false,
              "duration": 0,
              "state": "passed",
              "speed": "fast",
              "pass": true,
              "fail": false,
              "pending": false,
              "context": null,
              "code": "",
              "err": {},
              "uuid": "3fd9c449-e691-4261-8148-b47056e9cc9f",
              "parentUUID": "0b380f24-f185-47d9-81a1-c0fa584efb7e",
              "isHook": false,
              "skipped": false
            },
            {
              "title": "returns string 'number' when used typeof operator on number",
              "fullTitle": "Primitive Types returns string 'number' when used typeof operator on number",
              "timedOut": false,
              "duration": 1,
              "state": "passed",
              "speed": "fast",
              "pass": true,
              "fail": false,
              "pending": false,
              "context": null,
              "code": "assert.equal(typeof 42, 'number');",
              "err": {},
              "uuid": "7e0a4b2b-863d-4804-9822-423c1faa69ee",
              "parentUUID": "0b380f24-f185-47d9-81a1-c0fa584efb7e",
              "isHook": false,
              "skipped": false
            },
            {
              "title": "returns string 'string' when used typeof operator on string",
              "fullTitle": "Primitive Types returns string 'string' when used typeof operator on string",
              "timedOut": false,
              "duration": 0,
              "state": "passed",
              "speed": "fast",
              "pass": true,
              "fail": false,
              "pending": false,
              "context": null,
              "code": "assert.equal(typeof '42', 'string');",
              "err": {},
              "uuid": "6d3faa4d-e3ad-4358-9ddb-42a1882853a6",
              "parentUUID": "0b380f24-f185-47d9-81a1-c0fa584efb7e",
              "isHook": false,
              "skipped": false
            },
            {
              "title": "returns string 'boolean' when used typeof operator on boolean",
              "fullTitle": "Primitive Types returns string 'boolean' when used typeof operator on boolean",
              "timedOut": false,
              "duration": 0,
              "state": "passed",
              "speed": "fast",
              "pass": true,
              "fail": false,
              "pending": false,
              "context": null,
              "code": "assert.equal(typeof true, 'boolean');",
              "err": {},
              "uuid": "0b321d30-a926-4fc5-afbf-390a47e96638",
              "parentUUID": "0b380f24-f185-47d9-81a1-c0fa584efb7e",
              "isHook": false,
              "skipped": false
            },
            {
              "title": "returns string 'object' when used typeof operator on object",
              "fullTitle": "Primitive Types returns string 'object' when used typeof operator on object",
              "timedOut": false,
              "duration": 0,
              "state": "passed",
              "speed": "fast",
              "pass": true,
              "fail": false,
              "pending": false,
              "context": null,
              "code": "assert.equal(typeof { a: 1 }, 'object');",
              "err": {},
              "uuid": "7a63c137-e3c9-4e5e-8b05-fce8ebf1fe41",
              "parentUUID": "0b380f24-f185-47d9-81a1-c0fa584efb7e",
              "isHook": false,
              "skipped": false
            },
            {
              "title": "returns string 'function' when used typeof operator on function",
              "fullTitle": "Primitive Types returns string 'function' when used typeof operator on function",
              "timedOut": false,
              "duration": 0,
              "state": "passed",
              "speed": "fast",
              "pass": true,
              "fail": false,
              "pending": false,
              "context": null,
              "code": "assert.equal(typeof function(){}, 'function');",
              "err": {},
              "uuid": "cfe777b9-7247-40d3-9f8b-11f2a4a16e27",
              "parentUUID": "0b380f24-f185-47d9-81a1-c0fa584efb7e",
              "isHook": false,
              "skipped": false
            }
          ],
          "suites": [],
          "passes": [
            "09fec9bd-f4a2-460f-8a1e-54abcf694d9e",
            "09c6a1ef-abc6-494e-a338-562b6b0b173a",
            "928f5786-e833-43e9-ae52-750762083ed7",
            "854e00a9-b16d-4ae4-9672-3361155d7270",
            "3fd9c449-e691-4261-8148-b47056e9cc9f",
            "7e0a4b2b-863d-4804-9822-423c1faa69ee",
            "6d3faa4d-e3ad-4358-9ddb-42a1882853a6",
            "0b321d30-a926-4fc5-afbf-390a47e96638",
            "7a63c137-e3c9-4e5e-8b05-fce8ebf1fe41",
            "cfe777b9-7247-40d3-9f8b-11f2a4a16e27"
          ],
          "failures": [],
          "pending": [],
          "skipped": [],
          "duration": 1,
          "root": false,
          "rootEmpty": false,
          "_timeout": 2000
        },
        {
          "uuid": "ba1e505f-c7ba-4112-bfc3-3c279de1be14",
          "title": "null - a historical bug in javascript",
          "fullFile": "D:\\Work\\Development\\Language-Solutions\\Javascript\\JS_solutions\\src\\collection\\js-basics\\01_types\\01_primitive-types\\01_index_docs.js",
          "file": "\\src\\collection\\js-basics\\01_types\\01_primitive-types\\01_index_docs.js",
          "beforeHooks": [],
          "afterHooks": [],
          "tests": [
            {
              "title": "returns string 'object' when used typeof operator on null, while we may expect that it should return 'null'. This is a bug in javascript",
              "fullTitle": "null - a historical bug in javascript returns string 'object' when used typeof operator on null, while we may expect that it should return 'null'. This is a bug in javascript",
              "timedOut": false,
              "duration": 1,
              "state": "passed",
              "speed": "fast",
              "pass": true,
              "fail": false,
              "pending": false,
              "context": null,
              "code": "assert.equal(typeof null, 'object');",
              "err": {},
              "uuid": "482e0574-8288-40cd-99d7-11c390a04987",
              "parentUUID": "ba1e505f-c7ba-4112-bfc3-3c279de1be14",
              "isHook": false,
              "skipped": false
            }
          ],
          "suites": [],
          "passes": [
            "482e0574-8288-40cd-99d7-11c390a04987"
          ],
          "failures": [],
          "pending": [],
          "skipped": [],
          "duration": 1,
          "root": false,
          "rootEmpty": false,
          "_timeout": 2000
        },
        {
          "uuid": "5c7bae69-dc86-4fa1-8ba1-9ce4dd6c5d1f",
          "title": "undeclared vs undefined",
          "fullFile": "D:\\Work\\Development\\Language-Solutions\\Javascript\\JS_solutions\\src\\collection\\js-basics\\01_types\\01_primitive-types\\01_index_docs.js",
          "file": "\\src\\collection\\js-basics\\01_types\\01_primitive-types\\01_index_docs.js",
          "beforeHooks": [],
          "afterHooks": [],
          "tests": [
            {
              "title": "returns string 'undefined' when used typeof operator on variable that is not DECLARED",
              "fullTitle": "undeclared vs undefined returns string 'undefined' when used typeof operator on variable that is not DECLARED",
              "timedOut": false,
              "duration": 0,
              "state": "passed",
              "speed": "fast",
              "pass": true,
              "fail": false,
              "pending": false,
              "context": null,
              "code": "assert.equal(typeof anyVarThatIsNotDeclared, 'undefined');",
              "err": {},
              "uuid": "ebaaaf55-25b8-4685-8ec6-ff8f9462bd74",
              "parentUUID": "5c7bae69-dc86-4fa1-8ba1-9ce4dd6c5d1f",
              "isHook": false,
              "skipped": false
            },
            {
              "title": "returns string 'undefined' when used typeof operator on variable that is not DEFINED",
              "fullTitle": "undeclared vs undefined returns string 'undefined' when used typeof operator on variable that is not DEFINED",
              "timedOut": false,
              "duration": 0,
              "state": "passed",
              "speed": "fast",
              "pass": true,
              "fail": false,
              "pending": false,
              "context": null,
              "code": "var foo;\nassert.equal(typeof foo, 'undefined');",
              "err": {},
              "uuid": "1a66c72a-6ec9-4fbc-a7e4-f61740c6f615",
              "parentUUID": "5c7bae69-dc86-4fa1-8ba1-9ce4dd6c5d1f",
              "isHook": false,
              "skipped": false
            }
          ],
          "suites": [],
          "passes": [
            "ebaaaf55-25b8-4685-8ec6-ff8f9462bd74",
            "1a66c72a-6ec9-4fbc-a7e4-f61740c6f615"
          ],
          "failures": [],
          "pending": [],
          "skipped": [],
          "duration": 0,
          "root": false,
          "rootEmpty": false,
          "_timeout": 2000
        },
        {
          "uuid": "738503ba-1c46-4f59-90f1-74f4c16e63a6",
          "title": "bigint",
          "fullFile": "D:\\Work\\Development\\Language-Solutions\\Javascript\\JS_solutions\\src\\collection\\js-basics\\01_types\\01_primitive-types\\01_index_docs.js",
          "file": "\\src\\collection\\js-basics\\01_types\\01_primitive-types\\01_index_docs.js",
          "beforeHooks": [],
          "afterHooks": [],
          "tests": [
            {
              "title": "It is a separate partition from numbers, where it grow upto memory limit of the system. It can't be mixed and matched with regular numbers.",
              "fullTitle": "bigint It is a separate partition from numbers, where it grow upto memory limit of the system. It can't be mixed and matched with regular numbers.",
              "timedOut": false,
              "duration": 0,
              "state": "passed",
              "speed": "fast",
              "pass": true,
              "fail": false,
              "pending": false,
              "context": null,
              "code": "",
              "err": {},
              "uuid": "e033838b-78c1-4c9f-8620-7f917033635b",
              "parentUUID": "738503ba-1c46-4f59-90f1-74f4c16e63a6",
              "isHook": false,
              "skipped": false
            }
          ],
          "suites": [],
          "passes": [
            "e033838b-78c1-4c9f-8620-7f917033635b"
          ],
          "failures": [],
          "pending": [],
          "skipped": [],
          "duration": 0,
          "root": false,
          "rootEmpty": false,
          "_timeout": 2000
        },
        {
          "uuid": "5df0ee83-744a-4047-b39e-0e4ef0202ca8",
          "title": "symbol",
          "fullFile": "D:\\Work\\Development\\Language-Solutions\\Javascript\\JS_solutions\\src\\collection\\js-basics\\01_types\\01_primitive-types\\01_index_docs.js",
          "file": "\\src\\collection\\js-basics\\01_types\\01_primitive-types\\01_index_docs.js",
          "beforeHooks": [],
          "afterHooks": [],
          "tests": [
            {
              "title": "returns string 'symbol' when used typeof operator on symbol",
              "fullTitle": "symbol returns string 'symbol' when used typeof operator on symbol",
              "timedOut": false,
              "duration": 0,
              "state": "passed",
              "speed": "fast",
              "pass": true,
              "fail": false,
              "pending": false,
              "context": null,
              "code": "var symbol = Symbol();\nassert.equal(typeof symbol, 'symbol');",
              "err": {},
              "uuid": "cf958590-2288-4fd4-a9c4-32c36557e6b2",
              "parentUUID": "5df0ee83-744a-4047-b39e-0e4ef0202ca8",
              "isHook": false,
              "skipped": false
            }
          ],
          "suites": [],
          "passes": [
            "cf958590-2288-4fd4-a9c4-32c36557e6b2"
          ],
          "failures": [],
          "pending": [],
          "skipped": [],
          "duration": 0,
          "root": false,
          "rootEmpty": false,
          "_timeout": 2000
        },
        {
          "uuid": "0ab97482-b700-4b7a-8a5d-961b77489cce",
          "title": "Primitive Type - function",
          "fullFile": "D:\\Work\\Development\\Language-Solutions\\Javascript\\JS_solutions\\src\\collection\\js-basics\\01_types\\01_primitive-types\\01_index_docs.js",
          "file": "\\src\\collection\\js-basics\\01_types\\01_primitive-types\\01_index_docs.js",
          "beforeHooks": [],
          "afterHooks": [],
          "tests": [
            {
              "title": "As mentioned earlier, given a primitive type, we have a set of expected behaviors for that type. Definitely, a function has some set of expected behaviors. Eg: We can call a function",
              "fullTitle": "Primitive Type - function As mentioned earlier, given a primitive type, we have a set of expected behaviors for that type. Definitely, a function has some set of expected behaviors. Eg: We can call a function",
              "timedOut": false,
              "duration": 0,
              "state": "passed",
              "speed": "fast",
              "pass": true,
              "fail": false,
              "pending": false,
              "context": null,
              "code": "",
              "err": {},
              "uuid": "31e12c8e-4b70-452f-8c59-bd1a7f85eab9",
              "parentUUID": "0ab97482-b700-4b7a-8a5d-961b77489cce",
              "isHook": false,
              "skipped": false
            },
            {
              "title": "is not actually a primitive type. It is a subtype of object primitive. It is also referred to as callable object",
              "fullTitle": "Primitive Type - function is not actually a primitive type. It is a subtype of object primitive. It is also referred to as callable object",
              "timedOut": false,
              "duration": 1,
              "state": "passed",
              "speed": "fast",
              "pass": true,
              "fail": false,
              "pending": false,
              "context": null,
              "code": "",
              "err": {},
              "uuid": "5a91c7b6-c35f-4f13-a252-72b95c1f5953",
              "parentUUID": "0ab97482-b700-4b7a-8a5d-961b77489cce",
              "isHook": false,
              "skipped": false
            }
          ],
          "suites": [],
          "passes": [
            "31e12c8e-4b70-452f-8c59-bd1a7f85eab9",
            "5a91c7b6-c35f-4f13-a252-72b95c1f5953"
          ],
          "failures": [],
          "pending": [],
          "skipped": [],
          "duration": 1,
          "root": false,
          "rootEmpty": false,
          "_timeout": 2000
        },
        {
          "uuid": "e9b41adc-3562-4205-8bb6-42dc1e4bcc01",
          "title": "Other in-built types are objects",
          "fullFile": "D:\\Work\\Development\\Language-Solutions\\Javascript\\JS_solutions\\src\\collection\\js-basics\\01_types\\01_primitive-types\\01_index_docs.js",
          "file": "\\src\\collection\\js-basics\\01_types\\01_primitive-types\\01_index_docs.js",
          "beforeHooks": [],
          "afterHooks": [],
          "tests": [
            {
              "title": "returns string 'object' when used typeof operator on other built in objects like Array, Date, Regular expression, etc",
              "fullTitle": "Other in-built types are objects returns string 'object' when used typeof operator on other built in objects like Array, Date, Regular expression, etc",
              "timedOut": false,
              "duration": 0,
              "state": "passed",
              "speed": "fast",
              "pass": true,
              "fail": false,
              "pending": false,
              "context": null,
              "code": "",
              "err": {},
              "uuid": "84f55736-d9b2-418a-bdb2-3d0df57cf2df",
              "parentUUID": "e9b41adc-3562-4205-8bb6-42dc1e4bcc01",
              "isHook": false,
              "skipped": false
            },
            {
              "title": "returns string 'object' when used typeof operator on arrays",
              "fullTitle": "Other in-built types are objects returns string 'object' when used typeof operator on arrays",
              "timedOut": false,
              "duration": 0,
              "state": "passed",
              "speed": "fast",
              "pass": true,
              "fail": false,
              "pending": false,
              "context": null,
              "code": "var array = [];\nassert.equal(typeof array, 'object');",
              "err": {},
              "uuid": "02546263-545f-45ce-820f-e4d91e997ce8",
              "parentUUID": "e9b41adc-3562-4205-8bb6-42dc1e4bcc01",
              "isHook": false,
              "skipped": false
            },
            {
              "title": "returns string 'object' when used typeof operator on dates",
              "fullTitle": "Other in-built types are objects returns string 'object' when used typeof operator on dates",
              "timedOut": false,
              "duration": 0,
              "state": "passed",
              "speed": "fast",
              "pass": true,
              "fail": false,
              "pending": false,
              "context": null,
              "code": "var date = new Date();\nassert.equal(typeof date, 'object');",
              "err": {},
              "uuid": "dc55d696-3aa2-49e3-9bb1-0a24fdd33089",
              "parentUUID": "e9b41adc-3562-4205-8bb6-42dc1e4bcc01",
              "isHook": false,
              "skipped": false
            },
            {
              "title": "returns string 'object' when used typeof operator on regular expressions",
              "fullTitle": "Other in-built types are objects returns string 'object' when used typeof operator on regular expressions",
              "timedOut": false,
              "duration": 0,
              "state": "passed",
              "speed": "fast",
              "pass": true,
              "fail": false,
              "pending": false,
              "context": null,
              "code": "var pattern = /ab/gi;\nassert.equal(typeof pattern, 'object');",
              "err": {},
              "uuid": "967e1e39-9a55-4413-b939-f1814ed8ea74",
              "parentUUID": "e9b41adc-3562-4205-8bb6-42dc1e4bcc01",
              "isHook": false,
              "skipped": false
            }
          ],
          "suites": [],
          "passes": [
            "84f55736-d9b2-418a-bdb2-3d0df57cf2df",
            "02546263-545f-45ce-820f-e4d91e997ce8",
            "dc55d696-3aa2-49e3-9bb1-0a24fdd33089",
            "967e1e39-9a55-4413-b939-f1814ed8ea74"
          ],
          "failures": [],
          "pending": [],
          "skipped": [],
          "duration": 0,
          "root": false,
          "rootEmpty": false,
          "_timeout": 2000
        },
        {
          "uuid": "6e6d2793-b1c8-471b-8d8a-a7de9306f7c1",
          "title": "Primitive Types - Examples",
          "fullFile": "D:\\Work\\Development\\Language-Solutions\\Javascript\\JS_solutions\\src\\collection\\js-basics\\01_types\\01_primitive-types\\02_examples_docs.js",
          "file": "\\src\\collection\\js-basics\\01_types\\01_primitive-types\\02_examples_docs.js",
          "beforeHooks": [],
          "afterHooks": [],
          "tests": [
            {
              "title": "should return 'undefined' when the variable is not yet declared or declared, but currently has no value",
              "fullTitle": "Primitive Types - Examples should return 'undefined' when the variable is not yet declared or declared, but currently has no value",
              "timedOut": false,
              "duration": 0,
              "state": "passed",
              "speed": "fast",
              "pass": true,
              "fail": false,
              "pending": false,
              "context": null,
              "code": "var a;\nassert.equal(typeof a, 'undefined');",
              "err": {},
              "uuid": "5c66ffb7-3dec-4f65-80f2-0f2a6c6f70aa",
              "parentUUID": "6e6d2793-b1c8-471b-8d8a-a7de9306f7c1",
              "isHook": false,
              "skipped": false
            },
            {
              "title": "should return 'string', when typeof operation is assigned to a variable, because typeof always return string.",
              "fullTitle": "Primitive Types - Examples should return 'string', when typeof operation is assigned to a variable, because typeof always return string.",
              "timedOut": false,
              "duration": 0,
              "state": "passed",
              "speed": "fast",
              "pass": true,
              "fail": false,
              "pending": false,
              "context": null,
              "code": "var output = typeof anyVarThatIsNotDeclaredOrNotDeclared;\nassert.equal(typeof output, 'string');",
              "err": {},
              "uuid": "2fe211d6-9922-4d1c-b7a5-c11b1c164a55",
              "parentUUID": "6e6d2793-b1c8-471b-8d8a-a7de9306f7c1",
              "isHook": false,
              "skipped": false
            },
            {
              "title": "should return 'string' if typeof operator is used on another typeof operation.",
              "fullTitle": "Primitive Types - Examples should return 'string' if typeof operator is used on another typeof operation.",
              "timedOut": false,
              "duration": 0,
              "state": "passed",
              "speed": "fast",
              "pass": true,
              "fail": false,
              "pending": false,
              "context": null,
              "code": "assert.equal(typeof typeof 2, 'string');",
              "err": {},
              "uuid": "95a60f47-4425-46fc-aa09-5d508b5215f3",
              "parentUUID": "6e6d2793-b1c8-471b-8d8a-a7de9306f7c1",
              "isHook": false,
              "skipped": false
            }
          ],
          "suites": [],
          "passes": [
            "5c66ffb7-3dec-4f65-80f2-0f2a6c6f70aa",
            "2fe211d6-9922-4d1c-b7a5-c11b1c164a55",
            "95a60f47-4425-46fc-aa09-5d508b5215f3"
          ],
          "failures": [],
          "pending": [],
          "skipped": [],
          "duration": 0,
          "root": false,
          "rootEmpty": false,
          "_timeout": 2000
        },
        {
          "uuid": "ea9792b3-4692-46fe-8246-7541a3cab7bd",
          "title": "determine undeclared or undefined",
          "fullFile": "D:\\Work\\Development\\Language-Solutions\\Javascript\\JS_solutions\\src\\collection\\js-basics\\01_types\\01_primitive-types\\03_find-undefined-or-undeclared_docs.js",
          "file": "\\src\\collection\\js-basics\\01_types\\01_primitive-types\\03_find-undefined-or-undeclared_docs.js",
          "beforeHooks": [],
          "afterHooks": [],
          "tests": [
            {
              "title": "when a variable is undeclared, we can use a try block and catch the reference error name to determine if it is undeclared",
              "fullTitle": "determine undeclared or undefined when a variable is undeclared, we can use a try block and catch the reference error name to determine if it is undeclared",
              "timedOut": false,
              "duration": 0,
              "state": "passed",
              "speed": "fast",
              "pass": true,
              "fail": false,
              "pending": false,
              "context": null,
              "code": "",
              "err": {},
              "uuid": "4a8ae851-8ba3-4b76-9acc-72a683c0ebe7",
              "parentUUID": "ea9792b3-4692-46fe-8246-7541a3cab7bd",
              "isHook": false,
              "skipped": false
            },
            {
              "title": "If we know that the variable is declared, but not assigned a value, the check the value of the typeof operator to undefined",
              "fullTitle": "determine undeclared or undefined If we know that the variable is declared, but not assigned a value, the check the value of the typeof operator to undefined",
              "timedOut": false,
              "duration": 0,
              "state": "passed",
              "speed": "fast",
              "pass": true,
              "fail": false,
              "pending": false,
              "context": null,
              "code": "",
              "err": {},
              "uuid": "b28c68e6-1905-42a7-b003-57814437481f",
              "parentUUID": "ea9792b3-4692-46fe-8246-7541a3cab7bd",
              "isHook": false,
              "skipped": false
            }
          ],
          "suites": [],
          "passes": [
            "4a8ae851-8ba3-4b76-9acc-72a683c0ebe7",
            "b28c68e6-1905-42a7-b003-57814437481f"
          ],
          "failures": [],
          "pending": [],
          "skipped": [],
          "duration": 0,
          "root": false,
          "rootEmpty": false,
          "_timeout": 2000
        },
        {
          "uuid": "56165804-c23e-4805-8730-38d8ee6aa0c9",
          "title": "Native Functions",
          "fullFile": "D:\\Work\\Development\\Language-Solutions\\Javascript\\JS_solutions\\src\\collection\\js-basics\\01_types\\02_native-functions\\index_docs.js",
          "file": "\\src\\collection\\js-basics\\01_types\\02_native-functions\\index_docs.js",
          "beforeHooks": [],
          "afterHooks": [],
          "tests": [
            {
              "title": "Native funtions can be called with new operator in front of it or can be called as regular functions.",
              "fullTitle": "Native Functions Native funtions can be called with new operator in front of it or can be called as regular functions.",
              "timedOut": false,
              "duration": 0,
              "state": "passed",
              "speed": "fast",
              "pass": true,
              "fail": false,
              "pending": false,
              "context": null,
              "code": "",
              "err": {},
              "uuid": "f38d7d06-f74c-4452-9d7c-652dbe51b7d5",
              "parentUUID": "56165804-c23e-4805-8730-38d8ee6aa0c9",
              "isHook": false,
              "skipped": false
            },
            {
              "title": "Classified into\n\t\t\tString\n\t\t\tNumber\n\t\t\tBoolean\n\t\t\tArray\n\t\t\tObject\n\t\t\tRegExp\n\t\t\tDate\n\t\t\tFunction\n\t\t\tError\n\t\t",
              "fullTitle": "Native Functions Classified into\n\t\t\tString\n\t\t\tNumber\n\t\t\tBoolean\n\t\t\tArray\n\t\t\tObject\n\t\t\tRegExp\n\t\t\tDate\n\t\t\tFunction\n\t\t\tError\n\t\t",
              "timedOut": false,
              "duration": 0,
              "state": "passed",
              "speed": "fast",
              "pass": true,
              "fail": false,
              "pending": false,
              "context": null,
              "code": "",
              "err": {},
              "uuid": "9b8a5311-d2a6-4447-a85e-527119da88b2",
              "parentUUID": "56165804-c23e-4805-8730-38d8ee6aa0c9",
              "isHook": false,
              "skipped": false
            }
          ],
          "suites": [
            {
              "uuid": "70036405-7fc5-4429-9428-24b1a04c7f84",
              "title": "Call Natives as Constructors",
              "fullFile": "D:\\Work\\Development\\Language-Solutions\\Javascript\\JS_solutions\\src\\collection\\js-basics\\01_types\\02_native-functions\\index_docs.js",
              "file": "\\src\\collection\\js-basics\\01_types\\02_native-functions\\index_docs.js",
              "beforeHooks": [],
              "afterHooks": [],
              "tests": [
                {
                  "title": "Calling with new operator creates an object wrapper around the primitive type. This can be verified using typeof operator on the newly constructed object",
                  "fullTitle": "Native Functions Call Natives as Constructors Calling with new operator creates an object wrapper around the primitive type. This can be verified using typeof operator on the newly constructed object",
                  "timedOut": false,
                  "duration": 0,
                  "state": "passed",
                  "speed": "fast",
                  "pass": true,
                  "fail": false,
                  "pending": false,
                  "context": null,
                  "code": "var output = new String('abc');\nassert.equal(typeof output, 'object');",
                  "err": {},
                  "uuid": "6bdaac21-5607-4abf-90ad-ebc81a5c237f",
                  "parentUUID": "70036405-7fc5-4429-9428-24b1a04c7f84",
                  "isHook": false,
                  "skipped": false
                },
                {
                  "title": "There are some caveats in calling as constructors, as it constructs object around primitives.",
                  "fullTitle": "Native Functions Call Natives as Constructors There are some caveats in calling as constructors, as it constructs object around primitives.",
                  "timedOut": false,
                  "duration": 0,
                  "state": "passed",
                  "speed": "fast",
                  "pass": true,
                  "fail": false,
                  "pending": false,
                  "context": null,
                  "code": "",
                  "err": {},
                  "uuid": "9dfb16ba-ce97-4ebb-b525-e814d6d72496",
                  "parentUUID": "70036405-7fc5-4429-9428-24b1a04c7f84",
                  "isHook": false,
                  "skipped": false
                },
                {
                  "title": "Example, false as (boolean primitive) is falsy, but false as (Boolean Object) is truthy. Calling new Boolean(false) will return empty object, which is truthy (weird!)",
                  "fullTitle": "Native Functions Call Natives as Constructors Example, false as (boolean primitive) is falsy, but false as (Boolean Object) is truthy. Calling new Boolean(false) will return empty object, which is truthy (weird!)",
                  "timedOut": false,
                  "duration": 0,
                  "state": "passed",
                  "speed": "fast",
                  "pass": true,
                  "fail": false,
                  "pending": false,
                  "context": null,
                  "code": "var a = false;\nvar b = new Boolean(false);\nassert.equal(a, false);\nassert.equal(Boolean(b), true);",
                  "err": {},
                  "uuid": "e59d8d69-36ca-4b64-9516-0f03c266a6a6",
                  "parentUUID": "70036405-7fc5-4429-9428-24b1a04c7f84",
                  "isHook": false,
                  "skipped": false
                },
                {
                  "title": "Similarly, 0 as (number primitive) is falsy, but 0 as (Number Object) is truthy. Calling new Number(0) will return empty object, which is truthy (weird!)",
                  "fullTitle": "Native Functions Call Natives as Constructors Similarly, 0 as (number primitive) is falsy, but 0 as (Number Object) is truthy. Calling new Number(0) will return empty object, which is truthy (weird!)",
                  "timedOut": false,
                  "duration": 0,
                  "state": "passed",
                  "speed": "fast",
                  "pass": true,
                  "fail": false,
                  "pending": false,
                  "context": null,
                  "code": "var a = 0;\nvar b = new Number(0);\nassert.equal(a, false);\nassert.equal(Boolean(b), true);",
                  "err": {},
                  "uuid": "7123cd23-94c9-4033-b174-647b024650f6",
                  "parentUUID": "70036405-7fc5-4429-9428-24b1a04c7f84",
                  "isHook": false,
                  "skipped": false
                },
                {
                  "title": "Similarly, '' as (string primitive) is falsy, but '' as (String Object) is truthy. Calling new String('') will return empty object, which is truthy (weird!)",
                  "fullTitle": "Native Functions Call Natives as Constructors Similarly, '' as (string primitive) is falsy, but '' as (String Object) is truthy. Calling new String('') will return empty object, which is truthy (weird!)",
                  "timedOut": false,
                  "duration": 0,
                  "state": "passed",
                  "speed": "fast",
                  "pass": true,
                  "fail": false,
                  "pending": false,
                  "context": null,
                  "code": "var a = '';\nvar b = new String('');\nassert.equal(a, false);\nassert.equal(Boolean(b), true);",
                  "err": {},
                  "uuid": "cb9a45f2-ffa1-407c-b192-0295b7299c87",
                  "parentUUID": "70036405-7fc5-4429-9428-24b1a04c7f84",
                  "isHook": false,
                  "skipped": false
                },
                {
                  "title": "Hence, it is better to avoid building primitives using constructors.",
                  "fullTitle": "Native Functions Call Natives as Constructors Hence, it is better to avoid building primitives using constructors.",
                  "timedOut": false,
                  "duration": 0,
                  "state": "passed",
                  "speed": "fast",
                  "pass": true,
                  "fail": false,
                  "pending": false,
                  "context": null,
                  "code": "",
                  "err": {},
                  "uuid": "16688360-f6a2-43d2-9639-a380c3f3963e",
                  "parentUUID": "70036405-7fc5-4429-9428-24b1a04c7f84",
                  "isHook": false,
                  "skipped": false
                }
              ],
              "suites": [],
              "passes": [
                "6bdaac21-5607-4abf-90ad-ebc81a5c237f",
                "9dfb16ba-ce97-4ebb-b525-e814d6d72496",
                "e59d8d69-36ca-4b64-9516-0f03c266a6a6",
                "7123cd23-94c9-4033-b174-647b024650f6",
                "cb9a45f2-ffa1-407c-b192-0295b7299c87",
                "16688360-f6a2-43d2-9639-a380c3f3963e"
              ],
              "failures": [],
              "pending": [],
              "skipped": [],
              "duration": 0,
              "root": false,
              "rootEmpty": false,
              "_timeout": 2000
            },
            {
              "uuid": "ebff8d2a-ee0f-49c3-a327-f8a4a9a6a53c",
              "title": "Call Natives as Functions",
              "fullFile": "D:\\Work\\Development\\Language-Solutions\\Javascript\\JS_solutions\\src\\collection\\js-basics\\01_types\\02_native-functions\\index_docs.js",
              "file": "\\src\\collection\\js-basics\\01_types\\02_native-functions\\index_docs.js",
              "beforeHooks": [],
              "afterHooks": [],
              "tests": [
                {
                  "title": "Calling as regular function creates the primitive respectively",
                  "fullTitle": "Native Functions Call Natives as Functions Calling as regular function creates the primitive respectively",
                  "timedOut": false,
                  "duration": 0,
                  "state": "passed",
                  "speed": "fast",
                  "pass": true,
                  "fail": false,
                  "pending": false,
                  "context": null,
                  "code": "var output = String('abc');\nassert.equal(typeof output, 'string');",
                  "err": {},
                  "uuid": "4492e6d9-c6f8-4d3d-ad85-81d822653182",
                  "parentUUID": "ebff8d2a-ee0f-49c3-a327-f8a4a9a6a53c",
                  "isHook": false,
                  "skipped": false
                },
                {
                  "title": "Calling as regular function will also coerce the value to its primitive type",
                  "fullTitle": "Native Functions Call Natives as Functions Calling as regular function will also coerce the value to its primitive type",
                  "timedOut": false,
                  "duration": 0,
                  "state": "passed",
                  "speed": "fast",
                  "pass": true,
                  "fail": false,
                  "pending": false,
                  "context": null,
                  "code": "var output = String(42);\nassert.equal(typeof output, 'string');",
                  "err": {},
                  "uuid": "5dbfea92-d4a6-4e1e-bfce-5b8406566844",
                  "parentUUID": "ebff8d2a-ee0f-49c3-a327-f8a4a9a6a53c",
                  "isHook": false,
                  "skipped": false
                }
              ],
              "suites": [],
              "passes": [
                "4492e6d9-c6f8-4d3d-ad85-81d822653182",
                "5dbfea92-d4a6-4e1e-bfce-5b8406566844"
              ],
              "failures": [],
              "pending": [],
              "skipped": [],
              "duration": 0,
              "root": false,
              "rootEmpty": false,
              "_timeout": 2000
            }
          ],
          "passes": [
            "f38d7d06-f74c-4452-9d7c-652dbe51b7d5",
            "9b8a5311-d2a6-4447-a85e-527119da88b2"
          ],
          "failures": [],
          "pending": [],
          "skipped": [],
          "duration": 0,
          "root": false,
          "rootEmpty": false,
          "_timeout": 2000
        },
        {
          "uuid": "ceb7d12b-a319-44ea-98a9-0241289fe48a",
          "title": "Array",
          "fullFile": "D:\\Work\\Development\\Language-Solutions\\Javascript\\JS_solutions\\src\\collection\\js-basics\\01_types\\02_native-functions\\index_docs.js",
          "file": "\\src\\collection\\js-basics\\01_types\\02_native-functions\\index_docs.js",
          "beforeHooks": [],
          "afterHooks": [],
          "tests": [
            {
              "title": "Array can be created by constructor form or literal syntax.",
              "fullTitle": "Array Array can be created by constructor form or literal syntax.",
              "timedOut": false,
              "duration": 0,
              "state": "passed",
              "speed": "fast",
              "pass": true,
              "fail": false,
              "pending": false,
              "context": null,
              "code": "",
              "err": {},
              "uuid": "b3b7ed39-1953-4456-b3fb-6cd94363e285",
              "parentUUID": "ceb7d12b-a319-44ea-98a9-0241289fe48a",
              "isHook": false,
              "skipped": false
            }
          ],
          "suites": [
            {
              "uuid": "6ac43899-25b8-43ea-9b51-bce28cc3318c",
              "title": "Constructor Syntax",
              "fullFile": "D:\\Work\\Development\\Language-Solutions\\Javascript\\JS_solutions\\src\\collection\\js-basics\\01_types\\02_native-functions\\index_docs.js",
              "file": "\\src\\collection\\js-basics\\01_types\\02_native-functions\\index_docs.js",
              "beforeHooks": [],
              "afterHooks": [],
              "tests": [
                {
                  "title": "In this form, arrays can be created by using new operator",
                  "fullTitle": "Array Constructor Syntax In this form, arrays can be created by using new operator",
                  "timedOut": false,
                  "duration": 0,
                  "state": "passed",
                  "speed": "fast",
                  "pass": true,
                  "fail": false,
                  "pending": false,
                  "context": null,
                  "code": "var arr = new Array(1,2,3);\nassert.equal(typeof arr, 'object');\nassert.equal(arr.length, 3);\nassert.equal(arr[0], 1);",
                  "err": {},
                  "uuid": "b8b4c524-baf2-409e-a5a6-bc79807734a7",
                  "parentUUID": "6ac43899-25b8-43ea-9b51-bce28cc3318c",
                  "isHook": false,
                  "skipped": false
                },
                {
                  "title": "But, When called with single value like new Array(5), we would expect that it would create an array with one element of value 5. But because Array Constructor is overloaded, it creates an array with 5 empty slots instead (weird!)",
                  "fullTitle": "Array Constructor Syntax But, When called with single value like new Array(5), we would expect that it would create an array with one element of value 5. But because Array Constructor is overloaded, it creates an array with 5 empty slots instead (weird!)",
                  "timedOut": false,
                  "duration": 0,
                  "state": "passed",
                  "speed": "fast",
                  "pass": true,
                  "fail": false,
                  "pending": false,
                  "context": null,
                  "code": "var arr = new Array(5);\nassert.notEqual(arr[0], 5);\nassert.equal(arr.length, 5);",
                  "err": {},
                  "uuid": "6bc788b7-acf0-4e2c-8db2-8f51d349c4b5",
                  "parentUUID": "6ac43899-25b8-43ea-9b51-bce28cc3318c",
                  "isHook": false,
                  "skipped": false
                },
                {
                  "title": "Hence, it is better to avoid constructor syntax due to these caveats.",
                  "fullTitle": "Array Constructor Syntax Hence, it is better to avoid constructor syntax due to these caveats.",
                  "timedOut": false,
                  "duration": 0,
                  "state": "passed",
                  "speed": "fast",
                  "pass": true,
                  "fail": false,
                  "pending": false,
                  "context": null,
                  "code": "",
                  "err": {},
                  "uuid": "1622f8e1-8e06-4824-9cf8-ee537cff51ea",
                  "parentUUID": "6ac43899-25b8-43ea-9b51-bce28cc3318c",
                  "isHook": false,
                  "skipped": false
                }
              ],
              "suites": [],
              "passes": [
                "b8b4c524-baf2-409e-a5a6-bc79807734a7",
                "6bc788b7-acf0-4e2c-8db2-8f51d349c4b5",
                "1622f8e1-8e06-4824-9cf8-ee537cff51ea"
              ],
              "failures": [],
              "pending": [],
              "skipped": [],
              "duration": 0,
              "root": false,
              "rootEmpty": false,
              "_timeout": 2000
            },
            {
              "uuid": "101f1d1f-5057-45b5-a537-ee3253a18c6d",
              "title": "Literal Syntax",
              "fullFile": "D:\\Work\\Development\\Language-Solutions\\Javascript\\JS_solutions\\src\\collection\\js-basics\\01_types\\02_native-functions\\index_docs.js",
              "file": "\\src\\collection\\js-basics\\01_types\\02_native-functions\\index_docs.js",
              "beforeHooks": [],
              "afterHooks": [],
              "tests": [
                {
                  "title": "In this form, arrays can be created by using square brackets []",
                  "fullTitle": "Array Literal Syntax In this form, arrays can be created by using square brackets []",
                  "timedOut": false,
                  "duration": 0,
                  "state": "passed",
                  "speed": "fast",
                  "pass": true,
                  "fail": false,
                  "pending": false,
                  "context": null,
                  "code": "var arr = [1,2,3];\nassert.equal(typeof arr, 'object');\nassert.equal(arr.length, 3);\nassert.equal(arr[0], 1);",
                  "err": {},
                  "uuid": "7c9c87f6-364e-4f72-b5d6-008031dde937",
                  "parentUUID": "101f1d1f-5057-45b5-a537-ee3253a18c6d",
                  "isHook": false,
                  "skipped": false
                },
                {
                  "title": "It is always preferable to use the literal syntax. It reads clearly and communicates our intent in a better way.",
                  "fullTitle": "Array Literal Syntax It is always preferable to use the literal syntax. It reads clearly and communicates our intent in a better way.",
                  "timedOut": false,
                  "duration": 0,
                  "state": "passed",
                  "speed": "fast",
                  "pass": true,
                  "fail": false,
                  "pending": false,
                  "context": null,
                  "code": "",
                  "err": {},
                  "uuid": "27cff6b2-f415-4094-a935-5a6f003ab019",
                  "parentUUID": "101f1d1f-5057-45b5-a537-ee3253a18c6d",
                  "isHook": false,
                  "skipped": false
                }
              ],
              "suites": [],
              "passes": [
                "7c9c87f6-364e-4f72-b5d6-008031dde937",
                "27cff6b2-f415-4094-a935-5a6f003ab019"
              ],
              "failures": [],
              "pending": [],
              "skipped": [],
              "duration": 0,
              "root": false,
              "rootEmpty": false,
              "_timeout": 2000
            }
          ],
          "passes": [
            "b3b7ed39-1953-4456-b3fb-6cd94363e285"
          ],
          "failures": [],
          "pending": [],
          "skipped": [],
          "duration": 0,
          "root": false,
          "rootEmpty": false,
          "_timeout": 2000
        },
        {
          "uuid": "8780a6ee-4fb4-42a6-a27e-d203af1580b1",
          "title": "Object",
          "fullFile": "D:\\Work\\Development\\Language-Solutions\\Javascript\\JS_solutions\\src\\collection\\js-basics\\01_types\\02_native-functions\\index_docs.js",
          "file": "\\src\\collection\\js-basics\\01_types\\02_native-functions\\index_docs.js",
          "beforeHooks": [],
          "afterHooks": [],
          "tests": [
            {
              "title": "Object can be created by constructor form or literal syntax.",
              "fullTitle": "Object Object can be created by constructor form or literal syntax.",
              "timedOut": false,
              "duration": 0,
              "state": "passed",
              "speed": "fast",
              "pass": true,
              "fail": false,
              "pending": false,
              "context": null,
              "code": "",
              "err": {},
              "uuid": "af3a057b-d50b-46f9-a7ef-3e7bf60cdfd2",
              "parentUUID": "8780a6ee-4fb4-42a6-a27e-d203af1580b1",
              "isHook": false,
              "skipped": false
            }
          ],
          "suites": [
            {
              "uuid": "e081ba90-0bf0-4381-8cc2-56ef9fa7e370",
              "title": "Constructor Syntax",
              "fullFile": "D:\\Work\\Development\\Language-Solutions\\Javascript\\JS_solutions\\src\\collection\\js-basics\\01_types\\02_native-functions\\index_docs.js",
              "file": "\\src\\collection\\js-basics\\01_types\\02_native-functions\\index_docs.js",
              "beforeHooks": [],
              "afterHooks": [],
              "tests": [
                {
                  "title": "In this form, object can be created by using new operator. Object parameters can be added or accessed by using dot operator obj.<parameterName> or square brackets [<parameterName>]",
                  "fullTitle": "Object Constructor Syntax In this form, object can be created by using new operator. Object parameters can be added or accessed by using dot operator obj.<parameterName> or square brackets [<parameterName>]",
                  "timedOut": false,
                  "duration": 0,
                  "state": "passed",
                  "speed": "fast",
                  "pass": true,
                  "fail": false,
                  "pending": false,
                  "context": null,
                  "code": "var obj = new Object();\nobj.a = 1;\nobj['b'] = 2;\nobj.c = 3;\nassert.equal(typeof obj, 'object');\nassert.equal(obj.a, 1);\nassert.equal(obj['b'], 2);",
                  "err": {},
                  "uuid": "325378f3-4d49-48dd-bf6f-5429f1c2565a",
                  "parentUUID": "e081ba90-0bf0-4381-8cc2-56ef9fa7e370",
                  "isHook": false,
                  "skipped": false
                },
                {
                  "title": "Hence, it is better to avoid constructor syntax, as it is less performant.",
                  "fullTitle": "Object Constructor Syntax Hence, it is better to avoid constructor syntax, as it is less performant.",
                  "timedOut": false,
                  "duration": 0,
                  "state": "passed",
                  "speed": "fast",
                  "pass": true,
                  "fail": false,
                  "pending": false,
                  "context": null,
                  "code": "",
                  "err": {},
                  "uuid": "ccbdafec-5f61-4dc5-ac13-85854814751a",
                  "parentUUID": "e081ba90-0bf0-4381-8cc2-56ef9fa7e370",
                  "isHook": false,
                  "skipped": false
                }
              ],
              "suites": [],
              "passes": [
                "325378f3-4d49-48dd-bf6f-5429f1c2565a",
                "ccbdafec-5f61-4dc5-ac13-85854814751a"
              ],
              "failures": [],
              "pending": [],
              "skipped": [],
              "duration": 0,
              "root": false,
              "rootEmpty": false,
              "_timeout": 2000
            },
            {
              "uuid": "68c49073-6ec7-4669-b752-33c9c723347d",
              "title": "Literal Syntax",
              "fullFile": "D:\\Work\\Development\\Language-Solutions\\Javascript\\JS_solutions\\src\\collection\\js-basics\\01_types\\02_native-functions\\index_docs.js",
              "file": "\\src\\collection\\js-basics\\01_types\\02_native-functions\\index_docs.js",
              "beforeHooks": [],
              "afterHooks": [],
              "tests": [
                {
                  "title": "In this form, objects can be created by using curly braces {}",
                  "fullTitle": "Object Literal Syntax In this form, objects can be created by using curly braces {}",
                  "timedOut": false,
                  "duration": 0,
                  "state": "passed",
                  "speed": "fast",
                  "pass": true,
                  "fail": false,
                  "pending": false,
                  "context": null,
                  "code": "var obj = {\n\t\t\ta: 1,\n\t\t\tb: 2,\n\t\t\tc: 3\n\t\t};\nassert.equal(typeof obj, 'object');\nassert.equal(obj['a'], 1);\nassert.equal(obj.b, 2);",
                  "err": {},
                  "uuid": "57ae2ae1-01c9-47c5-a31e-5b18cb3704a2",
                  "parentUUID": "68c49073-6ec7-4669-b752-33c9c723347d",
                  "isHook": false,
                  "skipped": false
                },
                {
                  "title": "It is always preferable to use the literal syntax. It reads clearly, communicates our intent in a better way and more performant.",
                  "fullTitle": "Object Literal Syntax It is always preferable to use the literal syntax. It reads clearly, communicates our intent in a better way and more performant.",
                  "timedOut": false,
                  "duration": 0,
                  "state": "passed",
                  "speed": "fast",
                  "pass": true,
                  "fail": false,
                  "pending": false,
                  "context": null,
                  "code": "",
                  "err": {},
                  "uuid": "cf44233d-dfe5-4fe8-a9a9-901d8a11e7f8",
                  "parentUUID": "68c49073-6ec7-4669-b752-33c9c723347d",
                  "isHook": false,
                  "skipped": false
                }
              ],
              "suites": [],
              "passes": [
                "57ae2ae1-01c9-47c5-a31e-5b18cb3704a2",
                "cf44233d-dfe5-4fe8-a9a9-901d8a11e7f8"
              ],
              "failures": [],
              "pending": [],
              "skipped": [],
              "duration": 0,
              "root": false,
              "rootEmpty": false,
              "_timeout": 2000
            }
          ],
          "passes": [
            "af3a057b-d50b-46f9-a7ef-3e7bf60cdfd2"
          ],
          "failures": [],
          "pending": [],
          "skipped": [],
          "duration": 0,
          "root": false,
          "rootEmpty": false,
          "_timeout": 2000
        },
        {
          "uuid": "f712cd83-a938-400d-aaca-8ed8f996a4ab",
          "title": "RegExp",
          "fullFile": "D:\\Work\\Development\\Language-Solutions\\Javascript\\JS_solutions\\src\\collection\\js-basics\\01_types\\02_native-functions\\index_docs.js",
          "file": "\\src\\collection\\js-basics\\01_types\\02_native-functions\\index_docs.js",
          "beforeHooks": [],
          "afterHooks": [],
          "tests": [
            {
              "title": "Regular Expression can be created by constructor form or literal syntax.",
              "fullTitle": "RegExp Regular Expression can be created by constructor form or literal syntax.",
              "timedOut": false,
              "duration": 0,
              "state": "passed",
              "speed": "fast",
              "pass": true,
              "fail": false,
              "pending": false,
              "context": null,
              "code": "",
              "err": {},
              "uuid": "be12bcf5-54fb-4c31-b220-24e2d1d67042",
              "parentUUID": "f712cd83-a938-400d-aaca-8ed8f996a4ab",
              "isHook": false,
              "skipped": false
            }
          ],
          "suites": [
            {
              "uuid": "a32f8e87-fd5d-43bf-90c8-7b7c4ec77230",
              "title": "Constructor Syntax",
              "fullFile": "D:\\Work\\Development\\Language-Solutions\\Javascript\\JS_solutions\\src\\collection\\js-basics\\01_types\\02_native-functions\\index_docs.js",
              "file": "\\src\\collection\\js-basics\\01_types\\02_native-functions\\index_docs.js",
              "beforeHooks": [],
              "afterHooks": [],
              "tests": [
                {
                  "title": "In this form, regular expression can be created by using new operator. The constructor form is useful if you want to create regular expression dynamically",
                  "fullTitle": "RegExp Constructor Syntax In this form, regular expression can be created by using new operator. The constructor form is useful if you want to create regular expression dynamically",
                  "timedOut": false,
                  "duration": 0,
                  "state": "passed",
                  "speed": "fast",
                  "pass": true,
                  "fail": false,
                  "pending": false,
                  "context": null,
                  "code": "var pattern = new RegExp('^hello');\nassert.equal(typeof pattern, 'object');\nassert.equal(pattern.test('hello world!'), true);",
                  "err": {},
                  "uuid": "c5242566-203b-44d8-882c-f087e5a6e72e",
                  "parentUUID": "a32f8e87-fd5d-43bf-90c8-7b7c4ec77230",
                  "isHook": false,
                  "skipped": false
                }
              ],
              "suites": [],
              "passes": [
                "c5242566-203b-44d8-882c-f087e5a6e72e"
              ],
              "failures": [],
              "pending": [],
              "skipped": [],
              "duration": 0,
              "root": false,
              "rootEmpty": false,
              "_timeout": 2000
            },
            {
              "uuid": "c7ff0411-6a99-40a1-9d13-1f22910e8cba",
              "title": "Literal Syntax",
              "fullFile": "D:\\Work\\Development\\Language-Solutions\\Javascript\\JS_solutions\\src\\collection\\js-basics\\01_types\\02_native-functions\\index_docs.js",
              "file": "\\src\\collection\\js-basics\\01_types\\02_native-functions\\index_docs.js",
              "beforeHooks": [],
              "afterHooks": [],
              "tests": [
                {
                  "title": "In this form, regular expression can be created by using double slashes /<Pattern>/",
                  "fullTitle": "RegExp Literal Syntax In this form, regular expression can be created by using double slashes /<Pattern>/",
                  "timedOut": false,
                  "duration": 0,
                  "state": "passed",
                  "speed": "fast",
                  "pass": true,
                  "fail": false,
                  "pending": false,
                  "context": null,
                  "code": "var pattern = /^hello/;\nassert.equal(typeof pattern, 'object');\nassert.equal(pattern.test('hello world!'), true);",
                  "err": {},
                  "uuid": "beee7cad-de4f-4ce5-a940-2e22af2b5356",
                  "parentUUID": "c7ff0411-6a99-40a1-9d13-1f22910e8cba",
                  "isHook": false,
                  "skipped": false
                },
                {
                  "title": "It is always preferable to use the literal syntax. It reads clearly, communicates our intent in a better way and more performant.",
                  "fullTitle": "RegExp Literal Syntax It is always preferable to use the literal syntax. It reads clearly, communicates our intent in a better way and more performant.",
                  "timedOut": false,
                  "duration": 0,
                  "state": "passed",
                  "speed": "fast",
                  "pass": true,
                  "fail": false,
                  "pending": false,
                  "context": null,
                  "code": "",
                  "err": {},
                  "uuid": "8f71bd00-d4da-43db-9eda-ad7cc1f9c41e",
                  "parentUUID": "c7ff0411-6a99-40a1-9d13-1f22910e8cba",
                  "isHook": false,
                  "skipped": false
                }
              ],
              "suites": [],
              "passes": [
                "beee7cad-de4f-4ce5-a940-2e22af2b5356",
                "8f71bd00-d4da-43db-9eda-ad7cc1f9c41e"
              ],
              "failures": [],
              "pending": [],
              "skipped": [],
              "duration": 0,
              "root": false,
              "rootEmpty": false,
              "_timeout": 2000
            }
          ],
          "passes": [
            "be12bcf5-54fb-4c31-b220-24e2d1d67042"
          ],
          "failures": [],
          "pending": [],
          "skipped": [],
          "duration": 0,
          "root": false,
          "rootEmpty": false,
          "_timeout": 2000
        },
        {
          "uuid": "c0b28fe5-2fcb-44c8-aeda-37fd89863163",
          "title": "Date",
          "fullFile": "D:\\Work\\Development\\Language-Solutions\\Javascript\\JS_solutions\\src\\collection\\js-basics\\01_types\\02_native-functions\\index_docs.js",
          "file": "\\src\\collection\\js-basics\\01_types\\02_native-functions\\index_docs.js",
          "beforeHooks": [],
          "afterHooks": [],
          "tests": [
            {
              "title": "Date object can be created only by constructor form.",
              "fullTitle": "Date Date object can be created only by constructor form.",
              "timedOut": false,
              "duration": 0,
              "state": "passed",
              "speed": "fast",
              "pass": true,
              "fail": false,
              "pending": false,
              "context": null,
              "code": "",
              "err": {},
              "uuid": "60f63673-4bf9-4c5f-916d-aac6f52b4c5b",
              "parentUUID": "c0b28fe5-2fcb-44c8-aeda-37fd89863163",
              "isHook": false,
              "skipped": false
            }
          ],
          "suites": [],
          "passes": [
            "60f63673-4bf9-4c5f-916d-aac6f52b4c5b"
          ],
          "failures": [],
          "pending": [],
          "skipped": [],
          "duration": 0,
          "root": false,
          "rootEmpty": false,
          "_timeout": 2000
        },
        {
          "uuid": "d35f6e57-f6f0-4aba-88b9-f24f596b4e31",
          "title": "Function",
          "fullFile": "D:\\Work\\Development\\Language-Solutions\\Javascript\\JS_solutions\\src\\collection\\js-basics\\01_types\\02_native-functions\\index_docs.js",
          "file": "\\src\\collection\\js-basics\\01_types\\02_native-functions\\index_docs.js",
          "beforeHooks": [],
          "afterHooks": [],
          "tests": [
            {
              "title": "Functions can be created by constructor form or literal syntax (as statement or expression).",
              "fullTitle": "Function Functions can be created by constructor form or literal syntax (as statement or expression).",
              "timedOut": false,
              "duration": 0,
              "state": "passed",
              "speed": "fast",
              "pass": true,
              "fail": false,
              "pending": false,
              "context": null,
              "code": "",
              "err": {},
              "uuid": "d7ce62e7-60f6-4ce7-8194-9c31eafc5633",
              "parentUUID": "d35f6e57-f6f0-4aba-88b9-f24f596b4e31",
              "isHook": false,
              "skipped": false
            }
          ],
          "suites": [],
          "passes": [
            "d7ce62e7-60f6-4ce7-8194-9c31eafc5633"
          ],
          "failures": [],
          "pending": [],
          "skipped": [],
          "duration": 0,
          "root": false,
          "rootEmpty": false,
          "_timeout": 2000
        },
        {
          "uuid": "699ac503-fe32-4322-893f-6697beaced79",
          "title": "Special Values",
          "fullFile": "D:\\Work\\Development\\Language-Solutions\\Javascript\\JS_solutions\\src\\collection\\js-basics\\01_types\\03_special-values\\01_index_docs.js",
          "file": "\\src\\collection\\js-basics\\01_types\\03_special-values\\01_index_docs.js",
          "beforeHooks": [],
          "afterHooks": [],
          "tests": [
            {
              "title": "Classified into\n\t\t\tNaN (Not a Number)\n\t\t\t+0\n\t\t\t-0\n\t\t\t+Infinity\n\t\t\t-Infinity\n\t\t\tnull\n\t\t\tundefined (void)\n\t\t\t",
              "fullTitle": "Special Values Classified into\n\t\t\tNaN (Not a Number)\n\t\t\t+0\n\t\t\t-0\n\t\t\t+Infinity\n\t\t\t-Infinity\n\t\t\tnull\n\t\t\tundefined (void)\n\t\t\t",
              "timedOut": false,
              "duration": 0,
              "state": "passed",
              "speed": "fast",
              "pass": true,
              "fail": false,
              "pending": false,
              "context": null,
              "code": "",
              "err": {},
              "uuid": "1038f18f-6393-4333-a1cf-b1cc79e13e06",
              "parentUUID": "699ac503-fe32-4322-893f-6697beaced79",
              "isHook": false,
              "skipped": false
            }
          ],
          "suites": [],
          "passes": [
            "1038f18f-6393-4333-a1cf-b1cc79e13e06"
          ],
          "failures": [],
          "pending": [],
          "skipped": [],
          "duration": 0,
          "root": false,
          "rootEmpty": false,
          "_timeout": 2000
        },
        {
          "uuid": "6ebda006-d94f-4db9-b2bc-137a280a4aaa",
          "title": "NaN (Not a Number)",
          "fullFile": "D:\\Work\\Development\\Language-Solutions\\Javascript\\JS_solutions\\src\\collection\\js-basics\\01_types\\03_special-values\\01_index_docs.js",
          "file": "\\src\\collection\\js-basics\\01_types\\03_special-values\\01_index_docs.js",
          "beforeHooks": [],
          "afterHooks": [],
          "tests": [
            {
              "title": "Whenever there is a numeric operation, if the operands are not number, the engine tries to convert it to a number. When the number conversion fails, it results in NaN. It is a special sentinel value, when the number conversion fails",
              "fullTitle": "NaN (Not a Number) Whenever there is a numeric operation, if the operands are not number, the engine tries to convert it to a number. When the number conversion fails, it results in NaN. It is a special sentinel value, when the number conversion fails",
              "timedOut": false,
              "duration": 0,
              "state": "passed",
              "speed": "fast",
              "pass": true,
              "fail": false,
              "pending": false,
              "context": null,
              "code": "var output = 'a' / 2;\nassert.equal(Number.isNaN(output), true);",
              "err": {},
              "uuid": "87bca1fc-6b81-40bb-944c-cacdbb6db227",
              "parentUUID": "6ebda006-d94f-4db9-b2bc-137a280a4aaa",
              "isHook": false,
              "skipped": false
            },
            {
              "title": "typeof NaN is a number, because if we try to do numeric operation and ended in NaN, It is expected to be a number",
              "fullTitle": "NaN (Not a Number) typeof NaN is a number, because if we try to do numeric operation and ended in NaN, It is expected to be a number",
              "timedOut": false,
              "duration": 0,
              "state": "passed",
              "speed": "fast",
              "pass": true,
              "fail": false,
              "pending": false,
              "context": null,
              "code": "var output = 'a' / 2;\n\nassert.equal(typeof output, 'number');",
              "err": {},
              "uuid": "a0e2eebb-f9c4-4ce5-a3e3-a82062b1d243",
              "parentUUID": "6ebda006-d94f-4db9-b2bc-137a280a4aaa",
              "isHook": false,
              "skipped": false
            },
            {
              "title": "NaN when operated on any other operands will result in NaN",
              "fullTitle": "NaN (Not a Number) NaN when operated on any other operands will result in NaN",
              "timedOut": false,
              "duration": 0,
              "state": "passed",
              "speed": "fast",
              "pass": true,
              "fail": false,
              "pending": false,
              "context": null,
              "code": "var a = 'a' * 2;\nvar output = a + 2;\nassert.equal(Number.isNaN(output), true);",
              "err": {},
              "uuid": "b3649c45-53a8-488f-9971-a97c81d8bcf0",
              "parentUUID": "6ebda006-d94f-4db9-b2bc-137a280a4aaa",
              "isHook": false,
              "skipped": false
            },
            {
              "title": "It is the only value that is not equal to itself",
              "fullTitle": "NaN (Not a Number) It is the only value that is not equal to itself",
              "timedOut": false,
              "duration": 0,
              "state": "passed",
              "speed": "fast",
              "pass": true,
              "fail": false,
              "pending": false,
              "context": null,
              "code": "var a = 'a' * 2;\nvar output = a + 2;\nassert.notEqual(output, a);",
              "err": {},
              "uuid": "31d474f6-e5f1-4c18-9754-8bfdae594e8f",
              "parentUUID": "6ebda006-d94f-4db9-b2bc-137a280a4aaa",
              "isHook": false,
              "skipped": false
            }
          ],
          "suites": [
            {
              "uuid": "90335bf1-8a46-4bae-9f58-66340a2d8a10",
              "title": "Check for NaN",
              "fullFile": "D:\\Work\\Development\\Language-Solutions\\Javascript\\JS_solutions\\src\\collection\\js-basics\\01_types\\03_special-values\\01_index_docs.js",
              "file": "\\src\\collection\\js-basics\\01_types\\03_special-values\\01_index_docs.js",
              "beforeHooks": [],
              "afterHooks": [],
              "tests": [],
              "suites": [
                {
                  "uuid": "5b3fef2e-8b4c-4b3c-b880-40aab353d0a0",
                  "title": "Global isNaN Utility",
                  "fullFile": "D:\\Work\\Development\\Language-Solutions\\Javascript\\JS_solutions\\src\\collection\\js-basics\\01_types\\03_special-values\\01_index_docs.js",
                  "file": "\\src\\collection\\js-basics\\01_types\\03_special-values\\01_index_docs.js",
                  "beforeHooks": [],
                  "afterHooks": [],
                  "tests": [
                    {
                      "title": "We need to have a way to check for NaN. It is by using global isNaN utility. But there is fatal flaw in this utility. isNaN before checking the value, it tries to converts the given value to a number and then checks to see if it resulted in NaN",
                      "fullTitle": "NaN (Not a Number) Check for NaN Global isNaN Utility We need to have a way to check for NaN. It is by using global isNaN utility. But there is fatal flaw in this utility. isNaN before checking the value, it tries to converts the given value to a number and then checks to see if it resulted in NaN",
                      "timedOut": false,
                      "duration": 0,
                      "state": "passed",
                      "speed": "fast",
                      "pass": true,
                      "fail": false,
                      "pending": false,
                      "context": null,
                      "code": "",
                      "err": {},
                      "uuid": "9e4ab789-ef90-41d5-bec5-2f9d45d9cc69",
                      "parentUUID": "5b3fef2e-8b4c-4b3c-b880-40aab353d0a0",
                      "isHook": false,
                      "skipped": false
                    },
                    {
                      "title": "returns true when used isNaN on a string. While we may expect it to give false, as given a string, we expect that isNaN('<String Value>') to be false. But it first tries to convert the string into number, and it results in NaN, so it returns true",
                      "fullTitle": "NaN (Not a Number) Check for NaN Global isNaN Utility returns true when used isNaN on a string. While we may expect it to give false, as given a string, we expect that isNaN('<String Value>') to be false. But it first tries to convert the string into number, and it results in NaN, so it returns true",
                      "timedOut": false,
                      "duration": 0,
                      "state": "passed",
                      "speed": "fast",
                      "pass": true,
                      "fail": false,
                      "pending": false,
                      "context": null,
                      "code": "assert.equal(isNaN('a'), true);",
                      "err": {},
                      "uuid": "3c94fed3-27bc-4efe-aaa5-888dc93020b9",
                      "parentUUID": "5b3fef2e-8b4c-4b3c-b880-40aab353d0a0",
                      "isHook": false,
                      "skipped": false
                    },
                    {
                      "title": "We could create a utility which works the way we think, by first checking if it is a number and then checking with isNaN utility",
                      "fullTitle": "NaN (Not a Number) Check for NaN Global isNaN Utility We could create a utility which works the way we think, by first checking if it is a number and then checking with isNaN utility",
                      "timedOut": false,
                      "duration": 0,
                      "state": "passed",
                      "speed": "fast",
                      "pass": true,
                      "fail": false,
                      "pending": false,
                      "context": null,
                      "code": "function isNaNCustom(x) {\n\treturn (\n\t\ttypeof x == 'number' &&\n\t\twindow.isNaN(x)\n\t);\n}\nassert.equal(isNaNCustom('a'), false);",
                      "err": {},
                      "uuid": "da8f32fe-31aa-40f2-91e5-26e1917f7c82",
                      "parentUUID": "5b3fef2e-8b4c-4b3c-b880-40aab353d0a0",
                      "isHook": false,
                      "skipped": false
                    },
                    {
                      "title": "We could also take advantage of the fact that NaN is the only value that is not equal to itself, to create the same utility",
                      "fullTitle": "NaN (Not a Number) Check for NaN Global isNaN Utility We could also take advantage of the fact that NaN is the only value that is not equal to itself, to create the same utility",
                      "timedOut": false,
                      "duration": 0,
                      "state": "passed",
                      "speed": "fast",
                      "pass": true,
                      "fail": false,
                      "pending": false,
                      "context": null,
                      "code": "function isNaNCustom(x) {\n\treturn x != x;\n}\nassert.equal(isNaNCustom('a'), false);",
                      "err": {},
                      "uuid": "c0c17716-b3d1-4601-9913-25e3dfa03ff8",
                      "parentUUID": "5b3fef2e-8b4c-4b3c-b880-40aab353d0a0",
                      "isHook": false,
                      "skipped": false
                    }
                  ],
                  "suites": [],
                  "passes": [
                    "9e4ab789-ef90-41d5-bec5-2f9d45d9cc69",
                    "3c94fed3-27bc-4efe-aaa5-888dc93020b9",
                    "da8f32fe-31aa-40f2-91e5-26e1917f7c82",
                    "c0c17716-b3d1-4601-9913-25e3dfa03ff8"
                  ],
                  "failures": [],
                  "pending": [],
                  "skipped": [],
                  "duration": 0,
                  "root": false,
                  "rootEmpty": false,
                  "_timeout": 2000
                },
                {
                  "uuid": "c9c64dbb-2e1e-4385-bfbe-b159138406b1",
                  "title": "Number.isNaN Utility",
                  "fullFile": "D:\\Work\\Development\\Language-Solutions\\Javascript\\JS_solutions\\src\\collection\\js-basics\\01_types\\03_special-values\\01_index_docs.js",
                  "file": "\\src\\collection\\js-basics\\01_types\\03_special-values\\01_index_docs.js",
                  "beforeHooks": [],
                  "afterHooks": [],
                  "tests": [
                    {
                      "title": "Fortunately, we have Number.isNaN() utility (added in ES6 as polyfill), which checks for NaN without converting it to a number",
[...]
                  "parentUUID": "b8997d64-24b0-4564-9e84-2f68a8f028c7",
                  "isHook": false,
                  "skipped": false
                },
                {
                  "title": "Implicit coercion also happens in (||) operator. They act as a selection operators. It tries to evaluate the first operand if it is true, then it selects that value or else selects the other value. In this case, it evaluates the empty string '', converting it to boolean results in false and hence other operand's value 'a' is selected and stored in output variable",
                  "fullTitle": "Implicit Coercion * -> boolean Implicit coercion also happens in (||) operator. They act as a selection operators. It tries to evaluate the first operand if it is true, then it selects that value or else selects the other value. In this case, it evaluates the empty string '', converting it to boolean results in false and hence other operand's value 'a' is selected and stored in output variable",
                  "timedOut": false,
                  "duration": 0,
                  "state": "passed",
                  "speed": "fast",
                  "pass": true,
                  "fail": false,
                  "pending": false,
                  "context": null,
                  "code": "var a = '';\n\t\t\t\tvar output = a || 'a';\n\t\t\t\tassert.equal(typeof output, 'string');\n\t\t\t\tassert.equal(output, 'a');",
                  "err": {},
                  "uuid": "48151016-5bc0-43b4-b560-bd00cecf3c1e",
                  "parentUUID": "b8997d64-24b0-4564-9e84-2f68a8f028c7",
                  "isHook": false,
                  "skipped": false
                },
                {
                  "title": "Since (==) operator prefers to do number comparison and not boolean coercion as we would expect, we usually get strange results. Hence it is better to avoid (==) in the following cases\n\t\t\t\t* boolean comparisons (== true or == false)\n\t\t\t\t* comparisons to either [], '' or 0\n\t\t\t",
                  "fullTitle": "Implicit Coercion * -> boolean Since (==) operator prefers to do number comparison and not boolean coercion as we would expect, we usually get strange results. Hence it is better to avoid (==) in the following cases\n\t\t\t\t* boolean comparisons (== true or == false)\n\t\t\t\t* comparisons to either [], '' or 0\n\t\t\t",
                  "timedOut": false,
                  "duration": 0,
                  "state": "passed",
                  "speed": "fast",
                  "pass": true,
                  "fail": false,
                  "pending": false,
                  "context": null,
                  "code": "",
                  "err": {},
                  "uuid": "04dc1894-01f2-43af-b396-f0fa7d49b6b4",
                  "parentUUID": "b8997d64-24b0-4564-9e84-2f68a8f028c7",
                  "isHook": false,
                  "skipped": false
                }
              ],
              "suites": [],
              "passes": [
                "6c552a54-e79e-455b-8e7d-8ac08d59f518",
                "da66c5b7-0d0c-4819-8fcd-d645e5eac8cc",
                "36621315-31aa-40fa-8f23-44c19beb19fb",
                "d1d4312b-abe5-4ce1-afe2-b4932b24f359",
                "aaa160b3-192d-4380-84f4-a07d296b68d3",
                "23d632b0-8191-4092-80d6-af4bfc6f8e4a",
                "9a2f86d5-2d50-4fa4-9725-c940063f7a15",
                "a907098e-7859-4718-b864-17141a032c2e",
                "48151016-5bc0-43b4-b560-bd00cecf3c1e",
                "04dc1894-01f2-43af-b396-f0fa7d49b6b4"
              ],
              "failures": [],
              "pending": [],
              "skipped": [],
              "duration": 0,
              "root": false,
              "rootEmpty": false,
              "_timeout": 2000
            }
          ],
          "passes": [
            "36501d6d-ffda-402b-8079-a1409a12fc92"
          ],
          "failures": [],
          "pending": [],
          "skipped": [],
          "duration": 0,
          "root": false,
          "rootEmpty": false,
          "_timeout": 2000
        },
        {
          "uuid": "baa74c0b-169d-4cb9-b526-65907bf13597",
          "title": "Coercion Grid",
          "fullFile": "D:\\Work\\Development\\Language-Solutions\\Javascript\\JS_solutions\\src\\collection\\js-basics\\02_coercion\\03_coercion-grid\\index_docs.js",
          "file": "\\src\\collection\\js-basics\\02_coercion\\03_coercion-grid\\index_docs.js",
          "beforeHooks": [],
          "afterHooks": [],
          "tests": [
            {
              "title": "Coercion Grid is table which has all the cases indicating what the value coerces into. It serves as a guideline to what to expect if a coercion happens on that kind of value.",
              "fullTitle": "Coercion Grid Coercion Grid is table which has all the cases indicating what the value coerces into. It serves as a guideline to what to expect if a coercion happens on that kind of value.",
              "timedOut": false,
              "duration": 0,
              "state": "passed",
              "speed": "fast",
              "pass": true,
              "fail": false,
              "pending": false,
              "context": null,
              "code": "",
              "err": {},
              "uuid": "4f04bd84-3d5f-457f-b1b2-55cb1b80505e",
              "parentUUID": "baa74c0b-169d-4cb9-b526-65907bf13597",
              "isHook": false,
              "skipped": false
            },
            {
              "title": "There are two files - coercion-grid-WTF.png & coercion-grid-fixed.png",
              "fullTitle": "Coercion Grid There are two files - coercion-grid-WTF.png & coercion-grid-fixed.png",
              "timedOut": false,
              "duration": 0,
              "state": "passed",
              "speed": "fast",
              "pass": true,
              "fail": false,
              "pending": false,
              "context": null,
              "code": "",
              "err": {},
              "uuid": "b5524019-c9b8-4fea-8026-75f023f01d6e",
              "parentUUID": "baa74c0b-169d-4cb9-b526-65907bf13597",
              "isHook": false,
              "skipped": false
            }
          ],
          "suites": [
            {
              "uuid": "d019911d-9523-42f1-b819-4acda893e0a2",
              "title": "coercion-grid-WTF",
              "fullFile": "D:\\Work\\Development\\Language-Solutions\\Javascript\\JS_solutions\\src\\collection\\js-basics\\02_coercion\\03_coercion-grid\\index_docs.js",
              "file": "\\src\\collection\\js-basics\\02_coercion\\03_coercion-grid\\index_docs.js",
              "beforeHooks": [],
              "afterHooks": [],
              "tests": [
                {
                  "title": "It shows what are all the bad coercions in javascript. It is important to understand these to get predictable results. Even though we know it is non-sense, that's how the language is designed. Knowing the corner cases would help in getting predictable results.",
                  "fullTitle": "Coercion Grid coercion-grid-WTF It shows what are all the bad coercions in javascript. It is important to understand these to get predictable results. Even though we know it is non-sense, that's how the language is designed. Knowing the corner cases would help in getting predictable results.",
                  "timedOut": false,
                  "duration": 1,
                  "state": "passed",
                  "speed": "fast",
                  "pass": true,
                  "fail": false,
                  "pending": false,
                  "context": null,
                  "code": "",
                  "err": {},
                  "uuid": "5fb73dc2-3621-434d-a652-49ac74da96f3",
                  "parentUUID": "d019911d-9523-42f1-b819-4acda893e0a2",
                  "isHook": false,
                  "skipped": false
                }
              ],
              "suites": [],
              "passes": [
                "5fb73dc2-3621-434d-a652-49ac74da96f3"
              ],
              "failures": [],
              "pending": [],
              "skipped": [],
              "duration": 1,
              "root": false,
              "rootEmpty": false,
              "_timeout": 2000
            },
            {
              "uuid": "b599f911-fa39-42e9-814e-2ce6ba138a06",
              "title": "coercion-grid-fixed",
              "fullFile": "D:\\Work\\Development\\Language-Solutions\\Javascript\\JS_solutions\\src\\collection\\js-basics\\02_coercion\\03_coercion-grid\\index_docs.js",
              "file": "\\src\\collection\\js-basics\\02_coercion\\03_coercion-grid\\index_docs.js",
              "beforeHooks": [],
              "afterHooks": [],
              "tests": [
                {
                  "title": "It shows what if we fixed all the coercion bugs. What if we correctly coerce it to the value we think. Those values are included in this list.",
                  "fullTitle": "Coercion Grid coercion-grid-fixed It shows what if we fixed all the coercion bugs. What if we correctly coerce it to the value we think. Those values are included in this list.",
                  "timedOut": false,
                  "duration": 0,
                  "state": "passed",
                  "speed": "fast",
                  "pass": true,
                  "fail": false,
                  "pending": false,
                  "context": null,
                  "code": "",
                  "err": {},
                  "uuid": "c23e3862-f254-4f2f-94ac-e073ef153ed1",
                  "parentUUID": "b599f911-fa39-42e9-814e-2ce6ba138a06",
                  "isHook": false,
                  "skipped": false
                }
              ],
              "suites": [],
              "passes": [
                "c23e3862-f254-4f2f-94ac-e073ef153ed1"
              ],
              "failures": [],
              "pending": [],
              "skipped": [],
              "duration": 0,
              "root": false,
              "rootEmpty": false,
              "_timeout": 2000
            }
          ],
          "passes": [
            "4f04bd84-3d5f-457f-b1b2-55cb1b80505e",
            "b5524019-c9b8-4fea-8026-75f023f01d6e"
          ],
          "failures": [],
          "pending": [],
          "skipped": [],
          "duration": 0,
          "root": false,
          "rootEmpty": false,
          "_timeout": 2000
        },
        {
          "uuid": "a70a3963-5279-4ef7-82d9-78b68dc2f2de",
          "title": "[] == ![] results true",
          "fullFile": "D:\\Work\\Development\\Language-Solutions\\Javascript\\JS_solutions\\src\\collection\\js-basics\\02_coercion\\04_equality-example\\index_docs.js",
          "file": "\\src\\collection\\js-basics\\02_coercion\\04_equality-example\\index_docs.js",
          "beforeHooks": [],
          "afterHooks": [],
          "tests": [
            {
              "title": "As mentioned earlier, (==) operator prefers to compare number rather than comparing boolean. In this example, when the following statement is executed [] == ![], it results in true (weird!)",
              "fullTitle": "[] == ![] results true As mentioned earlier, (==) operator prefers to compare number rather than comparing boolean. In this example, when the following statement is executed [] == ![], it results in true (weird!)",
              "timedOut": false,
              "duration": 0,
              "state": "passed",
              "speed": "fast",
              "pass": true,
              "fail": false,
              "pending": false,
              "context": null,
              "code": "var output = ( [] == ![] );\nassert.equal(typeof output, 'boolean');\nassert.equal(output, true);",
              "err": {},
              "uuid": "ea117d8d-9a07-4587-972e-5aa36d532d8b",
              "parentUUID": "a70a3963-5279-4ef7-82d9-78b68dc2f2de",
              "isHook": false,
              "skipped": false
            },
            {
              "title": "We are going to go step by step into how javascript evaluates this statement to true, based on all the rules we learnt.",
              "fullTitle": "[] == ![] results true We are going to go step by step into how javascript evaluates this statement to true, based on all the rules we learnt.",
              "timedOut": false,
              "duration": 0,
              "state": "passed",
              "speed": "fast",
              "pass": true,
              "fail": false,
              "pending": false,
              "context": null,
              "code": "",
              "err": {},
              "uuid": "5aa07b92-ba76-441d-8a23-fe778e49cad2",
              "parentUUID": "a70a3963-5279-4ef7-82d9-78b68dc2f2de",
              "isHook": false,
              "skipped": false
            },
            {
              "title": "Initially, when the statement is executed, there is an operator precedence. So the negate operator (!) gets precedence and it operates on []. Since (!) operator only operates on boolean primitive and since [] is an object, it calls ToBoolean abstract operation, which results in true, because [] is not in the falsy list. So now it becomes ( [] == !true ). It now is operated by (!) operated which results in false ( [] == false ).",
              "fullTitle": "[] == ![] results true Initially, when the statement is executed, there is an operator precedence. So the negate operator (!) gets precedence and it operates on []. Since (!) operator only operates on boolean primitive and since [] is an object, it calls ToBoolean abstract operation, which results in true, because [] is not in the falsy list. So now it becomes ( [] == !true ). It now is operated by (!) operated which results in false ( [] == false ).",
              "timedOut": false,
              "duration": 0,
              "state": "passed",
              "speed": "fast",
              "pass": true,
              "fail": false,
              "pending": false,
              "context": null,
              "code": "",
              "err": {},
              "uuid": "6cefb9ff-56a5-44d6-8b0c-f099e16f229c",
              "parentUUID": "a70a3963-5279-4ef7-82d9-78b68dc2f2de",
              "isHook": false,
              "skipped": false
            },
            {
              "title": "Next, Since (==) operator prefers to do number comparison, the array [] on the LHS is to be converted to number primitive by ToNumber abstract operation. Since [] is an object, it runs ToPrimitive first, which results in '' ( '' == false). Now it runs ToNumber on it to get 0 ( 0 == false)",
              "fullTitle": "[] == ![] results true Next, Since (==) operator prefers to do number comparison, the array [] on the LHS is to be converted to number primitive by ToNumber abstract operation. Since [] is an object, it runs ToPrimitive first, which results in '' ( '' == false). Now it runs ToNumber on it to get 0 ( 0 == false)",
              "timedOut": false,
              "duration": 0,
              "state": "passed",
              "speed": "fast",
              "pass": true,
              "fail": false,
              "pending": false,
              "context": null,
              "code": "",
              "err": {},
              "uuid": "f70a7ea2-51e0-41ea-8da8-a241c64356dd",
              "parentUUID": "a70a3963-5279-4ef7-82d9-78b68dc2f2de",
              "isHook": false,
              "skipped": false
            },
            {
              "title": "Next, it tries to convert the RHS to the number, which results in 0 ( 0 == 0 ), which in turn gives us true",
              "fullTitle": "[] == ![] results true Next, it tries to convert the RHS to the number, which results in 0 ( 0 == 0 ), which in turn gives us true",
              "timedOut": false,
              "duration": 0,
              "state": "passed",
              "speed": "fast",
              "pass": true,
              "fail": false,
              "pending": false,
              "context": null,
              "code": "",
              "err": {},
              "uuid": "ce66859d-f779-47be-a478-694e8701561b",
              "parentUUID": "a70a3963-5279-4ef7-82d9-78b68dc2f2de",
              "isHook": false,
              "skipped": false
            },
            {
              "title": "To summarize, following are the steps\n\t\t\t1. [] == ![]\n\t\t\t2. [] == !true \t(Negate precedence -> ToBoolean -> true (as it is not in falsy list))\n\t\t\t3. [] == false \t(Negate operator)\n\t\t\t4. '' == false \t([] -> == operator -> ToNumber -> ToPrimitive -> '')\n\t\t\t5. 0  == false \t('' -> ToNumber -> 0)\n\t\t\t6. 0  == 0 \t\t(false -> ToNumber -> 0)\n\t\t\t7. true\n\t\t",
              "fullTitle": "[] == ![] results true To summarize, following are the steps\n\t\t\t1. [] == ![]\n\t\t\t2. [] == !true \t(Negate precedence -> ToBoolean -> true (as it is not in falsy list))\n\t\t\t3. [] == false \t(Negate operator)\n\t\t\t4. '' == false \t([] -> == operator -> ToNumber -> ToPrimitive -> '')\n\t\t\t5. 0  == false \t('' -> ToNumber -> 0)\n\t\t\t6. 0  == 0 \t\t(false -> ToNumber -> 0)\n\t\t\t7. true\n\t\t",
              "timedOut": false,
              "duration": 0,
              "state": "passed",
              "speed": "fast",
              "pass": true,
              "fail": false,
              "pending": false,
              "context": null,
              "code": "",
              "err": {},
              "uuid": "2622f7da-9c2b-4328-8b5d-2941cd1ef054",
              "parentUUID": "a70a3963-5279-4ef7-82d9-78b68dc2f2de",
              "isHook": false,
              "skipped": false
            },
            {
              "title": "It is more predictable, if we follow the steps that are written in specs, because it is what the javascript does. Even though it might seem counter-intuitive in some cases, if we know the rules, we can predict it beforehand.",
              "fullTitle": "[] == ![] results true It is more predictable, if we follow the steps that are written in specs, because it is what the javascript does. Even though it might seem counter-intuitive in some cases, if we know the rules, we can predict it beforehand.",
              "timedOut": false,
              "duration": 0,
              "state": "passed",
              "speed": "fast",
              "pass": true,
              "fail": false,
              "pending": false,
              "context": null,
              "code": "",
              "err": {},
              "uuid": "f1865dae-dbe8-4dd4-92d3-6b605fd363f7",
              "parentUUID": "a70a3963-5279-4ef7-82d9-78b68dc2f2de",
              "isHook": false,
              "skipped": false
            }
          ],
          "suites": [],
          "passes": [
            "ea117d8d-9a07-4587-972e-5aa36d532d8b",
            "5aa07b92-ba76-441d-8a23-fe778e49cad2",
            "6cefb9ff-56a5-44d6-8b0c-f099e16f229c",
            "f70a7ea2-51e0-41ea-8da8-a241c64356dd",
            "ce66859d-f779-47be-a478-694e8701561b",
            "2622f7da-9c2b-4328-8b5d-2941cd1ef054",
            "f1865dae-dbe8-4dd4-92d3-6b605fd363f7"
          ],
          "failures": [],
          "pending": [],
          "skipped": [],
          "duration": 0,
          "root": false,
          "rootEmpty": false,
          "_timeout": 2000
        }
      ],
      "passes": [],
      "failures": [],
      "pending": [],
      "skipped": [],
      "duration": 0,
      "root": true,
      "rootEmpty": true,
      "_timeout": 2000
    }
  ],
  "meta": {
    "mocha": {
      "version": "5.2.0"
    },
    "mochawesome": {
      "options": {
        "quiet": false,
        "reportFilename": "mochawesome",
        "saveHtml": true,
        "saveJson": true,
        "consoleReporter": "spec",
        "useInlineDiffs": false
      },
      "version": "4.1.0"
    },
    "marge": {
      "options": {
        "reportDir": "src/collection/js-basics/documentation"
      },
      "version": "4.0.1"
    }
  }
}